b77dcf45663a1b9c.js:1 [API REQUEST] Fetching: https://postgresql-production-ba08.up.railway.app/api/assets
b77dcf45663a1b9c.js:1 [API REQUEST] Fetching: https://postgresql-production-ba08.up.railway.app/api/asset-classes
b77dcf45663a1b9c.js:1 [API REQUEST] Fetching: https://postgresql-production-ba08.up.railway.app/api/affiliates/recommendations
b77dcf45663a1b9c.js:1 [API REQUEST] Fetching: https://postgresql-production-ba08.up.railway.app/api/simulate/custom-portfolio
b77dcf45663a1b9c.js:1 API Error [404]: {"detail":"Not Found"}
r @ b77dcf45663a1b9c.js:1
await in r
b @ 23ba9a0bb5ad7450.js:1
fn @ 5e8bb99c6544c73b.js:1
v @ b7e14a820a68e5c2.js:1
start @ b7e14a820a68e5c2.js:1
execute @ 5e8bb99c6544c73b.js:1
await in execute
mutate @ b77dcf45663a1b9c.js:1
(anonymous) @ b77dcf45663a1b9c.js:1
g @ 23ba9a0bb5ad7450.js:1
sY @ 034e3fd6b1c52e2b.js:1
(anonymous) @ 034e3fd6b1c52e2b.js:1
tD @ 034e3fd6b1c52e2b.js:1
s3 @ 034e3fd6b1c52e2b.js:1
fC @ 034e3fd6b1c52e2b.js:1
fP @ 034e3fd6b1c52e2b.js:1
b77dcf45663a1b9c.js:1 Fetch failed for https://postgresql-production-ba08.up.railway.app/api/simulate/custom-portfolio: Error: Not Found
    at r (b77dcf45663a1b9c.js:1:12628)
    at async Object.b [as mutationFn] (23ba9a0bb5ad7450.js:1:797)
r @ b77dcf45663a1b9c.js:1
await in r
b @ 23ba9a0bb5ad7450.js:1
fn @ 5e8bb99c6544c73b.js:1
v @ b7e14a820a68e5c2.js:1
start @ b7e14a820a68e5c2.js:1
execute @ 5e8bb99c6544c73b.js:1
await in execute
mutate @ b77dcf45663a1b9c.js:1
(anonymous) @ b77dcf45663a1b9c.js:1
g @ 23ba9a0bb5ad7450.js:1
sY @ 034e3fd6b1c52e2b.js:1
(anonymous) @ 034e3fd6b1c52e2b.js:1
tD @ 034e3fd6b1c52e2b.js:1
s3 @ 034e3fd6b1c52e2b.js:1
fC @ 034e3fd6b1c52e2b.js:1
fP @ 034e3fd6b1c52e2b.js:1
b77dcf45663a1b9c.js:1 [API REQUEST] Fetching: https://postgresql-production-ba08.up.railway.app/api/simulate/efficient-frontier
b77dcf45663a1b9c.js:1 [API REQUEST] Fetching: https://postgresql-production-ba08.up.railway.app/api/simulate/risk-parity
b77dcf45663a1b9c.js:1 [API REQUEST] Fetching: https://postgresql-production-ba08.up.railway.app/api/portfolios
b77dcf45663a1b9c.js:1 [API REQUEST] Fetching: https://postgresql-production-ba08.up.railway.app/api/assets
8003e70969fbe22e.js:24 TypeError: Failed to fetch
    at push.tm (8003e70969fbe22e.js:24:38565)
    at tU (8003e70969fbe22e.js:24:43505)
    at tN (8003e70969fbe22e.js:24:43033)
    at rh.signInWithPassword (8003e70969fbe22e.js:24:70174)
    at e (VM49 566395112686ea18.js:1:1102)
    at sY (034e3fd6b1c52e2b.js:1:161795)
    at 034e3fd6b1c52e2b.js:1:167683
    at tD (034e3fd6b1c52e2b.js:1:30290)
    at s3 (034e3fd6b1c52e2b.js:1:163028)
    at fC (034e3fd6b1c52e2b.js:1:198994)
tU @ 8003e70969fbe22e.js:24
await in tU
tN @ 8003e70969fbe22e.js:24
signInWithPassword @ 8003e70969fbe22e.js:24
e @ VM49 566395112686ea18.js:1
sY @ 034e3fd6b1c52e2b.js:1
(anonymous) @ 034e3fd6b1c52e2b.js:1
tD @ 034e3fd6b1c52e2b.js:1
s3 @ 034e3fd6b1c52e2b.js:1
fC @ 034e3fd6b1c52e2b.js:1
fP @ 034e3fd6b1c52e2b.js:1
8003e70969fbe22e.js:24 TypeError: Failed to fetch
    at push.tm (8003e70969fbe22e.js:24:38565)
    at tU (8003e70969fbe22e.js:24:43505)
    at tN (8003e70969fbe22e.js:24:43033)
    at rh.signUp (8003e70969fbe22e.js:24:68877)
    at e (VM47 5d4c977a7d4c6746.js:1:1143)
    at sY (034e3fd6b1c52e2b.js:1:161795)
    at 034e3fd6b1c52e2b.js:1:167683
    at tD (034e3fd6b1c52e2b.js:1:30290)
    at s3 (034e3fd6b1c52e2b.js:1:163028)
    at fC (034e3fd6b1c52e2b.js:1:198994)
tU @ 8003e70969fbe22e.js:24
await in tU
tN @ 8003e70969fbe22e.js:24
signUp @ 8003e70969fbe22e.js:24
e @ VM47 5d4c977a7d4c6746.js:1
sY @ 034e3fd6b1c52e2b.js:1
(anonymous) @ 034e3fd6b1c52e2b.js:1
tD @ 034e3fd6b1c52e2b.js:1
s3 @ 034e3fd6b1c52e2b.js:1
fC @ 034e3fd6b1c52e2b.js:1
fP @ 034e3fd6b1c52e2b.js:1
