4d3e2207fde00ff0.js:37 [Supabase Config] URL: https....co
4d3e2207fde00ff0.js:37 [Supabase Config] Key Length: 208
4d3e2207fde00ff0.js:37 [Supabase Probe] Basic connectivity: OK
b77dcf45663a1b9c.js:1 [API REQUEST] Fetching: https://postgresql-production-ba08.up.railway.app/api/assets
b77dcf45663a1b9c.js:1 [API REQUEST] Fetching: https://postgresql-production-ba08.up.railway.app/api/asset-classes
b77dcf45663a1b9c.js:1 [API REQUEST] Fetching: https://postgresql-production-ba08.up.railway.app/api/affiliates/recommendations
b77dcf45663a1b9c.js:1 [API REQUEST] Fetching: https://postgresql-production-ba08.up.railway.app/api/assets
b77dcf45663a1b9c.js:1 [API REQUEST] Fetching: https://postgresql-production-ba08.up.railway.app/api/asset-classes
b77dcf45663a1b9c.js:1 [API REQUEST] Fetching: https://postgresql-production-ba08.up.railway.app/api/simulate/efficient-frontier
b77dcf45663a1b9c.js:1 [API REQUEST] Fetching: https://postgresql-production-ba08.up.railway.app/api/simulate/risk-parity
b77dcf45663a1b9c.js:1 [API REQUEST] Fetching: https://postgresql-production-ba08.up.railway.app/api/portfolios
b77dcf45663a1b9c.js:1 [API REQUEST] Fetching: https://postgresql-production-ba08.up.railway.app/api/assets
b77dcf45663a1b9c.js:1 [API REQUEST] Fetching: https://postgresql-production-ba08.up.railway.app/api/assets
b77dcf45663a1b9c.js:1 [API REQUEST] Fetching: https://postgresql-production-ba08.up.railway.app/api/asset-classes
b77dcf45663a1b9c.js:1 [API REQUEST] Fetching: https://postgresql-production-ba08.up.railway.app/api/simulate/efficient-frontier
b77dcf45663a1b9c.js:1 [API REQUEST] Fetching: https://postgresql-production-ba08.up.railway.app/api/simulate/risk-parity
b77dcf45663a1b9c.js:1 [API REQUEST] Fetching: https://postgresql-production-ba08.up.railway.app/api/portfolios
b77dcf45663a1b9c.js:1 [API REQUEST] Fetching: https://postgresql-production-ba08.up.railway.app/api/simulate/custom-portfolio
b77dcf45663a1b9c.js:1 [API REQUEST] Fetching: https://postgresql-production-ba08.up.railway.app/api/portfolios
b77dcf45663a1b9c.js:1 [API REQUEST] Fetching: https://postgresql-production-ba08.up.railway.app/api/assets
b77dcf45663a1b9c.js:1 [API REQUEST] Fetching: https://postgresql-production-ba08.up.railway.app/api/asset-classes
b77dcf45663a1b9c.js:1 [API REQUEST] Fetching: https://postgresql-production-ba08.up.railway.app/api/portfolios
b77dcf45663a1b9c.js:1 [API REQUEST] Fetching: https://postgresql-production-ba08.up.railway.app/api/simulation-results
b77dcf45663a1b9c.js:1 [API REQUEST] Fetching: https://postgresql-production-ba08.up.railway.app/api/portfolios
b77dcf45663a1b9c.js:1 [API REQUEST] Fetching: https://postgresql-production-ba08.up.railway.app/api/assets
b77dcf45663a1b9c.js:1 [API REQUEST] Fetching: https://postgresql-production-ba08.up.railway.app/api/asset-classes
b77dcf45663a1b9c.js:1 [API REQUEST] Fetching: https://postgresql-production-ba08.up.railway.app/api/portfolios
b77dcf45663a1b9c.js:1 [API REQUEST] Fetching: https://postgresql-production-ba08.up.railway.app/api/portfolios
b77dcf45663a1b9c.js:1 [API REQUEST] Fetching: https://postgresql-production-ba08.up.railway.app/api/portfolios
b77dcf45663a1b9c.js:1 [API REQUEST] Fetching: https://postgresql-production-ba08.up.railway.app/api/portfolios
b77dcf45663a1b9c.js:1 [API REQUEST] Fetching: https://postgresql-production-ba08.up.railway.app/api/portfolios
b77dcf45663a1b9c.js:1 [API REQUEST] Fetching: https://postgresql-production-ba08.up.railway.app/api/assets
b77dcf45663a1b9c.js:1 [API REQUEST] Fetching: https://postgresql-production-ba08.up.railway.app/api/portfolios
b77dcf45663a1b9c.js:1 API Error [500]: {"detail":"Internal Server Error","request_id":"d64b6b76-3b40-4df4-a524-88ba4ae2456e"}
r @ b77dcf45663a1b9c.js:1
await in r
mutationFn @ VM1241 43e6c0d382a46eae.js:1
fn @ 5e8bb99c6544c73b.js:1
v @ b7e14a820a68e5c2.js:1
start @ b7e14a820a68e5c2.js:1
execute @ 5e8bb99c6544c73b.js:1
await in execute
mutate @ b77dcf45663a1b9c.js:1
(anonymous) @ b77dcf45663a1b9c.js:1
(anonymous) @ VM1241 43e6c0d382a46eae.js:1
(anonymous) @ VM1191 6e8c136c4140d95b.js:1
await in (anonymous)
sY @ 034e3fd6b1c52e2b.js:1
(anonymous) @ 034e3fd6b1c52e2b.js:1
tD @ 034e3fd6b1c52e2b.js:1
s3 @ 034e3fd6b1c52e2b.js:1
fC @ 034e3fd6b1c52e2b.js:1
fP @ 034e3fd6b1c52e2b.js:1
b77dcf45663a1b9c.js:1 Fetch failed for https://postgresql-production-ba08.up.railway.app/api/portfolios: Error: Internal Server Error
    at r (b77dcf45663a1b9c.js:1:12628)
r @ b77dcf45663a1b9c.js:1
await in r
mutationFn @ VM1241 43e6c0d382a46eae.js:1
fn @ 5e8bb99c6544c73b.js:1
v @ b7e14a820a68e5c2.js:1
start @ b7e14a820a68e5c2.js:1
execute @ 5e8bb99c6544c73b.js:1
await in execute
mutate @ b77dcf45663a1b9c.js:1
(anonymous) @ b77dcf45663a1b9c.js:1
(anonymous) @ VM1241 43e6c0d382a46eae.js:1
(anonymous) @ VM1191 6e8c136c4140d95b.js:1
await in (anonymous)
sY @ 034e3fd6b1c52e2b.js:1
(anonymous) @ 034e3fd6b1c52e2b.js:1
tD @ 034e3fd6b1c52e2b.js:1
s3 @ 034e3fd6b1c52e2b.js:1
fC @ 034e3fd6b1c52e2b.js:1
fP @ 034e3fd6b1c52e2b.js:1
