ba108d63a473ee18.js:24 TypeError: Failed to fetch
    at ba108d63a473ee18.js:24:38565
    at tD (ba108d63a473ee18.js:24:43505)
    at tU (ba108d63a473ee18.js:24:43033)
    at rd.signInWithPassword (ba108d63a473ee18.js:24:70174)
    at e (566395112686ea18.js:1:1102)
    at sY (034e3fd6b1c52e2b.js:1:161795)
    at 034e3fd6b1c52e2b.js:1:167683
    at tD (034e3fd6b1c52e2b.js:1:30290)
    at s3 (034e3fd6b1c52e2b.js:1:163028)
    at fC (034e3fd6b1c52e2b.js:1:198994)
tD @ ba108d63a473ee18.js:24
await in tD
tU @ ba108d63a473ee18.js:24
signInWithPassword @ ba108d63a473ee18.js:24
e @ 566395112686ea18.js:1
sY @ 034e3fd6b1c52e2b.js:1
(anonymous) @ 034e3fd6b1c52e2b.js:1
tD @ 034e3fd6b1c52e2b.js:1
s3 @ 034e3fd6b1c52e2b.js:1
fC @ 034e3fd6b1c52e2b.js:1
fP @ 034e3fd6b1c52e2b.js:1
