cf179e03ec9b3e2c.js:37 [Supabase Config] URL: https....co
cf179e03ec9b3e2c.js:37 [Supabase Config] Key Length: 208
cf179e03ec9b3e2c.js:37 [Supabase Probe] Basic connectivity: OK
8ec1db98e3ec2725.js:1 [API REQUEST] Fetching: https://postgresql-production-ba08.up.railway.app/api/market-summary
8ec1db98e3ec2725.js:1 [API REQUEST] Fetching: https://postgresql-production-ba08.up.railway.app/api/simulation-results
8ec1db98e3ec2725.js:1 API Error [404]: {"detail":"Not Found"}
r @ 8ec1db98e3ec2725.js:1
await in r
y @ 8ec1db98e3ec2725.js:1
a @ 06a951e76ddf59f0.js:1
v @ 06a951e76ddf59f0.js:1
start @ 06a951e76ddf59f0.js:1
fetch @ 06a951e76ddf59f0.js:1
#f @ 8ec1db98e3ec2725.js:1
onSubscribe @ 8ec1db98e3ec2725.js:1
subscribe @ 06a951e76ddf59f0.js:1
(anonymous) @ 8ec1db98e3ec2725.js:1
aF @ 034e3fd6b1c52e2b.js:1
ih @ 034e3fd6b1c52e2b.js:1
uf @ 034e3fd6b1c52e2b.js:1
uc @ 034e3fd6b1c52e2b.js:1
uf @ 034e3fd6b1c52e2b.js:1
uc @ 034e3fd6b1c52e2b.js:1
uf @ 034e3fd6b1c52e2b.js:1
uc @ 034e3fd6b1c52e2b.js:1
uf @ 034e3fd6b1c52e2b.js:1
uc @ 034e3fd6b1c52e2b.js:1
uf @ 034e3fd6b1c52e2b.js:1
uc @ 034e3fd6b1c52e2b.js:1
uf @ 034e3fd6b1c52e2b.js:1
uc @ 034e3fd6b1c52e2b.js:1
uf @ 034e3fd6b1c52e2b.js:1
uc @ 034e3fd6b1c52e2b.js:1
uf @ 034e3fd6b1c52e2b.js:1
uc @ 034e3fd6b1c52e2b.js:1
uf @ 034e3fd6b1c52e2b.js:1
uc @ 034e3fd6b1c52e2b.js:1
uf @ 034e3fd6b1c52e2b.js:1
uc @ 034e3fd6b1c52e2b.js:1
uf @ 034e3fd6b1c52e2b.js:1
uc @ 034e3fd6b1c52e2b.js:1
uf @ 034e3fd6b1c52e2b.js:1
uc @ 034e3fd6b1c52e2b.js:1
uf @ 034e3fd6b1c52e2b.js:1
uc @ 034e3fd6b1c52e2b.js:1
uf @ 034e3fd6b1c52e2b.js:1
uc @ 034e3fd6b1c52e2b.js:1
uf @ 034e3fd6b1c52e2b.js:1
uc @ 034e3fd6b1c52e2b.js:1
uf @ 034e3fd6b1c52e2b.js:1
uc @ 034e3fd6b1c52e2b.js:1
uf @ 034e3fd6b1c52e2b.js:1
uc @ 034e3fd6b1c52e2b.js:1
uf @ 034e3fd6b1c52e2b.js:1
uc @ 034e3fd6b1c52e2b.js:1
uf @ 034e3fd6b1c52e2b.js:1
uc @ 034e3fd6b1c52e2b.js:1
uf @ 034e3fd6b1c52e2b.js:1
uc @ 034e3fd6b1c52e2b.js:1
uf @ 034e3fd6b1c52e2b.js:1
uc @ 034e3fd6b1c52e2b.js:1
uf @ 034e3fd6b1c52e2b.js:1
uc @ 034e3fd6b1c52e2b.js:1
uf @ 034e3fd6b1c52e2b.js:1
uc @ 034e3fd6b1c52e2b.js:1
uf @ 034e3fd6b1c52e2b.js:1
uc @ 034e3fd6b1c52e2b.js:1
uf @ 034e3fd6b1c52e2b.js:1
uc @ 034e3fd6b1c52e2b.js:1
uf @ 034e3fd6b1c52e2b.js:1
uc @ 034e3fd6b1c52e2b.js:1
uf @ 034e3fd6b1c52e2b.js:1
uc @ 034e3fd6b1c52e2b.js:1
uf @ 034e3fd6b1c52e2b.js:1
uc @ 034e3fd6b1c52e2b.js:1
uf @ 034e3fd6b1c52e2b.js:1
uc @ 034e3fd6b1c52e2b.js:1
uf @ 034e3fd6b1c52e2b.js:1
uc @ 034e3fd6b1c52e2b.js:1
uf @ 034e3fd6b1c52e2b.js:1
uc @ 034e3fd6b1c52e2b.js:1
uf @ 034e3fd6b1c52e2b.js:1
uc @ 034e3fd6b1c52e2b.js:1
uf @ 034e3fd6b1c52e2b.js:1
uc @ 034e3fd6b1c52e2b.js:1
uf @ 034e3fd6b1c52e2b.js:1
uc @ 034e3fd6b1c52e2b.js:1
uf @ 034e3fd6b1c52e2b.js:1
uc @ 034e3fd6b1c52e2b.js:1
uf @ 034e3fd6b1c52e2b.js:1
uc @ 034e3fd6b1c52e2b.js:1
uf @ 034e3fd6b1c52e2b.js:1
uc @ 034e3fd6b1c52e2b.js:1
uf @ 034e3fd6b1c52e2b.js:1
uc @ 034e3fd6b1c52e2b.js:1
uf @ 034e3fd6b1c52e2b.js:1
uc @ 034e3fd6b1c52e2b.js:1
uf @ 034e3fd6b1c52e2b.js:1
uc @ 034e3fd6b1c52e2b.js:1
uf @ 034e3fd6b1c52e2b.js:1
uc @ 034e3fd6b1c52e2b.js:1
uf @ 034e3fd6b1c52e2b.js:1
uc @ 034e3fd6b1c52e2b.js:1
uf @ 034e3fd6b1c52e2b.js:1
uc @ 034e3fd6b1c52e2b.js:1
uf @ 034e3fd6b1c52e2b.js:1
uc @ 034e3fd6b1c52e2b.js:1
uf @ 034e3fd6b1c52e2b.js:1
uc @ 034e3fd6b1c52e2b.js:1
uf @ 034e3fd6b1c52e2b.js:1
uc @ 034e3fd6b1c52e2b.js:1
uf @ 034e3fd6b1c52e2b.js:1
uc @ 034e3fd6b1c52e2b.js:1
uf @ 034e3fd6b1c52e2b.js:1
uc @ 034e3fd6b1c52e2b.js:1
uf @ 034e3fd6b1c52e2b.js:1
uc @ 034e3fd6b1c52e2b.js:1
uf @ 034e3fd6b1c52e2b.js:1
uc @ 034e3fd6b1c52e2b.js:1
uf @ 034e3fd6b1c52e2b.js:1
uc @ 034e3fd6b1c52e2b.js:1
uf @ 034e3fd6b1c52e2b.js:1
uc @ 034e3fd6b1c52e2b.js:1
uf @ 034e3fd6b1c52e2b.js:1
uc @ 034e3fd6b1c52e2b.js:1
uf @ 034e3fd6b1c52e2b.js:1
uc @ 034e3fd6b1c52e2b.js:1
uf @ 034e3fd6b1c52e2b.js:1
uc @ 034e3fd6b1c52e2b.js:1
uf @ 034e3fd6b1c52e2b.js:1
uc @ 034e3fd6b1c52e2b.js:1
uf @ 034e3fd6b1c52e2b.js:1
uc @ 034e3fd6b1c52e2b.js:1
uf @ 034e3fd6b1c52e2b.js:1
uc @ 034e3fd6b1c52e2b.js:1
uf @ 034e3fd6b1c52e2b.js:1
uc @ 034e3fd6b1c52e2b.js:1
uf @ 034e3fd6b1c52e2b.js:1
uc @ 034e3fd6b1c52e2b.js:1
uf @ 034e3fd6b1c52e2b.js:1
uc @ 034e3fd6b1c52e2b.js:1
uf @ 034e3fd6b1c52e2b.js:1
uc @ 034e3fd6b1c52e2b.js:1
uf @ 034e3fd6b1c52e2b.js:1
uc @ 034e3fd6b1c52e2b.js:1
uf @ 034e3fd6b1c52e2b.js:1
uc @ 034e3fd6b1c52e2b.js:1
uf @ 034e3fd6b1c52e2b.js:1
uc @ 034e3fd6b1c52e2b.js:1
uf @ 034e3fd6b1c52e2b.js:1
uc @ 034e3fd6b1c52e2b.js:1
uf @ 034e3fd6b1c52e2b.js:1
uc @ 034e3fd6b1c52e2b.js:1
uf @ 034e3fd6b1c52e2b.js:1
uc @ 034e3fd6b1c52e2b.js:1
uf @ 034e3fd6b1c52e2b.js:1
uc @ 034e3fd6b1c52e2b.js:1
uf @ 034e3fd6b1c52e2b.js:1
uc @ 034e3fd6b1c52e2b.js:1
uf @ 034e3fd6b1c52e2b.js:1
uc @ 034e3fd6b1c52e2b.js:1
uf @ 034e3fd6b1c52e2b.js:1
uc @ 034e3fd6b1c52e2b.js:1
uf @ 034e3fd6b1c52e2b.js:1
uc @ 034e3fd6b1c52e2b.js:1
uf @ 034e3fd6b1c52e2b.js:1
uc @ 034e3fd6b1c52e2b.js:1
uf @ 034e3fd6b1c52e2b.js:1
uc @ 034e3fd6b1c52e2b.js:1
uf @ 034e3fd6b1c52e2b.js:1
sE @ 034e3fd6b1c52e2b.js:1
(anonymous) @ 034e3fd6b1c52e2b.js:1
O @ 034e3fd6b1c52e2b.js:1
postMessage
i @ 034e3fd6b1c52e2b.js:1
O @ 034e3fd6b1c52e2b.js:1
postMessage
i @ 034e3fd6b1c52e2b.js:1
O @ 034e3fd6b1c52e2b.js:1
postMessage
i @ 034e3fd6b1c52e2b.js:1
O @ 034e3fd6b1c52e2b.js:1
postMessage
i @ 034e3fd6b1c52e2b.js:1
O @ 034e3fd6b1c52e2b.js:1
postMessage
i @ 034e3fd6b1c52e2b.js:1
n.unstable_scheduleCallback @ 034e3fd6b1c52e2b.js:1
sB @ 034e3fd6b1c52e2b.js:1
sU @ 034e3fd6b1c52e2b.js:1
(anonymous) @ 034e3fd6b1c52e2b.js:1
8ec1db98e3ec2725.js:1 Fetch failed for https://postgresql-production-ba08.up.railway.app/api/market-summary: Error: Not Found
    at r (8ec1db98e3ec2725.js:1:12836)
r @ 8ec1db98e3ec2725.js:1
await in r
y @ 8ec1db98e3ec2725.js:1
a @ 06a951e76ddf59f0.js:1
v @ 06a951e76ddf59f0.js:1
start @ 06a951e76ddf59f0.js:1
fetch @ 06a951e76ddf59f0.js:1
#f @ 8ec1db98e3ec2725.js:1
onSubscribe @ 8ec1db98e3ec2725.js:1
subscribe @ 06a951e76ddf59f0.js:1
(anonymous) @ 8ec1db98e3ec2725.js:1
aF @ 034e3fd6b1c52e2b.js:1
ih @ 034e3fd6b1c52e2b.js:1
uf @ 034e3fd6b1c52e2b.js:1
uc @ 034e3fd6b1c52e2b.js:1
uf @ 034e3fd6b1c52e2b.js:1
uc @ 034e3fd6b1c52e2b.js:1
uf @ 034e3fd6b1c52e2b.js:1
uc @ 034e3fd6b1c52e2b.js:1
uf @ 034e3fd6b1c52e2b.js:1
uc @ 034e3fd6b1c52e2b.js:1
uf @ 034e3fd6b1c52e2b.js:1
uc @ 034e3fd6b1c52e2b.js:1
uf @ 034e3fd6b1c52e2b.js:1
uc @ 034e3fd6b1c52e2b.js:1
uf @ 034e3fd6b1c52e2b.js:1
uc @ 034e3fd6b1c52e2b.js:1
uf @ 034e3fd6b1c52e2b.js:1
uc @ 034e3fd6b1c52e2b.js:1
uf @ 034e3fd6b1c52e2b.js:1
uc @ 034e3fd6b1c52e2b.js:1
uf @ 034e3fd6b1c52e2b.js:1
uc @ 034e3fd6b1c52e2b.js:1
uf @ 034e3fd6b1c52e2b.js:1
uc @ 034e3fd6b1c52e2b.js:1
uf @ 034e3fd6b1c52e2b.js:1
uc @ 034e3fd6b1c52e2b.js:1
uf @ 034e3fd6b1c52e2b.js:1
uc @ 034e3fd6b1c52e2b.js:1
uf @ 034e3fd6b1c52e2b.js:1
uc @ 034e3fd6b1c52e2b.js:1
uf @ 034e3fd6b1c52e2b.js:1
uc @ 034e3fd6b1c52e2b.js:1
uf @ 034e3fd6b1c52e2b.js:1
uc @ 034e3fd6b1c52e2b.js:1
uf @ 034e3fd6b1c52e2b.js:1
uc @ 034e3fd6b1c52e2b.js:1
uf @ 034e3fd6b1c52e2b.js:1
uc @ 034e3fd6b1c52e2b.js:1
uf @ 034e3fd6b1c52e2b.js:1
uc @ 034e3fd6b1c52e2b.js:1
uf @ 034e3fd6b1c52e2b.js:1
uc @ 034e3fd6b1c52e2b.js:1
uf @ 034e3fd6b1c52e2b.js:1
uc @ 034e3fd6b1c52e2b.js:1
uf @ 034e3fd6b1c52e2b.js:1
uc @ 034e3fd6b1c52e2b.js:1
uf @ 034e3fd6b1c52e2b.js:1
uc @ 034e3fd6b1c52e2b.js:1
uf @ 034e3fd6b1c52e2b.js:1
uc @ 034e3fd6b1c52e2b.js:1
uf @ 034e3fd6b1c52e2b.js:1
uc @ 034e3fd6b1c52e2b.js:1
uf @ 034e3fd6b1c52e2b.js:1
uc @ 034e3fd6b1c52e2b.js:1
uf @ 034e3fd6b1c52e2b.js:1
uc @ 034e3fd6b1c52e2b.js:1
uf @ 034e3fd6b1c52e2b.js:1
uc @ 034e3fd6b1c52e2b.js:1
uf @ 034e3fd6b1c52e2b.js:1
uc @ 034e3fd6b1c52e2b.js:1
uf @ 034e3fd6b1c52e2b.js:1
uc @ 034e3fd6b1c52e2b.js:1
uf @ 034e3fd6b1c52e2b.js:1
uc @ 034e3fd6b1c52e2b.js:1
uf @ 034e3fd6b1c52e2b.js:1
uc @ 034e3fd6b1c52e2b.js:1
uf @ 034e3fd6b1c52e2b.js:1
uc @ 034e3fd6b1c52e2b.js:1
uf @ 034e3fd6b1c52e2b.js:1
uc @ 034e3fd6b1c52e2b.js:1
uf @ 034e3fd6b1c52e2b.js:1
uc @ 034e3fd6b1c52e2b.js:1
uf @ 034e3fd6b1c52e2b.js:1
uc @ 034e3fd6b1c52e2b.js:1
uf @ 034e3fd6b1c52e2b.js:1
uc @ 034e3fd6b1c52e2b.js:1
uf @ 034e3fd6b1c52e2b.js:1
uc @ 034e3fd6b1c52e2b.js:1
uf @ 034e3fd6b1c52e2b.js:1
uc @ 034e3fd6b1c52e2b.js:1
uf @ 034e3fd6b1c52e2b.js:1
uc @ 034e3fd6b1c52e2b.js:1
uf @ 034e3fd6b1c52e2b.js:1
uc @ 034e3fd6b1c52e2b.js:1
uf @ 034e3fd6b1c52e2b.js:1
uc @ 034e3fd6b1c52e2b.js:1
uf @ 034e3fd6b1c52e2b.js:1
uc @ 034e3fd6b1c52e2b.js:1
uf @ 034e3fd6b1c52e2b.js:1
uc @ 034e3fd6b1c52e2b.js:1
uf @ 034e3fd6b1c52e2b.js:1
uc @ 034e3fd6b1c52e2b.js:1
uf @ 034e3fd6b1c52e2b.js:1
uc @ 034e3fd6b1c52e2b.js:1
uf @ 034e3fd6b1c52e2b.js:1
uc @ 034e3fd6b1c52e2b.js:1
uf @ 034e3fd6b1c52e2b.js:1
uc @ 034e3fd6b1c52e2b.js:1
uf @ 034e3fd6b1c52e2b.js:1
uc @ 034e3fd6b1c52e2b.js:1
uf @ 034e3fd6b1c52e2b.js:1
uc @ 034e3fd6b1c52e2b.js:1
uf @ 034e3fd6b1c52e2b.js:1
uc @ 034e3fd6b1c52e2b.js:1
uf @ 034e3fd6b1c52e2b.js:1
uc @ 034e3fd6b1c52e2b.js:1
uf @ 034e3fd6b1c52e2b.js:1
uc @ 034e3fd6b1c52e2b.js:1
uf @ 034e3fd6b1c52e2b.js:1
uc @ 034e3fd6b1c52e2b.js:1
uf @ 034e3fd6b1c52e2b.js:1
uc @ 034e3fd6b1c52e2b.js:1
uf @ 034e3fd6b1c52e2b.js:1
uc @ 034e3fd6b1c52e2b.js:1
uf @ 034e3fd6b1c52e2b.js:1
uc @ 034e3fd6b1c52e2b.js:1
uf @ 034e3fd6b1c52e2b.js:1
uc @ 034e3fd6b1c52e2b.js:1
uf @ 034e3fd6b1c52e2b.js:1
uc @ 034e3fd6b1c52e2b.js:1
uf @ 034e3fd6b1c52e2b.js:1
uc @ 034e3fd6b1c52e2b.js:1
uf @ 034e3fd6b1c52e2b.js:1
uc @ 034e3fd6b1c52e2b.js:1
uf @ 034e3fd6b1c52e2b.js:1
uc @ 034e3fd6b1c52e2b.js:1
uf @ 034e3fd6b1c52e2b.js:1
uc @ 034e3fd6b1c52e2b.js:1
uf @ 034e3fd6b1c52e2b.js:1
uc @ 034e3fd6b1c52e2b.js:1
uf @ 034e3fd6b1c52e2b.js:1
uc @ 034e3fd6b1c52e2b.js:1
uf @ 034e3fd6b1c52e2b.js:1
uc @ 034e3fd6b1c52e2b.js:1
uf @ 034e3fd6b1c52e2b.js:1
uc @ 034e3fd6b1c52e2b.js:1
uf @ 034e3fd6b1c52e2b.js:1
uc @ 034e3fd6b1c52e2b.js:1
uf @ 034e3fd6b1c52e2b.js:1
uc @ 034e3fd6b1c52e2b.js:1
uf @ 034e3fd6b1c52e2b.js:1
uc @ 034e3fd6b1c52e2b.js:1
uf @ 034e3fd6b1c52e2b.js:1
uc @ 034e3fd6b1c52e2b.js:1
uf @ 034e3fd6b1c52e2b.js:1
uc @ 034e3fd6b1c52e2b.js:1
uf @ 034e3fd6b1c52e2b.js:1
uc @ 034e3fd6b1c52e2b.js:1
uf @ 034e3fd6b1c52e2b.js:1
uc @ 034e3fd6b1c52e2b.js:1
uf @ 034e3fd6b1c52e2b.js:1
uc @ 034e3fd6b1c52e2b.js:1
uf @ 034e3fd6b1c52e2b.js:1
sE @ 034e3fd6b1c52e2b.js:1
(anonymous) @ 034e3fd6b1c52e2b.js:1
O @ 034e3fd6b1c52e2b.js:1
postMessage
i @ 034e3fd6b1c52e2b.js:1
O @ 034e3fd6b1c52e2b.js:1
postMessage
i @ 034e3fd6b1c52e2b.js:1
O @ 034e3fd6b1c52e2b.js:1
postMessage
i @ 034e3fd6b1c52e2b.js:1
O @ 034e3fd6b1c52e2b.js:1
postMessage
i @ 034e3fd6b1c52e2b.js:1
O @ 034e3fd6b1c52e2b.js:1
postMessage
i @ 034e3fd6b1c52e2b.js:1
n.unstable_scheduleCallback @ 034e3fd6b1c52e2b.js:1
sB @ 034e3fd6b1c52e2b.js:1
sU @ 034e3fd6b1c52e2b.js:1
(anonymous) @ 034e3fd6b1c52e2b.js:1
8ec1db98e3ec2725.js:1 [API REQUEST] Fetching: https://postgresql-production-ba08.up.railway.app/api/market-summary
8ec1db98e3ec2725.js:1 API Error [404]: {"detail":"Not Found"}
r @ 8ec1db98e3ec2725.js:1
await in r
y @ 8ec1db98e3ec2725.js:1
a @ 06a951e76ddf59f0.js:1
v @ 06a951e76ddf59f0.js:1
(anonymous) @ 06a951e76ddf59f0.js:1
Promise.then
(anonymous) @ 06a951e76ddf59f0.js:1
Promise.catch
v @ 06a951e76ddf59f0.js:1
start @ 06a951e76ddf59f0.js:1
fetch @ 06a951e76ddf59f0.js:1
#f @ 8ec1db98e3ec2725.js:1
onSubscribe @ 8ec1db98e3ec2725.js:1
subscribe @ 06a951e76ddf59f0.js:1
(anonymous) @ 8ec1db98e3ec2725.js:1
aF @ 034e3fd6b1c52e2b.js:1
ih @ 034e3fd6b1c52e2b.js:1
uf @ 034e3fd6b1c52e2b.js:1
uc @ 034e3fd6b1c52e2b.js:1
uf @ 034e3fd6b1c52e2b.js:1
uc @ 034e3fd6b1c52e2b.js:1
uf @ 034e3fd6b1c52e2b.js:1
uc @ 034e3fd6b1c52e2b.js:1
uf @ 034e3fd6b1c52e2b.js:1
uc @ 034e3fd6b1c52e2b.js:1
uf @ 034e3fd6b1c52e2b.js:1
uc @ 034e3fd6b1c52e2b.js:1
uf @ 034e3fd6b1c52e2b.js:1
uc @ 034e3fd6b1c52e2b.js:1
uf @ 034e3fd6b1c52e2b.js:1
uc @ 034e3fd6b1c52e2b.js:1
uf @ 034e3fd6b1c52e2b.js:1
uc @ 034e3fd6b1c52e2b.js:1
uf @ 034e3fd6b1c52e2b.js:1
uc @ 034e3fd6b1c52e2b.js:1
uf @ 034e3fd6b1c52e2b.js:1
uc @ 034e3fd6b1c52e2b.js:1
uf @ 034e3fd6b1c52e2b.js:1
uc @ 034e3fd6b1c52e2b.js:1
uf @ 034e3fd6b1c52e2b.js:1
uc @ 034e3fd6b1c52e2b.js:1
uf @ 034e3fd6b1c52e2b.js:1
uc @ 034e3fd6b1c52e2b.js:1
uf @ 034e3fd6b1c52e2b.js:1
uc @ 034e3fd6b1c52e2b.js:1
uf @ 034e3fd6b1c52e2b.js:1
uc @ 034e3fd6b1c52e2b.js:1
uf @ 034e3fd6b1c52e2b.js:1
uc @ 034e3fd6b1c52e2b.js:1
uf @ 034e3fd6b1c52e2b.js:1
uc @ 034e3fd6b1c52e2b.js:1
uf @ 034e3fd6b1c52e2b.js:1
uc @ 034e3fd6b1c52e2b.js:1
uf @ 034e3fd6b1c52e2b.js:1
uc @ 034e3fd6b1c52e2b.js:1
uf @ 034e3fd6b1c52e2b.js:1
uc @ 034e3fd6b1c52e2b.js:1
uf @ 034e3fd6b1c52e2b.js:1
uc @ 034e3fd6b1c52e2b.js:1
uf @ 034e3fd6b1c52e2b.js:1
uc @ 034e3fd6b1c52e2b.js:1
uf @ 034e3fd6b1c52e2b.js:1
uc @ 034e3fd6b1c52e2b.js:1
uf @ 034e3fd6b1c52e2b.js:1
uc @ 034e3fd6b1c52e2b.js:1
uf @ 034e3fd6b1c52e2b.js:1
uc @ 034e3fd6b1c52e2b.js:1
uf @ 034e3fd6b1c52e2b.js:1
uc @ 034e3fd6b1c52e2b.js:1
uf @ 034e3fd6b1c52e2b.js:1
uc @ 034e3fd6b1c52e2b.js:1
uf @ 034e3fd6b1c52e2b.js:1
uc @ 034e3fd6b1c52e2b.js:1
uf @ 034e3fd6b1c52e2b.js:1
uc @ 034e3fd6b1c52e2b.js:1
uf @ 034e3fd6b1c52e2b.js:1
uc @ 034e3fd6b1c52e2b.js:1
uf @ 034e3fd6b1c52e2b.js:1
uc @ 034e3fd6b1c52e2b.js:1
uf @ 034e3fd6b1c52e2b.js:1
uc @ 034e3fd6b1c52e2b.js:1
uf @ 034e3fd6b1c52e2b.js:1
uc @ 034e3fd6b1c52e2b.js:1
uf @ 034e3fd6b1c52e2b.js:1
uc @ 034e3fd6b1c52e2b.js:1
uf @ 034e3fd6b1c52e2b.js:1
uc @ 034e3fd6b1c52e2b.js:1
uf @ 034e3fd6b1c52e2b.js:1
uc @ 034e3fd6b1c52e2b.js:1
uf @ 034e3fd6b1c52e2b.js:1
uc @ 034e3fd6b1c52e2b.js:1
uf @ 034e3fd6b1c52e2b.js:1
uc @ 034e3fd6b1c52e2b.js:1
uf @ 034e3fd6b1c52e2b.js:1
uc @ 034e3fd6b1c52e2b.js:1
uf @ 034e3fd6b1c52e2b.js:1
uc @ 034e3fd6b1c52e2b.js:1
uf @ 034e3fd6b1c52e2b.js:1
uc @ 034e3fd6b1c52e2b.js:1
uf @ 034e3fd6b1c52e2b.js:1
uc @ 034e3fd6b1c52e2b.js:1
uf @ 034e3fd6b1c52e2b.js:1
uc @ 034e3fd6b1c52e2b.js:1
uf @ 034e3fd6b1c52e2b.js:1
uc @ 034e3fd6b1c52e2b.js:1
uf @ 034e3fd6b1c52e2b.js:1
uc @ 034e3fd6b1c52e2b.js:1
uf @ 034e3fd6b1c52e2b.js:1
uc @ 034e3fd6b1c52e2b.js:1
uf @ 034e3fd6b1c52e2b.js:1
uc @ 034e3fd6b1c52e2b.js:1
uf @ 034e3fd6b1c52e2b.js:1
uc @ 034e3fd6b1c52e2b.js:1
uf @ 034e3fd6b1c52e2b.js:1
uc @ 034e3fd6b1c52e2b.js:1
uf @ 034e3fd6b1c52e2b.js:1
uc @ 034e3fd6b1c52e2b.js:1
uf @ 034e3fd6b1c52e2b.js:1
uc @ 034e3fd6b1c52e2b.js:1
uf @ 034e3fd6b1c52e2b.js:1
uc @ 034e3fd6b1c52e2b.js:1
uf @ 034e3fd6b1c52e2b.js:1
uc @ 034e3fd6b1c52e2b.js:1
uf @ 034e3fd6b1c52e2b.js:1
uc @ 034e3fd6b1c52e2b.js:1
uf @ 034e3fd6b1c52e2b.js:1
uc @ 034e3fd6b1c52e2b.js:1
uf @ 034e3fd6b1c52e2b.js:1
uc @ 034e3fd6b1c52e2b.js:1
uf @ 034e3fd6b1c52e2b.js:1
uc @ 034e3fd6b1c52e2b.js:1
uf @ 034e3fd6b1c52e2b.js:1
uc @ 034e3fd6b1c52e2b.js:1
uf @ 034e3fd6b1c52e2b.js:1
uc @ 034e3fd6b1c52e2b.js:1
uf @ 034e3fd6b1c52e2b.js:1
uc @ 034e3fd6b1c52e2b.js:1
uf @ 034e3fd6b1c52e2b.js:1
uc @ 034e3fd6b1c52e2b.js:1
uf @ 034e3fd6b1c52e2b.js:1
uc @ 034e3fd6b1c52e2b.js:1
uf @ 034e3fd6b1c52e2b.js:1
uc @ 034e3fd6b1c52e2b.js:1
uf @ 034e3fd6b1c52e2b.js:1
uc @ 034e3fd6b1c52e2b.js:1
uf @ 034e3fd6b1c52e2b.js:1
uc @ 034e3fd6b1c52e2b.js:1
uf @ 034e3fd6b1c52e2b.js:1
uc @ 034e3fd6b1c52e2b.js:1
uf @ 034e3fd6b1c52e2b.js:1
uc @ 034e3fd6b1c52e2b.js:1
uf @ 034e3fd6b1c52e2b.js:1
uc @ 034e3fd6b1c52e2b.js:1
uf @ 034e3fd6b1c52e2b.js:1
uc @ 034e3fd6b1c52e2b.js:1
uf @ 034e3fd6b1c52e2b.js:1
uc @ 034e3fd6b1c52e2b.js:1
uf @ 034e3fd6b1c52e2b.js:1
uc @ 034e3fd6b1c52e2b.js:1
uf @ 034e3fd6b1c52e2b.js:1
uc @ 034e3fd6b1c52e2b.js:1
uf @ 034e3fd6b1c52e2b.js:1
uc @ 034e3fd6b1c52e2b.js:1
uf @ 034e3fd6b1c52e2b.js:1
uc @ 034e3fd6b1c52e2b.js:1
uf @ 034e3fd6b1c52e2b.js:1
uc @ 034e3fd6b1c52e2b.js:1
uf @ 034e3fd6b1c52e2b.js:1
sE @ 034e3fd6b1c52e2b.js:1
(anonymous) @ 034e3fd6b1c52e2b.js:1
O @ 034e3fd6b1c52e2b.js:1
postMessage
i @ 034e3fd6b1c52e2b.js:1
O @ 034e3fd6b1c52e2b.js:1
postMessage
i @ 034e3fd6b1c52e2b.js:1
O @ 034e3fd6b1c52e2b.js:1
postMessage
i @ 034e3fd6b1c52e2b.js:1
O @ 034e3fd6b1c52e2b.js:1
postMessage
i @ 034e3fd6b1c52e2b.js:1
O @ 034e3fd6b1c52e2b.js:1
postMessage
i @ 034e3fd6b1c52e2b.js:1
n.unstable_scheduleCallback @ 034e3fd6b1c52e2b.js:1
sB @ 034e3fd6b1c52e2b.js:1
sU @ 034e3fd6b1c52e2b.js:1
(anonymous) @ 034e3fd6b1c52e2b.js:1
8ec1db98e3ec2725.js:1 Fetch failed for https://postgresql-production-ba08.up.railway.app/api/market-summary: Error: Not Found
    at r (8ec1db98e3ec2725.js:1:12836)
r @ 8ec1db98e3ec2725.js:1
await in r
y @ 8ec1db98e3ec2725.js:1
a @ 06a951e76ddf59f0.js:1
v @ 06a951e76ddf59f0.js:1
(anonymous) @ 06a951e76ddf59f0.js:1
Promise.then
(anonymous) @ 06a951e76ddf59f0.js:1
Promise.catch
v @ 06a951e76ddf59f0.js:1
start @ 06a951e76ddf59f0.js:1
fetch @ 06a951e76ddf59f0.js:1
#f @ 8ec1db98e3ec2725.js:1
onSubscribe @ 8ec1db98e3ec2725.js:1
subscribe @ 06a951e76ddf59f0.js:1
(anonymous) @ 8ec1db98e3ec2725.js:1
aF @ 034e3fd6b1c52e2b.js:1
ih @ 034e3fd6b1c52e2b.js:1
uf @ 034e3fd6b1c52e2b.js:1
uc @ 034e3fd6b1c52e2b.js:1
uf @ 034e3fd6b1c52e2b.js:1
uc @ 034e3fd6b1c52e2b.js:1
uf @ 034e3fd6b1c52e2b.js:1
uc @ 034e3fd6b1c52e2b.js:1
uf @ 034e3fd6b1c52e2b.js:1
uc @ 034e3fd6b1c52e2b.js:1
uf @ 034e3fd6b1c52e2b.js:1
uc @ 034e3fd6b1c52e2b.js:1
uf @ 034e3fd6b1c52e2b.js:1
uc @ 034e3fd6b1c52e2b.js:1
uf @ 034e3fd6b1c52e2b.js:1
uc @ 034e3fd6b1c52e2b.js:1
uf @ 034e3fd6b1c52e2b.js:1
uc @ 034e3fd6b1c52e2b.js:1
uf @ 034e3fd6b1c52e2b.js:1
uc @ 034e3fd6b1c52e2b.js:1
uf @ 034e3fd6b1c52e2b.js:1
uc @ 034e3fd6b1c52e2b.js:1
uf @ 034e3fd6b1c52e2b.js:1
uc @ 034e3fd6b1c52e2b.js:1
uf @ 034e3fd6b1c52e2b.js:1
uc @ 034e3fd6b1c52e2b.js:1
uf @ 034e3fd6b1c52e2b.js:1
uc @ 034e3fd6b1c52e2b.js:1
uf @ 034e3fd6b1c52e2b.js:1
uc @ 034e3fd6b1c52e2b.js:1
uf @ 034e3fd6b1c52e2b.js:1
uc @ 034e3fd6b1c52e2b.js:1
uf @ 034e3fd6b1c52e2b.js:1
uc @ 034e3fd6b1c52e2b.js:1
uf @ 034e3fd6b1c52e2b.js:1
uc @ 034e3fd6b1c52e2b.js:1
uf @ 034e3fd6b1c52e2b.js:1
uc @ 034e3fd6b1c52e2b.js:1
uf @ 034e3fd6b1c52e2b.js:1
uc @ 034e3fd6b1c52e2b.js:1
uf @ 034e3fd6b1c52e2b.js:1
uc @ 034e3fd6b1c52e2b.js:1
uf @ 034e3fd6b1c52e2b.js:1
uc @ 034e3fd6b1c52e2b.js:1
uf @ 034e3fd6b1c52e2b.js:1
uc @ 034e3fd6b1c52e2b.js:1
uf @ 034e3fd6b1c52e2b.js:1
uc @ 034e3fd6b1c52e2b.js:1
uf @ 034e3fd6b1c52e2b.js:1
uc @ 034e3fd6b1c52e2b.js:1
uf @ 034e3fd6b1c52e2b.js:1
uc @ 034e3fd6b1c52e2b.js:1
uf @ 034e3fd6b1c52e2b.js:1
uc @ 034e3fd6b1c52e2b.js:1
uf @ 034e3fd6b1c52e2b.js:1
uc @ 034e3fd6b1c52e2b.js:1
uf @ 034e3fd6b1c52e2b.js:1
uc @ 034e3fd6b1c52e2b.js:1
uf @ 034e3fd6b1c52e2b.js:1
uc @ 034e3fd6b1c52e2b.js:1
uf @ 034e3fd6b1c52e2b.js:1
uc @ 034e3fd6b1c52e2b.js:1
uf @ 034e3fd6b1c52e2b.js:1
uc @ 034e3fd6b1c52e2b.js:1
uf @ 034e3fd6b1c52e2b.js:1
uc @ 034e3fd6b1c52e2b.js:1
uf @ 034e3fd6b1c52e2b.js:1
uc @ 034e3fd6b1c52e2b.js:1
uf @ 034e3fd6b1c52e2b.js:1
uc @ 034e3fd6b1c52e2b.js:1
uf @ 034e3fd6b1c52e2b.js:1
uc @ 034e3fd6b1c52e2b.js:1
uf @ 034e3fd6b1c52e2b.js:1
uc @ 034e3fd6b1c52e2b.js:1
uf @ 034e3fd6b1c52e2b.js:1
uc @ 034e3fd6b1c52e2b.js:1
uf @ 034e3fd6b1c52e2b.js:1
uc @ 034e3fd6b1c52e2b.js:1
uf @ 034e3fd6b1c52e2b.js:1
uc @ 034e3fd6b1c52e2b.js:1
uf @ 034e3fd6b1c52e2b.js:1
uc @ 034e3fd6b1c52e2b.js:1
uf @ 034e3fd6b1c52e2b.js:1
uc @ 034e3fd6b1c52e2b.js:1
uf @ 034e3fd6b1c52e2b.js:1
uc @ 034e3fd6b1c52e2b.js:1
uf @ 034e3fd6b1c52e2b.js:1
uc @ 034e3fd6b1c52e2b.js:1
uf @ 034e3fd6b1c52e2b.js:1
uc @ 034e3fd6b1c52e2b.js:1
uf @ 034e3fd6b1c52e2b.js:1
uc @ 034e3fd6b1c52e2b.js:1
uf @ 034e3fd6b1c52e2b.js:1
uc @ 034e3fd6b1c52e2b.js:1
uf @ 034e3fd6b1c52e2b.js:1
uc @ 034e3fd6b1c52e2b.js:1
uf @ 034e3fd6b1c52e2b.js:1
uc @ 034e3fd6b1c52e2b.js:1
uf @ 034e3fd6b1c52e2b.js:1
uc @ 034e3fd6b1c52e2b.js:1
uf @ 034e3fd6b1c52e2b.js:1
uc @ 034e3fd6b1c52e2b.js:1
uf @ 034e3fd6b1c52e2b.js:1
uc @ 034e3fd6b1c52e2b.js:1
uf @ 034e3fd6b1c52e2b.js:1
uc @ 034e3fd6b1c52e2b.js:1
uf @ 034e3fd6b1c52e2b.js:1
uc @ 034e3fd6b1c52e2b.js:1
uf @ 034e3fd6b1c52e2b.js:1
uc @ 034e3fd6b1c52e2b.js:1
uf @ 034e3fd6b1c52e2b.js:1
uc @ 034e3fd6b1c52e2b.js:1
uf @ 034e3fd6b1c52e2b.js:1
uc @ 034e3fd6b1c52e2b.js:1
uf @ 034e3fd6b1c52e2b.js:1
uc @ 034e3fd6b1c52e2b.js:1
uf @ 034e3fd6b1c52e2b.js:1
uc @ 034e3fd6b1c52e2b.js:1
uf @ 034e3fd6b1c52e2b.js:1
uc @ 034e3fd6b1c52e2b.js:1
uf @ 034e3fd6b1c52e2b.js:1
uc @ 034e3fd6b1c52e2b.js:1
uf @ 034e3fd6b1c52e2b.js:1
uc @ 034e3fd6b1c52e2b.js:1
uf @ 034e3fd6b1c52e2b.js:1
uc @ 034e3fd6b1c52e2b.js:1
uf @ 034e3fd6b1c52e2b.js:1
uc @ 034e3fd6b1c52e2b.js:1
uf @ 034e3fd6b1c52e2b.js:1
uc @ 034e3fd6b1c52e2b.js:1
uf @ 034e3fd6b1c52e2b.js:1
uc @ 034e3fd6b1c52e2b.js:1
uf @ 034e3fd6b1c52e2b.js:1
uc @ 034e3fd6b1c52e2b.js:1
uf @ 034e3fd6b1c52e2b.js:1
uc @ 034e3fd6b1c52e2b.js:1
uf @ 034e3fd6b1c52e2b.js:1
uc @ 034e3fd6b1c52e2b.js:1
uf @ 034e3fd6b1c52e2b.js:1
uc @ 034e3fd6b1c52e2b.js:1
uf @ 034e3fd6b1c52e2b.js:1
uc @ 034e3fd6b1c52e2b.js:1
uf @ 034e3fd6b1c52e2b.js:1
uc @ 034e3fd6b1c52e2b.js:1
uf @ 034e3fd6b1c52e2b.js:1
uc @ 034e3fd6b1c52e2b.js:1
uf @ 034e3fd6b1c52e2b.js:1
uc @ 034e3fd6b1c52e2b.js:1
uf @ 034e3fd6b1c52e2b.js:1
uc @ 034e3fd6b1c52e2b.js:1
uf @ 034e3fd6b1c52e2b.js:1
uc @ 034e3fd6b1c52e2b.js:1
uf @ 034e3fd6b1c52e2b.js:1
sE @ 034e3fd6b1c52e2b.js:1
(anonymous) @ 034e3fd6b1c52e2b.js:1
O @ 034e3fd6b1c52e2b.js:1
postMessage
i @ 034e3fd6b1c52e2b.js:1
O @ 034e3fd6b1c52e2b.js:1
postMessage
i @ 034e3fd6b1c52e2b.js:1
O @ 034e3fd6b1c52e2b.js:1
postMessage
i @ 034e3fd6b1c52e2b.js:1
O @ 034e3fd6b1c52e2b.js:1
postMessage
i @ 034e3fd6b1c52e2b.js:1
O @ 034e3fd6b1c52e2b.js:1
postMessage
i @ 034e3fd6b1c52e2b.js:1
n.unstable_scheduleCallback @ 034e3fd6b1c52e2b.js:1
sB @ 034e3fd6b1c52e2b.js:1
sU @ 034e3fd6b1c52e2b.js:1
(anonymous) @ 034e3fd6b1c52e2b.js:1
8ec1db98e3ec2725.js:1 [API REQUEST] Fetching: https://postgresql-production-ba08.up.railway.app/api/market-summary
8ec1db98e3ec2725.js:1 API Error [404]: {"detail":"Not Found"}
r @ 8ec1db98e3ec2725.js:1
await in r
y @ 8ec1db98e3ec2725.js:1
a @ 06a951e76ddf59f0.js:1
v @ 06a951e76ddf59f0.js:1
(anonymous) @ 06a951e76ddf59f0.js:1
Promise.then
(anonymous) @ 06a951e76ddf59f0.js:1
Promise.catch
v @ 06a951e76ddf59f0.js:1
(anonymous) @ 06a951e76ddf59f0.js:1
Promise.then
(anonymous) @ 06a951e76ddf59f0.js:1
Promise.catch
v @ 06a951e76ddf59f0.js:1
start @ 06a951e76ddf59f0.js:1
fetch @ 06a951e76ddf59f0.js:1
#f @ 8ec1db98e3ec2725.js:1
onSubscribe @ 8ec1db98e3ec2725.js:1
subscribe @ 06a951e76ddf59f0.js:1
(anonymous) @ 8ec1db98e3ec2725.js:1
aF @ 034e3fd6b1c52e2b.js:1
ih @ 034e3fd6b1c52e2b.js:1
uf @ 034e3fd6b1c52e2b.js:1
uc @ 034e3fd6b1c52e2b.js:1
uf @ 034e3fd6b1c52e2b.js:1
uc @ 034e3fd6b1c52e2b.js:1
uf @ 034e3fd6b1c52e2b.js:1
uc @ 034e3fd6b1c52e2b.js:1
uf @ 034e3fd6b1c52e2b.js:1
uc @ 034e3fd6b1c52e2b.js:1
uf @ 034e3fd6b1c52e2b.js:1
uc @ 034e3fd6b1c52e2b.js:1
uf @ 034e3fd6b1c52e2b.js:1
uc @ 034e3fd6b1c52e2b.js:1
uf @ 034e3fd6b1c52e2b.js:1
uc @ 034e3fd6b1c52e2b.js:1
uf @ 034e3fd6b1c52e2b.js:1
uc @ 034e3fd6b1c52e2b.js:1
uf @ 034e3fd6b1c52e2b.js:1
uc @ 034e3fd6b1c52e2b.js:1
uf @ 034e3fd6b1c52e2b.js:1
uc @ 034e3fd6b1c52e2b.js:1
uf @ 034e3fd6b1c52e2b.js:1
uc @ 034e3fd6b1c52e2b.js:1
uf @ 034e3fd6b1c52e2b.js:1
uc @ 034e3fd6b1c52e2b.js:1
uf @ 034e3fd6b1c52e2b.js:1
uc @ 034e3fd6b1c52e2b.js:1
uf @ 034e3fd6b1c52e2b.js:1
uc @ 034e3fd6b1c52e2b.js:1
uf @ 034e3fd6b1c52e2b.js:1
uc @ 034e3fd6b1c52e2b.js:1
uf @ 034e3fd6b1c52e2b.js:1
uc @ 034e3fd6b1c52e2b.js:1
uf @ 034e3fd6b1c52e2b.js:1
uc @ 034e3fd6b1c52e2b.js:1
uf @ 034e3fd6b1c52e2b.js:1
uc @ 034e3fd6b1c52e2b.js:1
uf @ 034e3fd6b1c52e2b.js:1
uc @ 034e3fd6b1c52e2b.js:1
uf @ 034e3fd6b1c52e2b.js:1
uc @ 034e3fd6b1c52e2b.js:1
uf @ 034e3fd6b1c52e2b.js:1
uc @ 034e3fd6b1c52e2b.js:1
uf @ 034e3fd6b1c52e2b.js:1
uc @ 034e3fd6b1c52e2b.js:1
uf @ 034e3fd6b1c52e2b.js:1
uc @ 034e3fd6b1c52e2b.js:1
uf @ 034e3fd6b1c52e2b.js:1
uc @ 034e3fd6b1c52e2b.js:1
uf @ 034e3fd6b1c52e2b.js:1
uc @ 034e3fd6b1c52e2b.js:1
uf @ 034e3fd6b1c52e2b.js:1
uc @ 034e3fd6b1c52e2b.js:1
uf @ 034e3fd6b1c52e2b.js:1
uc @ 034e3fd6b1c52e2b.js:1
uf @ 034e3fd6b1c52e2b.js:1
uc @ 034e3fd6b1c52e2b.js:1
uf @ 034e3fd6b1c52e2b.js:1
uc @ 034e3fd6b1c52e2b.js:1
uf @ 034e3fd6b1c52e2b.js:1
uc @ 034e3fd6b1c52e2b.js:1
uf @ 034e3fd6b1c52e2b.js:1
uc @ 034e3fd6b1c52e2b.js:1
uf @ 034e3fd6b1c52e2b.js:1
uc @ 034e3fd6b1c52e2b.js:1
uf @ 034e3fd6b1c52e2b.js:1
uc @ 034e3fd6b1c52e2b.js:1
uf @ 034e3fd6b1c52e2b.js:1
uc @ 034e3fd6b1c52e2b.js:1
uf @ 034e3fd6b1c52e2b.js:1
uc @ 034e3fd6b1c52e2b.js:1
uf @ 034e3fd6b1c52e2b.js:1
uc @ 034e3fd6b1c52e2b.js:1
uf @ 034e3fd6b1c52e2b.js:1
uc @ 034e3fd6b1c52e2b.js:1
uf @ 034e3fd6b1c52e2b.js:1
uc @ 034e3fd6b1c52e2b.js:1
uf @ 034e3fd6b1c52e2b.js:1
uc @ 034e3fd6b1c52e2b.js:1
uf @ 034e3fd6b1c52e2b.js:1
uc @ 034e3fd6b1c52e2b.js:1
uf @ 034e3fd6b1c52e2b.js:1
uc @ 034e3fd6b1c52e2b.js:1
uf @ 034e3fd6b1c52e2b.js:1
uc @ 034e3fd6b1c52e2b.js:1
uf @ 034e3fd6b1c52e2b.js:1
uc @ 034e3fd6b1c52e2b.js:1
uf @ 034e3fd6b1c52e2b.js:1
uc @ 034e3fd6b1c52e2b.js:1
uf @ 034e3fd6b1c52e2b.js:1
uc @ 034e3fd6b1c52e2b.js:1
uf @ 034e3fd6b1c52e2b.js:1
uc @ 034e3fd6b1c52e2b.js:1
uf @ 034e3fd6b1c52e2b.js:1
uc @ 034e3fd6b1c52e2b.js:1
uf @ 034e3fd6b1c52e2b.js:1
uc @ 034e3fd6b1c52e2b.js:1
uf @ 034e3fd6b1c52e2b.js:1
uc @ 034e3fd6b1c52e2b.js:1
uf @ 034e3fd6b1c52e2b.js:1
uc @ 034e3fd6b1c52e2b.js:1
uf @ 034e3fd6b1c52e2b.js:1
uc @ 034e3fd6b1c52e2b.js:1
uf @ 034e3fd6b1c52e2b.js:1
uc @ 034e3fd6b1c52e2b.js:1
uf @ 034e3fd6b1c52e2b.js:1
uc @ 034e3fd6b1c52e2b.js:1
uf @ 034e3fd6b1c52e2b.js:1
uc @ 034e3fd6b1c52e2b.js:1
uf @ 034e3fd6b1c52e2b.js:1
uc @ 034e3fd6b1c52e2b.js:1
uf @ 034e3fd6b1c52e2b.js:1
uc @ 034e3fd6b1c52e2b.js:1
uf @ 034e3fd6b1c52e2b.js:1
uc @ 034e3fd6b1c52e2b.js:1
uf @ 034e3fd6b1c52e2b.js:1
uc @ 034e3fd6b1c52e2b.js:1
uf @ 034e3fd6b1c52e2b.js:1
uc @ 034e3fd6b1c52e2b.js:1
uf @ 034e3fd6b1c52e2b.js:1
uc @ 034e3fd6b1c52e2b.js:1
uf @ 034e3fd6b1c52e2b.js:1
uc @ 034e3fd6b1c52e2b.js:1
uf @ 034e3fd6b1c52e2b.js:1
uc @ 034e3fd6b1c52e2b.js:1
uf @ 034e3fd6b1c52e2b.js:1
uc @ 034e3fd6b1c52e2b.js:1
uf @ 034e3fd6b1c52e2b.js:1
uc @ 034e3fd6b1c52e2b.js:1
uf @ 034e3fd6b1c52e2b.js:1
uc @ 034e3fd6b1c52e2b.js:1
uf @ 034e3fd6b1c52e2b.js:1
uc @ 034e3fd6b1c52e2b.js:1
uf @ 034e3fd6b1c52e2b.js:1
uc @ 034e3fd6b1c52e2b.js:1
uf @ 034e3fd6b1c52e2b.js:1
uc @ 034e3fd6b1c52e2b.js:1
uf @ 034e3fd6b1c52e2b.js:1
uc @ 034e3fd6b1c52e2b.js:1
uf @ 034e3fd6b1c52e2b.js:1
uc @ 034e3fd6b1c52e2b.js:1
uf @ 034e3fd6b1c52e2b.js:1
uc @ 034e3fd6b1c52e2b.js:1
uf @ 034e3fd6b1c52e2b.js:1
uc @ 034e3fd6b1c52e2b.js:1
uf @ 034e3fd6b1c52e2b.js:1
uc @ 034e3fd6b1c52e2b.js:1
uf @ 034e3fd6b1c52e2b.js:1
uc @ 034e3fd6b1c52e2b.js:1
uf @ 034e3fd6b1c52e2b.js:1
uc @ 034e3fd6b1c52e2b.js:1
uf @ 034e3fd6b1c52e2b.js:1
sE @ 034e3fd6b1c52e2b.js:1
(anonymous) @ 034e3fd6b1c52e2b.js:1
O @ 034e3fd6b1c52e2b.js:1
postMessage
i @ 034e3fd6b1c52e2b.js:1
O @ 034e3fd6b1c52e2b.js:1
postMessage
i @ 034e3fd6b1c52e2b.js:1
O @ 034e3fd6b1c52e2b.js:1
postMessage
i @ 034e3fd6b1c52e2b.js:1
O @ 034e3fd6b1c52e2b.js:1
postMessage
i @ 034e3fd6b1c52e2b.js:1
O @ 034e3fd6b1c52e2b.js:1
postMessage
i @ 034e3fd6b1c52e2b.js:1
n.unstable_scheduleCallback @ 034e3fd6b1c52e2b.js:1
sB @ 034e3fd6b1c52e2b.js:1
sU @ 034e3fd6b1c52e2b.js:1
(anonymous) @ 034e3fd6b1c52e2b.js:1
8ec1db98e3ec2725.js:1 Fetch failed for https://postgresql-production-ba08.up.railway.app/api/market-summary: Error: Not Found
    at r (8ec1db98e3ec2725.js:1:12836)
r @ 8ec1db98e3ec2725.js:1
await in r
y @ 8ec1db98e3ec2725.js:1
a @ 06a951e76ddf59f0.js:1
v @ 06a951e76ddf59f0.js:1
(anonymous) @ 06a951e76ddf59f0.js:1
Promise.then
(anonymous) @ 06a951e76ddf59f0.js:1
Promise.catch
v @ 06a951e76ddf59f0.js:1
(anonymous) @ 06a951e76ddf59f0.js:1
Promise.then
(anonymous) @ 06a951e76ddf59f0.js:1
Promise.catch
v @ 06a951e76ddf59f0.js:1
start @ 06a951e76ddf59f0.js:1
fetch @ 06a951e76ddf59f0.js:1
#f @ 8ec1db98e3ec2725.js:1
onSubscribe @ 8ec1db98e3ec2725.js:1
subscribe @ 06a951e76ddf59f0.js:1
(anonymous) @ 8ec1db98e3ec2725.js:1
aF @ 034e3fd6b1c52e2b.js:1
ih @ 034e3fd6b1c52e2b.js:1
uf @ 034e3fd6b1c52e2b.js:1
uc @ 034e3fd6b1c52e2b.js:1
uf @ 034e3fd6b1c52e2b.js:1
uc @ 034e3fd6b1c52e2b.js:1
uf @ 034e3fd6b1c52e2b.js:1
uc @ 034e3fd6b1c52e2b.js:1
uf @ 034e3fd6b1c52e2b.js:1
uc @ 034e3fd6b1c52e2b.js:1
uf @ 034e3fd6b1c52e2b.js:1
uc @ 034e3fd6b1c52e2b.js:1
uf @ 034e3fd6b1c52e2b.js:1
uc @ 034e3fd6b1c52e2b.js:1
uf @ 034e3fd6b1c52e2b.js:1
uc @ 034e3fd6b1c52e2b.js:1
uf @ 034e3fd6b1c52e2b.js:1
uc @ 034e3fd6b1c52e2b.js:1
uf @ 034e3fd6b1c52e2b.js:1
uc @ 034e3fd6b1c52e2b.js:1
uf @ 034e3fd6b1c52e2b.js:1
uc @ 034e3fd6b1c52e2b.js:1
uf @ 034e3fd6b1c52e2b.js:1
uc @ 034e3fd6b1c52e2b.js:1
uf @ 034e3fd6b1c52e2b.js:1
uc @ 034e3fd6b1c52e2b.js:1
uf @ 034e3fd6b1c52e2b.js:1
uc @ 034e3fd6b1c52e2b.js:1
uf @ 034e3fd6b1c52e2b.js:1
uc @ 034e3fd6b1c52e2b.js:1
uf @ 034e3fd6b1c52e2b.js:1
uc @ 034e3fd6b1c52e2b.js:1
uf @ 034e3fd6b1c52e2b.js:1
uc @ 034e3fd6b1c52e2b.js:1
uf @ 034e3fd6b1c52e2b.js:1
uc @ 034e3fd6b1c52e2b.js:1
uf @ 034e3fd6b1c52e2b.js:1
uc @ 034e3fd6b1c52e2b.js:1
uf @ 034e3fd6b1c52e2b.js:1
uc @ 034e3fd6b1c52e2b.js:1
uf @ 034e3fd6b1c52e2b.js:1
uc @ 034e3fd6b1c52e2b.js:1
uf @ 034e3fd6b1c52e2b.js:1
uc @ 034e3fd6b1c52e2b.js:1
uf @ 034e3fd6b1c52e2b.js:1
uc @ 034e3fd6b1c52e2b.js:1
uf @ 034e3fd6b1c52e2b.js:1
uc @ 034e3fd6b1c52e2b.js:1
uf @ 034e3fd6b1c52e2b.js:1
uc @ 034e3fd6b1c52e2b.js:1
uf @ 034e3fd6b1c52e2b.js:1
uc @ 034e3fd6b1c52e2b.js:1
uf @ 034e3fd6b1c52e2b.js:1
uc @ 034e3fd6b1c52e2b.js:1
uf @ 034e3fd6b1c52e2b.js:1
uc @ 034e3fd6b1c52e2b.js:1
uf @ 034e3fd6b1c52e2b.js:1
uc @ 034e3fd6b1c52e2b.js:1
uf @ 034e3fd6b1c52e2b.js:1
uc @ 034e3fd6b1c52e2b.js:1
uf @ 034e3fd6b1c52e2b.js:1
uc @ 034e3fd6b1c52e2b.js:1
uf @ 034e3fd6b1c52e2b.js:1
uc @ 034e3fd6b1c52e2b.js:1
uf @ 034e3fd6b1c52e2b.js:1
uc @ 034e3fd6b1c52e2b.js:1
uf @ 034e3fd6b1c52e2b.js:1
uc @ 034e3fd6b1c52e2b.js:1
uf @ 034e3fd6b1c52e2b.js:1
uc @ 034e3fd6b1c52e2b.js:1
uf @ 034e3fd6b1c52e2b.js:1
uc @ 034e3fd6b1c52e2b.js:1
uf @ 034e3fd6b1c52e2b.js:1
uc @ 034e3fd6b1c52e2b.js:1
uf @ 034e3fd6b1c52e2b.js:1
uc @ 034e3fd6b1c52e2b.js:1
uf @ 034e3fd6b1c52e2b.js:1
uc @ 034e3fd6b1c52e2b.js:1
uf @ 034e3fd6b1c52e2b.js:1
uc @ 034e3fd6b1c52e2b.js:1
uf @ 034e3fd6b1c52e2b.js:1
uc @ 034e3fd6b1c52e2b.js:1
uf @ 034e3fd6b1c52e2b.js:1
uc @ 034e3fd6b1c52e2b.js:1
uf @ 034e3fd6b1c52e2b.js:1
uc @ 034e3fd6b1c52e2b.js:1
uf @ 034e3fd6b1c52e2b.js:1
uc @ 034e3fd6b1c52e2b.js:1
uf @ 034e3fd6b1c52e2b.js:1
uc @ 034e3fd6b1c52e2b.js:1
uf @ 034e3fd6b1c52e2b.js:1
uc @ 034e3fd6b1c52e2b.js:1
uf @ 034e3fd6b1c52e2b.js:1
uc @ 034e3fd6b1c52e2b.js:1
uf @ 034e3fd6b1c52e2b.js:1
uc @ 034e3fd6b1c52e2b.js:1
uf @ 034e3fd6b1c52e2b.js:1
uc @ 034e3fd6b1c52e2b.js:1
uf @ 034e3fd6b1c52e2b.js:1
uc @ 034e3fd6b1c52e2b.js:1
uf @ 034e3fd6b1c52e2b.js:1
uc @ 034e3fd6b1c52e2b.js:1
uf @ 034e3fd6b1c52e2b.js:1
uc @ 034e3fd6b1c52e2b.js:1
uf @ 034e3fd6b1c52e2b.js:1
uc @ 034e3fd6b1c52e2b.js:1
uf @ 034e3fd6b1c52e2b.js:1
uc @ 034e3fd6b1c52e2b.js:1
uf @ 034e3fd6b1c52e2b.js:1
uc @ 034e3fd6b1c52e2b.js:1
uf @ 034e3fd6b1c52e2b.js:1
uc @ 034e3fd6b1c52e2b.js:1
uf @ 034e3fd6b1c52e2b.js:1
uc @ 034e3fd6b1c52e2b.js:1
uf @ 034e3fd6b1c52e2b.js:1
uc @ 034e3fd6b1c52e2b.js:1
uf @ 034e3fd6b1c52e2b.js:1
uc @ 034e3fd6b1c52e2b.js:1
uf @ 034e3fd6b1c52e2b.js:1
uc @ 034e3fd6b1c52e2b.js:1
uf @ 034e3fd6b1c52e2b.js:1
uc @ 034e3fd6b1c52e2b.js:1
uf @ 034e3fd6b1c52e2b.js:1
uc @ 034e3fd6b1c52e2b.js:1
uf @ 034e3fd6b1c52e2b.js:1
uc @ 034e3fd6b1c52e2b.js:1
uf @ 034e3fd6b1c52e2b.js:1
uc @ 034e3fd6b1c52e2b.js:1
uf @ 034e3fd6b1c52e2b.js:1
uc @ 034e3fd6b1c52e2b.js:1
uf @ 034e3fd6b1c52e2b.js:1
uc @ 034e3fd6b1c52e2b.js:1
uf @ 034e3fd6b1c52e2b.js:1
uc @ 034e3fd6b1c52e2b.js:1
uf @ 034e3fd6b1c52e2b.js:1
uc @ 034e3fd6b1c52e2b.js:1
uf @ 034e3fd6b1c52e2b.js:1
uc @ 034e3fd6b1c52e2b.js:1
uf @ 034e3fd6b1c52e2b.js:1
uc @ 034e3fd6b1c52e2b.js:1
uf @ 034e3fd6b1c52e2b.js:1
uc @ 034e3fd6b1c52e2b.js:1
uf @ 034e3fd6b1c52e2b.js:1
uc @ 034e3fd6b1c52e2b.js:1
uf @ 034e3fd6b1c52e2b.js:1
uc @ 034e3fd6b1c52e2b.js:1
uf @ 034e3fd6b1c52e2b.js:1
uc @ 034e3fd6b1c52e2b.js:1
uf @ 034e3fd6b1c52e2b.js:1
uc @ 034e3fd6b1c52e2b.js:1
uf @ 034e3fd6b1c52e2b.js:1
uc @ 034e3fd6b1c52e2b.js:1
uf @ 034e3fd6b1c52e2b.js:1
sE @ 034e3fd6b1c52e2b.js:1
(anonymous) @ 034e3fd6b1c52e2b.js:1
O @ 034e3fd6b1c52e2b.js:1
postMessage
i @ 034e3fd6b1c52e2b.js:1
O @ 034e3fd6b1c52e2b.js:1
postMessage
i @ 034e3fd6b1c52e2b.js:1
O @ 034e3fd6b1c52e2b.js:1
postMessage
i @ 034e3fd6b1c52e2b.js:1
O @ 034e3fd6b1c52e2b.js:1
postMessage
i @ 034e3fd6b1c52e2b.js:1
O @ 034e3fd6b1c52e2b.js:1
postMessage
i @ 034e3fd6b1c52e2b.js:1
n.unstable_scheduleCallback @ 034e3fd6b1c52e2b.js:1
sB @ 034e3fd6b1c52e2b.js:1
sU @ 034e3fd6b1c52e2b.js:1
(anonymous) @ 034e3fd6b1c52e2b.js:1
8ec1db98e3ec2725.js:1 [API REQUEST] Fetching: https://postgresql-production-ba08.up.railway.app/api/market-summary
8ec1db98e3ec2725.js:1 API Error [404]: {"detail":"Not Found"}
r @ 8ec1db98e3ec2725.js:1
await in r
y @ 8ec1db98e3ec2725.js:1
a @ 06a951e76ddf59f0.js:1
v @ 06a951e76ddf59f0.js:1
(anonymous) @ 06a951e76ddf59f0.js:1
Promise.then
(anonymous) @ 06a951e76ddf59f0.js:1
Promise.catch
v @ 06a951e76ddf59f0.js:1
(anonymous) @ 06a951e76ddf59f0.js:1
Promise.then
(anonymous) @ 06a951e76ddf59f0.js:1
Promise.catch
v @ 06a951e76ddf59f0.js:1
(anonymous) @ 06a951e76ddf59f0.js:1
Promise.then
(anonymous) @ 06a951e76ddf59f0.js:1
Promise.catch
v @ 06a951e76ddf59f0.js:1
start @ 06a951e76ddf59f0.js:1
fetch @ 06a951e76ddf59f0.js:1
#f @ 8ec1db98e3ec2725.js:1
onSubscribe @ 8ec1db98e3ec2725.js:1
subscribe @ 06a951e76ddf59f0.js:1
(anonymous) @ 8ec1db98e3ec2725.js:1
aF @ 034e3fd6b1c52e2b.js:1
ih @ 034e3fd6b1c52e2b.js:1
uf @ 034e3fd6b1c52e2b.js:1
uc @ 034e3fd6b1c52e2b.js:1
uf @ 034e3fd6b1c52e2b.js:1
uc @ 034e3fd6b1c52e2b.js:1
uf @ 034e3fd6b1c52e2b.js:1
uc @ 034e3fd6b1c52e2b.js:1
uf @ 034e3fd6b1c52e2b.js:1
uc @ 034e3fd6b1c52e2b.js:1
uf @ 034e3fd6b1c52e2b.js:1
uc @ 034e3fd6b1c52e2b.js:1
uf @ 034e3fd6b1c52e2b.js:1
uc @ 034e3fd6b1c52e2b.js:1
uf @ 034e3fd6b1c52e2b.js:1
uc @ 034e3fd6b1c52e2b.js:1
uf @ 034e3fd6b1c52e2b.js:1
uc @ 034e3fd6b1c52e2b.js:1
uf @ 034e3fd6b1c52e2b.js:1
uc @ 034e3fd6b1c52e2b.js:1
uf @ 034e3fd6b1c52e2b.js:1
uc @ 034e3fd6b1c52e2b.js:1
uf @ 034e3fd6b1c52e2b.js:1
uc @ 034e3fd6b1c52e2b.js:1
uf @ 034e3fd6b1c52e2b.js:1
uc @ 034e3fd6b1c52e2b.js:1
uf @ 034e3fd6b1c52e2b.js:1
uc @ 034e3fd6b1c52e2b.js:1
uf @ 034e3fd6b1c52e2b.js:1
uc @ 034e3fd6b1c52e2b.js:1
uf @ 034e3fd6b1c52e2b.js:1
uc @ 034e3fd6b1c52e2b.js:1
uf @ 034e3fd6b1c52e2b.js:1
uc @ 034e3fd6b1c52e2b.js:1
uf @ 034e3fd6b1c52e2b.js:1
uc @ 034e3fd6b1c52e2b.js:1
uf @ 034e3fd6b1c52e2b.js:1
uc @ 034e3fd6b1c52e2b.js:1
uf @ 034e3fd6b1c52e2b.js:1
uc @ 034e3fd6b1c52e2b.js:1
uf @ 034e3fd6b1c52e2b.js:1
uc @ 034e3fd6b1c52e2b.js:1
uf @ 034e3fd6b1c52e2b.js:1
uc @ 034e3fd6b1c52e2b.js:1
uf @ 034e3fd6b1c52e2b.js:1
uc @ 034e3fd6b1c52e2b.js:1
uf @ 034e3fd6b1c52e2b.js:1
uc @ 034e3fd6b1c52e2b.js:1
uf @ 034e3fd6b1c52e2b.js:1
uc @ 034e3fd6b1c52e2b.js:1
uf @ 034e3fd6b1c52e2b.js:1
uc @ 034e3fd6b1c52e2b.js:1
uf @ 034e3fd6b1c52e2b.js:1
uc @ 034e3fd6b1c52e2b.js:1
uf @ 034e3fd6b1c52e2b.js:1
uc @ 034e3fd6b1c52e2b.js:1
uf @ 034e3fd6b1c52e2b.js:1
uc @ 034e3fd6b1c52e2b.js:1
uf @ 034e3fd6b1c52e2b.js:1
uc @ 034e3fd6b1c52e2b.js:1
uf @ 034e3fd6b1c52e2b.js:1
uc @ 034e3fd6b1c52e2b.js:1
uf @ 034e3fd6b1c52e2b.js:1
uc @ 034e3fd6b1c52e2b.js:1
uf @ 034e3fd6b1c52e2b.js:1
uc @ 034e3fd6b1c52e2b.js:1
uf @ 034e3fd6b1c52e2b.js:1
uc @ 034e3fd6b1c52e2b.js:1
uf @ 034e3fd6b1c52e2b.js:1
uc @ 034e3fd6b1c52e2b.js:1
uf @ 034e3fd6b1c52e2b.js:1
uc @ 034e3fd6b1c52e2b.js:1
uf @ 034e3fd6b1c52e2b.js:1
uc @ 034e3fd6b1c52e2b.js:1
uf @ 034e3fd6b1c52e2b.js:1
uc @ 034e3fd6b1c52e2b.js:1
uf @ 034e3fd6b1c52e2b.js:1
uc @ 034e3fd6b1c52e2b.js:1
uf @ 034e3fd6b1c52e2b.js:1
uc @ 034e3fd6b1c52e2b.js:1
uf @ 034e3fd6b1c52e2b.js:1
uc @ 034e3fd6b1c52e2b.js:1
uf @ 034e3fd6b1c52e2b.js:1
uc @ 034e3fd6b1c52e2b.js:1
uf @ 034e3fd6b1c52e2b.js:1
uc @ 034e3fd6b1c52e2b.js:1
uf @ 034e3fd6b1c52e2b.js:1
uc @ 034e3fd6b1c52e2b.js:1
uf @ 034e3fd6b1c52e2b.js:1
uc @ 034e3fd6b1c52e2b.js:1
uf @ 034e3fd6b1c52e2b.js:1
uc @ 034e3fd6b1c52e2b.js:1
uf @ 034e3fd6b1c52e2b.js:1
uc @ 034e3fd6b1c52e2b.js:1
uf @ 034e3fd6b1c52e2b.js:1
uc @ 034e3fd6b1c52e2b.js:1
uf @ 034e3fd6b1c52e2b.js:1
uc @ 034e3fd6b1c52e2b.js:1
uf @ 034e3fd6b1c52e2b.js:1
uc @ 034e3fd6b1c52e2b.js:1
uf @ 034e3fd6b1c52e2b.js:1
uc @ 034e3fd6b1c52e2b.js:1
uf @ 034e3fd6b1c52e2b.js:1
uc @ 034e3fd6b1c52e2b.js:1
uf @ 034e3fd6b1c52e2b.js:1
uc @ 034e3fd6b1c52e2b.js:1
uf @ 034e3fd6b1c52e2b.js:1
uc @ 034e3fd6b1c52e2b.js:1
uf @ 034e3fd6b1c52e2b.js:1
uc @ 034e3fd6b1c52e2b.js:1
uf @ 034e3fd6b1c52e2b.js:1
uc @ 034e3fd6b1c52e2b.js:1
uf @ 034e3fd6b1c52e2b.js:1
uc @ 034e3fd6b1c52e2b.js:1
uf @ 034e3fd6b1c52e2b.js:1
uc @ 034e3fd6b1c52e2b.js:1
uf @ 034e3fd6b1c52e2b.js:1
uc @ 034e3fd6b1c52e2b.js:1
uf @ 034e3fd6b1c52e2b.js:1
uc @ 034e3fd6b1c52e2b.js:1
uf @ 034e3fd6b1c52e2b.js:1
uc @ 034e3fd6b1c52e2b.js:1
uf @ 034e3fd6b1c52e2b.js:1
uc @ 034e3fd6b1c52e2b.js:1
uf @ 034e3fd6b1c52e2b.js:1
uc @ 034e3fd6b1c52e2b.js:1
uf @ 034e3fd6b1c52e2b.js:1
uc @ 034e3fd6b1c52e2b.js:1
uf @ 034e3fd6b1c52e2b.js:1
uc @ 034e3fd6b1c52e2b.js:1
uf @ 034e3fd6b1c52e2b.js:1
uc @ 034e3fd6b1c52e2b.js:1
uf @ 034e3fd6b1c52e2b.js:1
uc @ 034e3fd6b1c52e2b.js:1
uf @ 034e3fd6b1c52e2b.js:1
uc @ 034e3fd6b1c52e2b.js:1
uf @ 034e3fd6b1c52e2b.js:1
uc @ 034e3fd6b1c52e2b.js:1
uf @ 034e3fd6b1c52e2b.js:1
uc @ 034e3fd6b1c52e2b.js:1
uf @ 034e3fd6b1c52e2b.js:1
uc @ 034e3fd6b1c52e2b.js:1
uf @ 034e3fd6b1c52e2b.js:1
uc @ 034e3fd6b1c52e2b.js:1
uf @ 034e3fd6b1c52e2b.js:1
uc @ 034e3fd6b1c52e2b.js:1
uf @ 034e3fd6b1c52e2b.js:1
uc @ 034e3fd6b1c52e2b.js:1
uf @ 034e3fd6b1c52e2b.js:1
uc @ 034e3fd6b1c52e2b.js:1
uf @ 034e3fd6b1c52e2b.js:1
uc @ 034e3fd6b1c52e2b.js:1
uf @ 034e3fd6b1c52e2b.js:1
sE @ 034e3fd6b1c52e2b.js:1
(anonymous) @ 034e3fd6b1c52e2b.js:1
O @ 034e3fd6b1c52e2b.js:1
postMessage
i @ 034e3fd6b1c52e2b.js:1
O @ 034e3fd6b1c52e2b.js:1
postMessage
i @ 034e3fd6b1c52e2b.js:1
O @ 034e3fd6b1c52e2b.js:1
postMessage
i @ 034e3fd6b1c52e2b.js:1
O @ 034e3fd6b1c52e2b.js:1
postMessage
i @ 034e3fd6b1c52e2b.js:1
O @ 034e3fd6b1c52e2b.js:1
postMessage
i @ 034e3fd6b1c52e2b.js:1
n.unstable_scheduleCallback @ 034e3fd6b1c52e2b.js:1
sB @ 034e3fd6b1c52e2b.js:1
sU @ 034e3fd6b1c52e2b.js:1
(anonymous) @ 034e3fd6b1c52e2b.js:1
8ec1db98e3ec2725.js:1 Fetch failed for https://postgresql-production-ba08.up.railway.app/api/market-summary: Error: Not Found
    at r (8ec1db98e3ec2725.js:1:12836)
r @ 8ec1db98e3ec2725.js:1
await in r
y @ 8ec1db98e3ec2725.js:1
a @ 06a951e76ddf59f0.js:1
v @ 06a951e76ddf59f0.js:1
(anonymous) @ 06a951e76ddf59f0.js:1
Promise.then
(anonymous) @ 06a951e76ddf59f0.js:1
Promise.catch
v @ 06a951e76ddf59f0.js:1
(anonymous) @ 06a951e76ddf59f0.js:1
Promise.then
(anonymous) @ 06a951e76ddf59f0.js:1
Promise.catch
v @ 06a951e76ddf59f0.js:1
(anonymous) @ 06a951e76ddf59f0.js:1
Promise.then
(anonymous) @ 06a951e76ddf59f0.js:1
Promise.catch
v @ 06a951e76ddf59f0.js:1
start @ 06a951e76ddf59f0.js:1
fetch @ 06a951e76ddf59f0.js:1
#f @ 8ec1db98e3ec2725.js:1
onSubscribe @ 8ec1db98e3ec2725.js:1
subscribe @ 06a951e76ddf59f0.js:1
(anonymous) @ 8ec1db98e3ec2725.js:1
aF @ 034e3fd6b1c52e2b.js:1
ih @ 034e3fd6b1c52e2b.js:1
uf @ 034e3fd6b1c52e2b.js:1
uc @ 034e3fd6b1c52e2b.js:1
uf @ 034e3fd6b1c52e2b.js:1
uc @ 034e3fd6b1c52e2b.js:1
uf @ 034e3fd6b1c52e2b.js:1
uc @ 034e3fd6b1c52e2b.js:1
uf @ 034e3fd6b1c52e2b.js:1
uc @ 034e3fd6b1c52e2b.js:1
uf @ 034e3fd6b1c52e2b.js:1
uc @ 034e3fd6b1c52e2b.js:1
uf @ 034e3fd6b1c52e2b.js:1
uc @ 034e3fd6b1c52e2b.js:1
uf @ 034e3fd6b1c52e2b.js:1
uc @ 034e3fd6b1c52e2b.js:1
uf @ 034e3fd6b1c52e2b.js:1
uc @ 034e3fd6b1c52e2b.js:1
uf @ 034e3fd6b1c52e2b.js:1
uc @ 034e3fd6b1c52e2b.js:1
uf @ 034e3fd6b1c52e2b.js:1
uc @ 034e3fd6b1c52e2b.js:1
uf @ 034e3fd6b1c52e2b.js:1
uc @ 034e3fd6b1c52e2b.js:1
uf @ 034e3fd6b1c52e2b.js:1
uc @ 034e3fd6b1c52e2b.js:1
uf @ 034e3fd6b1c52e2b.js:1
uc @ 034e3fd6b1c52e2b.js:1
uf @ 034e3fd6b1c52e2b.js:1
uc @ 034e3fd6b1c52e2b.js:1
uf @ 034e3fd6b1c52e2b.js:1
uc @ 034e3fd6b1c52e2b.js:1
uf @ 034e3fd6b1c52e2b.js:1
uc @ 034e3fd6b1c52e2b.js:1
uf @ 034e3fd6b1c52e2b.js:1
uc @ 034e3fd6b1c52e2b.js:1
uf @ 034e3fd6b1c52e2b.js:1
uc @ 034e3fd6b1c52e2b.js:1
uf @ 034e3fd6b1c52e2b.js:1
uc @ 034e3fd6b1c52e2b.js:1
uf @ 034e3fd6b1c52e2b.js:1
uc @ 034e3fd6b1c52e2b.js:1
uf @ 034e3fd6b1c52e2b.js:1
uc @ 034e3fd6b1c52e2b.js:1
uf @ 034e3fd6b1c52e2b.js:1
uc @ 034e3fd6b1c52e2b.js:1
uf @ 034e3fd6b1c52e2b.js:1
uc @ 034e3fd6b1c52e2b.js:1
uf @ 034e3fd6b1c52e2b.js:1
uc @ 034e3fd6b1c52e2b.js:1
uf @ 034e3fd6b1c52e2b.js:1
uc @ 034e3fd6b1c52e2b.js:1
uf @ 034e3fd6b1c52e2b.js:1
uc @ 034e3fd6b1c52e2b.js:1
uf @ 034e3fd6b1c52e2b.js:1
uc @ 034e3fd6b1c52e2b.js:1
uf @ 034e3fd6b1c52e2b.js:1
uc @ 034e3fd6b1c52e2b.js:1
uf @ 034e3fd6b1c52e2b.js:1
uc @ 034e3fd6b1c52e2b.js:1
uf @ 034e3fd6b1c52e2b.js:1
uc @ 034e3fd6b1c52e2b.js:1
uf @ 034e3fd6b1c52e2b.js:1
uc @ 034e3fd6b1c52e2b.js:1
uf @ 034e3fd6b1c52e2b.js:1
uc @ 034e3fd6b1c52e2b.js:1
uf @ 034e3fd6b1c52e2b.js:1
uc @ 034e3fd6b1c52e2b.js:1
uf @ 034e3fd6b1c52e2b.js:1
uc @ 034e3fd6b1c52e2b.js:1
uf @ 034e3fd6b1c52e2b.js:1
uc @ 034e3fd6b1c52e2b.js:1
uf @ 034e3fd6b1c52e2b.js:1
uc @ 034e3fd6b1c52e2b.js:1
uf @ 034e3fd6b1c52e2b.js:1
uc @ 034e3fd6b1c52e2b.js:1
uf @ 034e3fd6b1c52e2b.js:1
uc @ 034e3fd6b1c52e2b.js:1
uf @ 034e3fd6b1c52e2b.js:1
uc @ 034e3fd6b1c52e2b.js:1
uf @ 034e3fd6b1c52e2b.js:1
uc @ 034e3fd6b1c52e2b.js:1
uf @ 034e3fd6b1c52e2b.js:1
uc @ 034e3fd6b1c52e2b.js:1
uf @ 034e3fd6b1c52e2b.js:1
uc @ 034e3fd6b1c52e2b.js:1
uf @ 034e3fd6b1c52e2b.js:1
uc @ 034e3fd6b1c52e2b.js:1
uf @ 034e3fd6b1c52e2b.js:1
uc @ 034e3fd6b1c52e2b.js:1
uf @ 034e3fd6b1c52e2b.js:1
uc @ 034e3fd6b1c52e2b.js:1
uf @ 034e3fd6b1c52e2b.js:1
uc @ 034e3fd6b1c52e2b.js:1
uf @ 034e3fd6b1c52e2b.js:1
uc @ 034e3fd6b1c52e2b.js:1
uf @ 034e3fd6b1c52e2b.js:1
uc @ 034e3fd6b1c52e2b.js:1
uf @ 034e3fd6b1c52e2b.js:1
uc @ 034e3fd6b1c52e2b.js:1
uf @ 034e3fd6b1c52e2b.js:1
uc @ 034e3fd6b1c52e2b.js:1
uf @ 034e3fd6b1c52e2b.js:1
uc @ 034e3fd6b1c52e2b.js:1
uf @ 034e3fd6b1c52e2b.js:1
uc @ 034e3fd6b1c52e2b.js:1
uf @ 034e3fd6b1c52e2b.js:1
uc @ 034e3fd6b1c52e2b.js:1
uf @ 034e3fd6b1c52e2b.js:1
uc @ 034e3fd6b1c52e2b.js:1
uf @ 034e3fd6b1c52e2b.js:1
uc @ 034e3fd6b1c52e2b.js:1
uf @ 034e3fd6b1c52e2b.js:1
uc @ 034e3fd6b1c52e2b.js:1
uf @ 034e3fd6b1c52e2b.js:1
uc @ 034e3fd6b1c52e2b.js:1
uf @ 034e3fd6b1c52e2b.js:1
uc @ 034e3fd6b1c52e2b.js:1
uf @ 034e3fd6b1c52e2b.js:1
uc @ 034e3fd6b1c52e2b.js:1
uf @ 034e3fd6b1c52e2b.js:1
uc @ 034e3fd6b1c52e2b.js:1
uf @ 034e3fd6b1c52e2b.js:1
uc @ 034e3fd6b1c52e2b.js:1
uf @ 034e3fd6b1c52e2b.js:1
uc @ 034e3fd6b1c52e2b.js:1
uf @ 034e3fd6b1c52e2b.js:1
uc @ 034e3fd6b1c52e2b.js:1
uf @ 034e3fd6b1c52e2b.js:1
uc @ 034e3fd6b1c52e2b.js:1
uf @ 034e3fd6b1c52e2b.js:1
uc @ 034e3fd6b1c52e2b.js:1
uf @ 034e3fd6b1c52e2b.js:1
uc @ 034e3fd6b1c52e2b.js:1
uf @ 034e3fd6b1c52e2b.js:1
uc @ 034e3fd6b1c52e2b.js:1
uf @ 034e3fd6b1c52e2b.js:1
uc @ 034e3fd6b1c52e2b.js:1
uf @ 034e3fd6b1c52e2b.js:1
uc @ 034e3fd6b1c52e2b.js:1
uf @ 034e3fd6b1c52e2b.js:1
uc @ 034e3fd6b1c52e2b.js:1
uf @ 034e3fd6b1c52e2b.js:1
uc @ 034e3fd6b1c52e2b.js:1
uf @ 034e3fd6b1c52e2b.js:1
uc @ 034e3fd6b1c52e2b.js:1
uf @ 034e3fd6b1c52e2b.js:1
uc @ 034e3fd6b1c52e2b.js:1
uf @ 034e3fd6b1c52e2b.js:1
uc @ 034e3fd6b1c52e2b.js:1
uf @ 034e3fd6b1c52e2b.js:1
uc @ 034e3fd6b1c52e2b.js:1
uf @ 034e3fd6b1c52e2b.js:1
sE @ 034e3fd6b1c52e2b.js:1
(anonymous) @ 034e3fd6b1c52e2b.js:1
O @ 034e3fd6b1c52e2b.js:1
postMessage
i @ 034e3fd6b1c52e2b.js:1
O @ 034e3fd6b1c52e2b.js:1
postMessage
i @ 034e3fd6b1c52e2b.js:1
O @ 034e3fd6b1c52e2b.js:1
postMessage
i @ 034e3fd6b1c52e2b.js:1
O @ 034e3fd6b1c52e2b.js:1
postMessage
i @ 034e3fd6b1c52e2b.js:1
O @ 034e3fd6b1c52e2b.js:1
postMessage
i @ 034e3fd6b1c52e2b.js:1
n.unstable_scheduleCallback @ 034e3fd6b1c52e2b.js:1
sB @ 034e3fd6b1c52e2b.js:1
sU @ 034e3fd6b1c52e2b.js:1
(anonymous) @ 034e3fd6b1c52e2b.js:1
