4d3e2207fde00ff0.js:37 [Supabase Config] URL: https....co
4d3e2207fde00ff0.js:37 [Supabase Config] Key Length: 208
4d3e2207fde00ff0.js:37 [Supabase Probe] Basic connectivity: OK
b77dcf45663a1b9c.js:1 [API REQUEST] Fetching: https://postgresql-production-ba08.up.railway.app/api/assets
b77dcf45663a1b9c.js:1 [API REQUEST] Fetching: https://postgresql-production-ba08.up.railway.app/api/asset-classes
b77dcf45663a1b9c.js:1 [API REQUEST] Fetching: https://postgresql-production-ba08.up.railway.app/api/affiliates/recommendations
b77dcf45663a1b9c.js:1 [API REQUEST] Fetching: https://postgresql-production-ba08.up.railway.app/api/simulate/efficient-frontier
b77dcf45663a1b9c.js:1 [API REQUEST] Fetching: https://postgresql-production-ba08.up.railway.app/api/simulate/risk-parity
b77dcf45663a1b9c.js:1 API Error [500]: {"detail":"Internal Server Error","request_id":"068b1791-892e-43e7-a79f-7a19f8f2363e"}
r @ b77dcf45663a1b9c.js:1
await in r
queryFn @ 23ba9a0bb5ad7450.js:1
a @ b7e14a820a68e5c2.js:1
v @ b7e14a820a68e5c2.js:1
start @ b7e14a820a68e5c2.js:1
fetch @ b7e14a820a68e5c2.js:1
#m @ b77dcf45663a1b9c.js:1
setOptions @ b77dcf45663a1b9c.js:1
(anonymous) @ b77dcf45663a1b9c.js:1
ih @ 034e3fd6b1c52e2b.js:1
uf @ 034e3fd6b1c52e2b.js:1
uc @ 034e3fd6b1c52e2b.js:1
uf @ 034e3fd6b1c52e2b.js:1
uc @ 034e3fd6b1c52e2b.js:1
uf @ 034e3fd6b1c52e2b.js:1
uc @ 034e3fd6b1c52e2b.js:1
uf @ 034e3fd6b1c52e2b.js:1
uc @ 034e3fd6b1c52e2b.js:1
uf @ 034e3fd6b1c52e2b.js:1
uc @ 034e3fd6b1c52e2b.js:1
uf @ 034e3fd6b1c52e2b.js:1
uc @ 034e3fd6b1c52e2b.js:1
uf @ 034e3fd6b1c52e2b.js:1
uc @ 034e3fd6b1c52e2b.js:1
uf @ 034e3fd6b1c52e2b.js:1
uc @ 034e3fd6b1c52e2b.js:1
uf @ 034e3fd6b1c52e2b.js:1
uc @ 034e3fd6b1c52e2b.js:1
uf @ 034e3fd6b1c52e2b.js:1
uc @ 034e3fd6b1c52e2b.js:1
uf @ 034e3fd6b1c52e2b.js:1
uc @ 034e3fd6b1c52e2b.js:1
uf @ 034e3fd6b1c52e2b.js:1
uc @ 034e3fd6b1c52e2b.js:1
uf @ 034e3fd6b1c52e2b.js:1
uc @ 034e3fd6b1c52e2b.js:1
uf @ 034e3fd6b1c52e2b.js:1
uc @ 034e3fd6b1c52e2b.js:1
uf @ 034e3fd6b1c52e2b.js:1
uc @ 034e3fd6b1c52e2b.js:1
uf @ 034e3fd6b1c52e2b.js:1
uc @ 034e3fd6b1c52e2b.js:1
uf @ 034e3fd6b1c52e2b.js:1
uc @ 034e3fd6b1c52e2b.js:1
uf @ 034e3fd6b1c52e2b.js:1
uc @ 034e3fd6b1c52e2b.js:1
uf @ 034e3fd6b1c52e2b.js:1
uc @ 034e3fd6b1c52e2b.js:1
uf @ 034e3fd6b1c52e2b.js:1
uc @ 034e3fd6b1c52e2b.js:1
uf @ 034e3fd6b1c52e2b.js:1
uc @ 034e3fd6b1c52e2b.js:1
uf @ 034e3fd6b1c52e2b.js:1
uc @ 034e3fd6b1c52e2b.js:1
uf @ 034e3fd6b1c52e2b.js:1
uc @ 034e3fd6b1c52e2b.js:1
uf @ 034e3fd6b1c52e2b.js:1
uc @ 034e3fd6b1c52e2b.js:1
uf @ 034e3fd6b1c52e2b.js:1
uc @ 034e3fd6b1c52e2b.js:1
uf @ 034e3fd6b1c52e2b.js:1
uc @ 034e3fd6b1c52e2b.js:1
uf @ 034e3fd6b1c52e2b.js:1
uc @ 034e3fd6b1c52e2b.js:1
uf @ 034e3fd6b1c52e2b.js:1
uc @ 034e3fd6b1c52e2b.js:1
uf @ 034e3fd6b1c52e2b.js:1
uc @ 034e3fd6b1c52e2b.js:1
uf @ 034e3fd6b1c52e2b.js:1
uc @ 034e3fd6b1c52e2b.js:1
uf @ 034e3fd6b1c52e2b.js:1
uc @ 034e3fd6b1c52e2b.js:1
uf @ 034e3fd6b1c52e2b.js:1
uc @ 034e3fd6b1c52e2b.js:1
uf @ 034e3fd6b1c52e2b.js:1
uc @ 034e3fd6b1c52e2b.js:1
uf @ 034e3fd6b1c52e2b.js:1
uc @ 034e3fd6b1c52e2b.js:1
uf @ 034e3fd6b1c52e2b.js:1
uc @ 034e3fd6b1c52e2b.js:1
uf @ 034e3fd6b1c52e2b.js:1
uc @ 034e3fd6b1c52e2b.js:1
uf @ 034e3fd6b1c52e2b.js:1
uc @ 034e3fd6b1c52e2b.js:1
uf @ 034e3fd6b1c52e2b.js:1
uc @ 034e3fd6b1c52e2b.js:1
uf @ 034e3fd6b1c52e2b.js:1
uc @ 034e3fd6b1c52e2b.js:1
uf @ 034e3fd6b1c52e2b.js:1
uc @ 034e3fd6b1c52e2b.js:1
uf @ 034e3fd6b1c52e2b.js:1
uc @ 034e3fd6b1c52e2b.js:1
uf @ 034e3fd6b1c52e2b.js:1
uc @ 034e3fd6b1c52e2b.js:1
uf @ 034e3fd6b1c52e2b.js:1
uc @ 034e3fd6b1c52e2b.js:1
uf @ 034e3fd6b1c52e2b.js:1
uc @ 034e3fd6b1c52e2b.js:1
uf @ 034e3fd6b1c52e2b.js:1
uc @ 034e3fd6b1c52e2b.js:1
uf @ 034e3fd6b1c52e2b.js:1
uc @ 034e3fd6b1c52e2b.js:1
uf @ 034e3fd6b1c52e2b.js:1
uc @ 034e3fd6b1c52e2b.js:1
uf @ 034e3fd6b1c52e2b.js:1
uc @ 034e3fd6b1c52e2b.js:1
uf @ 034e3fd6b1c52e2b.js:1
uc @ 034e3fd6b1c52e2b.js:1
uf @ 034e3fd6b1c52e2b.js:1
uc @ 034e3fd6b1c52e2b.js:1
uf @ 034e3fd6b1c52e2b.js:1
uc @ 034e3fd6b1c52e2b.js:1
uf @ 034e3fd6b1c52e2b.js:1
uc @ 034e3fd6b1c52e2b.js:1
uf @ 034e3fd6b1c52e2b.js:1
uc @ 034e3fd6b1c52e2b.js:1
uf @ 034e3fd6b1c52e2b.js:1
uc @ 034e3fd6b1c52e2b.js:1
uf @ 034e3fd6b1c52e2b.js:1
uc @ 034e3fd6b1c52e2b.js:1
uf @ 034e3fd6b1c52e2b.js:1
uc @ 034e3fd6b1c52e2b.js:1
uf @ 034e3fd6b1c52e2b.js:1
uc @ 034e3fd6b1c52e2b.js:1
uf @ 034e3fd6b1c52e2b.js:1
uc @ 034e3fd6b1c52e2b.js:1
uf @ 034e3fd6b1c52e2b.js:1
uc @ 034e3fd6b1c52e2b.js:1
uf @ 034e3fd6b1c52e2b.js:1
uc @ 034e3fd6b1c52e2b.js:1
uf @ 034e3fd6b1c52e2b.js:1
uc @ 034e3fd6b1c52e2b.js:1
uf @ 034e3fd6b1c52e2b.js:1
uc @ 034e3fd6b1c52e2b.js:1
uf @ 034e3fd6b1c52e2b.js:1
uc @ 034e3fd6b1c52e2b.js:1
uf @ 034e3fd6b1c52e2b.js:1
uc @ 034e3fd6b1c52e2b.js:1
uf @ 034e3fd6b1c52e2b.js:1
uc @ 034e3fd6b1c52e2b.js:1
uf @ 034e3fd6b1c52e2b.js:1
uc @ 034e3fd6b1c52e2b.js:1
uf @ 034e3fd6b1c52e2b.js:1
uc @ 034e3fd6b1c52e2b.js:1
uf @ 034e3fd6b1c52e2b.js:1
uc @ 034e3fd6b1c52e2b.js:1
uf @ 034e3fd6b1c52e2b.js:1
uc @ 034e3fd6b1c52e2b.js:1
uf @ 034e3fd6b1c52e2b.js:1
uc @ 034e3fd6b1c52e2b.js:1
uf @ 034e3fd6b1c52e2b.js:1
uc @ 034e3fd6b1c52e2b.js:1
uf @ 034e3fd6b1c52e2b.js:1
uc @ 034e3fd6b1c52e2b.js:1
uf @ 034e3fd6b1c52e2b.js:1
uc @ 034e3fd6b1c52e2b.js:1
uf @ 034e3fd6b1c52e2b.js:1
sE @ 034e3fd6b1c52e2b.js:1
sS @ 034e3fd6b1c52e2b.js:1
sw @ 034e3fd6b1c52e2b.js:1
sh @ 034e3fd6b1c52e2b.js:1
u7 @ 034e3fd6b1c52e2b.js:1
u9 @ 034e3fd6b1c52e2b.js:1
sH @ 034e3fd6b1c52e2b.js:1
sA @ 034e3fd6b1c52e2b.js:1
sU @ 034e3fd6b1c52e2b.js:1
(anonymous) @ 034e3fd6b1c52e2b.js:1
b77dcf45663a1b9c.js:1 Fetch failed for https://postgresql-production-ba08.up.railway.app/api/simulate/risk-parity: Error: Internal Server Error
    at r (b77dcf45663a1b9c.js:1:12628)
r @ b77dcf45663a1b9c.js:1
await in r
queryFn @ 23ba9a0bb5ad7450.js:1
a @ b7e14a820a68e5c2.js:1
v @ b7e14a820a68e5c2.js:1
start @ b7e14a820a68e5c2.js:1
fetch @ b7e14a820a68e5c2.js:1
#m @ b77dcf45663a1b9c.js:1
setOptions @ b77dcf45663a1b9c.js:1
(anonymous) @ b77dcf45663a1b9c.js:1
ih @ 034e3fd6b1c52e2b.js:1
uf @ 034e3fd6b1c52e2b.js:1
uc @ 034e3fd6b1c52e2b.js:1
uf @ 034e3fd6b1c52e2b.js:1
uc @ 034e3fd6b1c52e2b.js:1
uf @ 034e3fd6b1c52e2b.js:1
uc @ 034e3fd6b1c52e2b.js:1
uf @ 034e3fd6b1c52e2b.js:1
uc @ 034e3fd6b1c52e2b.js:1
uf @ 034e3fd6b1c52e2b.js:1
uc @ 034e3fd6b1c52e2b.js:1
uf @ 034e3fd6b1c52e2b.js:1
uc @ 034e3fd6b1c52e2b.js:1
uf @ 034e3fd6b1c52e2b.js:1
uc @ 034e3fd6b1c52e2b.js:1
uf @ 034e3fd6b1c52e2b.js:1
uc @ 034e3fd6b1c52e2b.js:1
uf @ 034e3fd6b1c52e2b.js:1
uc @ 034e3fd6b1c52e2b.js:1
uf @ 034e3fd6b1c52e2b.js:1
uc @ 034e3fd6b1c52e2b.js:1
uf @ 034e3fd6b1c52e2b.js:1
uc @ 034e3fd6b1c52e2b.js:1
uf @ 034e3fd6b1c52e2b.js:1
uc @ 034e3fd6b1c52e2b.js:1
uf @ 034e3fd6b1c52e2b.js:1
uc @ 034e3fd6b1c52e2b.js:1
uf @ 034e3fd6b1c52e2b.js:1
uc @ 034e3fd6b1c52e2b.js:1
uf @ 034e3fd6b1c52e2b.js:1
uc @ 034e3fd6b1c52e2b.js:1
uf @ 034e3fd6b1c52e2b.js:1
uc @ 034e3fd6b1c52e2b.js:1
uf @ 034e3fd6b1c52e2b.js:1
uc @ 034e3fd6b1c52e2b.js:1
uf @ 034e3fd6b1c52e2b.js:1
uc @ 034e3fd6b1c52e2b.js:1
uf @ 034e3fd6b1c52e2b.js:1
uc @ 034e3fd6b1c52e2b.js:1
uf @ 034e3fd6b1c52e2b.js:1
uc @ 034e3fd6b1c52e2b.js:1
uf @ 034e3fd6b1c52e2b.js:1
uc @ 034e3fd6b1c52e2b.js:1
uf @ 034e3fd6b1c52e2b.js:1
uc @ 034e3fd6b1c52e2b.js:1
uf @ 034e3fd6b1c52e2b.js:1
uc @ 034e3fd6b1c52e2b.js:1
uf @ 034e3fd6b1c52e2b.js:1
uc @ 034e3fd6b1c52e2b.js:1
uf @ 034e3fd6b1c52e2b.js:1
uc @ 034e3fd6b1c52e2b.js:1
uf @ 034e3fd6b1c52e2b.js:1
uc @ 034e3fd6b1c52e2b.js:1
uf @ 034e3fd6b1c52e2b.js:1
uc @ 034e3fd6b1c52e2b.js:1
uf @ 034e3fd6b1c52e2b.js:1
uc @ 034e3fd6b1c52e2b.js:1
uf @ 034e3fd6b1c52e2b.js:1
uc @ 034e3fd6b1c52e2b.js:1
uf @ 034e3fd6b1c52e2b.js:1
uc @ 034e3fd6b1c52e2b.js:1
uf @ 034e3fd6b1c52e2b.js:1
uc @ 034e3fd6b1c52e2b.js:1
uf @ 034e3fd6b1c52e2b.js:1
uc @ 034e3fd6b1c52e2b.js:1
uf @ 034e3fd6b1c52e2b.js:1
uc @ 034e3fd6b1c52e2b.js:1
uf @ 034e3fd6b1c52e2b.js:1
uc @ 034e3fd6b1c52e2b.js:1
uf @ 034e3fd6b1c52e2b.js:1
uc @ 034e3fd6b1c52e2b.js:1
uf @ 034e3fd6b1c52e2b.js:1
uc @ 034e3fd6b1c52e2b.js:1
uf @ 034e3fd6b1c52e2b.js:1
uc @ 034e3fd6b1c52e2b.js:1
uf @ 034e3fd6b1c52e2b.js:1
uc @ 034e3fd6b1c52e2b.js:1
uf @ 034e3fd6b1c52e2b.js:1
uc @ 034e3fd6b1c52e2b.js:1
uf @ 034e3fd6b1c52e2b.js:1
uc @ 034e3fd6b1c52e2b.js:1
uf @ 034e3fd6b1c52e2b.js:1
uc @ 034e3fd6b1c52e2b.js:1
uf @ 034e3fd6b1c52e2b.js:1
uc @ 034e3fd6b1c52e2b.js:1
uf @ 034e3fd6b1c52e2b.js:1
uc @ 034e3fd6b1c52e2b.js:1
uf @ 034e3fd6b1c52e2b.js:1
uc @ 034e3fd6b1c52e2b.js:1
uf @ 034e3fd6b1c52e2b.js:1
uc @ 034e3fd6b1c52e2b.js:1
uf @ 034e3fd6b1c52e2b.js:1
uc @ 034e3fd6b1c52e2b.js:1
uf @ 034e3fd6b1c52e2b.js:1
uc @ 034e3fd6b1c52e2b.js:1
uf @ 034e3fd6b1c52e2b.js:1
uc @ 034e3fd6b1c52e2b.js:1
uf @ 034e3fd6b1c52e2b.js:1
uc @ 034e3fd6b1c52e2b.js:1
uf @ 034e3fd6b1c52e2b.js:1
uc @ 034e3fd6b1c52e2b.js:1
uf @ 034e3fd6b1c52e2b.js:1
uc @ 034e3fd6b1c52e2b.js:1
uf @ 034e3fd6b1c52e2b.js:1
uc @ 034e3fd6b1c52e2b.js:1
uf @ 034e3fd6b1c52e2b.js:1
uc @ 034e3fd6b1c52e2b.js:1
uf @ 034e3fd6b1c52e2b.js:1
uc @ 034e3fd6b1c52e2b.js:1
uf @ 034e3fd6b1c52e2b.js:1
uc @ 034e3fd6b1c52e2b.js:1
uf @ 034e3fd6b1c52e2b.js:1
uc @ 034e3fd6b1c52e2b.js:1
uf @ 034e3fd6b1c52e2b.js:1
uc @ 034e3fd6b1c52e2b.js:1
uf @ 034e3fd6b1c52e2b.js:1
uc @ 034e3fd6b1c52e2b.js:1
uf @ 034e3fd6b1c52e2b.js:1
uc @ 034e3fd6b1c52e2b.js:1
uf @ 034e3fd6b1c52e2b.js:1
uc @ 034e3fd6b1c52e2b.js:1
uf @ 034e3fd6b1c52e2b.js:1
uc @ 034e3fd6b1c52e2b.js:1
uf @ 034e3fd6b1c52e2b.js:1
uc @ 034e3fd6b1c52e2b.js:1
uf @ 034e3fd6b1c52e2b.js:1
uc @ 034e3fd6b1c52e2b.js:1
uf @ 034e3fd6b1c52e2b.js:1
uc @ 034e3fd6b1c52e2b.js:1
uf @ 034e3fd6b1c52e2b.js:1
uc @ 034e3fd6b1c52e2b.js:1
uf @ 034e3fd6b1c52e2b.js:1
uc @ 034e3fd6b1c52e2b.js:1
uf @ 034e3fd6b1c52e2b.js:1
uc @ 034e3fd6b1c52e2b.js:1
uf @ 034e3fd6b1c52e2b.js:1
uc @ 034e3fd6b1c52e2b.js:1
uf @ 034e3fd6b1c52e2b.js:1
uc @ 034e3fd6b1c52e2b.js:1
uf @ 034e3fd6b1c52e2b.js:1
uc @ 034e3fd6b1c52e2b.js:1
uf @ 034e3fd6b1c52e2b.js:1
uc @ 034e3fd6b1c52e2b.js:1
uf @ 034e3fd6b1c52e2b.js:1
uc @ 034e3fd6b1c52e2b.js:1
uf @ 034e3fd6b1c52e2b.js:1
uc @ 034e3fd6b1c52e2b.js:1
uf @ 034e3fd6b1c52e2b.js:1
sE @ 034e3fd6b1c52e2b.js:1
sS @ 034e3fd6b1c52e2b.js:1
sw @ 034e3fd6b1c52e2b.js:1
sh @ 034e3fd6b1c52e2b.js:1
u7 @ 034e3fd6b1c52e2b.js:1
u9 @ 034e3fd6b1c52e2b.js:1
sH @ 034e3fd6b1c52e2b.js:1
sA @ 034e3fd6b1c52e2b.js:1
sU @ 034e3fd6b1c52e2b.js:1
(anonymous) @ 034e3fd6b1c52e2b.js:1
b77dcf45663a1b9c.js:1 [API REQUEST] Fetching: https://postgresql-production-ba08.up.railway.app/api/simulate/risk-parity
b77dcf45663a1b9c.js:1 API Error [500]: {"detail":"Internal Server Error","request_id":"bd4672e2-c3c0-4b96-8139-61d3c32ec657"}
r @ b77dcf45663a1b9c.js:1
await in r
queryFn @ 23ba9a0bb5ad7450.js:1
a @ b7e14a820a68e5c2.js:1
v @ b7e14a820a68e5c2.js:1
(anonymous) @ b7e14a820a68e5c2.js:1
Promise.then
(anonymous) @ b7e14a820a68e5c2.js:1
Promise.catch
v @ b7e14a820a68e5c2.js:1
start @ b7e14a820a68e5c2.js:1
fetch @ b7e14a820a68e5c2.js:1
#m @ b77dcf45663a1b9c.js:1
setOptions @ b77dcf45663a1b9c.js:1
(anonymous) @ b77dcf45663a1b9c.js:1
ih @ 034e3fd6b1c52e2b.js:1
uf @ 034e3fd6b1c52e2b.js:1
uc @ 034e3fd6b1c52e2b.js:1
uf @ 034e3fd6b1c52e2b.js:1
uc @ 034e3fd6b1c52e2b.js:1
uf @ 034e3fd6b1c52e2b.js:1
uc @ 034e3fd6b1c52e2b.js:1
uf @ 034e3fd6b1c52e2b.js:1
uc @ 034e3fd6b1c52e2b.js:1
uf @ 034e3fd6b1c52e2b.js:1
uc @ 034e3fd6b1c52e2b.js:1
uf @ 034e3fd6b1c52e2b.js:1
uc @ 034e3fd6b1c52e2b.js:1
uf @ 034e3fd6b1c52e2b.js:1
uc @ 034e3fd6b1c52e2b.js:1
uf @ 034e3fd6b1c52e2b.js:1
uc @ 034e3fd6b1c52e2b.js:1
uf @ 034e3fd6b1c52e2b.js:1
uc @ 034e3fd6b1c52e2b.js:1
uf @ 034e3fd6b1c52e2b.js:1
uc @ 034e3fd6b1c52e2b.js:1
uf @ 034e3fd6b1c52e2b.js:1
uc @ 034e3fd6b1c52e2b.js:1
uf @ 034e3fd6b1c52e2b.js:1
uc @ 034e3fd6b1c52e2b.js:1
uf @ 034e3fd6b1c52e2b.js:1
uc @ 034e3fd6b1c52e2b.js:1
uf @ 034e3fd6b1c52e2b.js:1
uc @ 034e3fd6b1c52e2b.js:1
uf @ 034e3fd6b1c52e2b.js:1
uc @ 034e3fd6b1c52e2b.js:1
uf @ 034e3fd6b1c52e2b.js:1
uc @ 034e3fd6b1c52e2b.js:1
uf @ 034e3fd6b1c52e2b.js:1
uc @ 034e3fd6b1c52e2b.js:1
uf @ 034e3fd6b1c52e2b.js:1
uc @ 034e3fd6b1c52e2b.js:1
uf @ 034e3fd6b1c52e2b.js:1
uc @ 034e3fd6b1c52e2b.js:1
uf @ 034e3fd6b1c52e2b.js:1
uc @ 034e3fd6b1c52e2b.js:1
uf @ 034e3fd6b1c52e2b.js:1
uc @ 034e3fd6b1c52e2b.js:1
uf @ 034e3fd6b1c52e2b.js:1
uc @ 034e3fd6b1c52e2b.js:1
uf @ 034e3fd6b1c52e2b.js:1
uc @ 034e3fd6b1c52e2b.js:1
uf @ 034e3fd6b1c52e2b.js:1
uc @ 034e3fd6b1c52e2b.js:1
uf @ 034e3fd6b1c52e2b.js:1
uc @ 034e3fd6b1c52e2b.js:1
uf @ 034e3fd6b1c52e2b.js:1
uc @ 034e3fd6b1c52e2b.js:1
uf @ 034e3fd6b1c52e2b.js:1
uc @ 034e3fd6b1c52e2b.js:1
uf @ 034e3fd6b1c52e2b.js:1
uc @ 034e3fd6b1c52e2b.js:1
uf @ 034e3fd6b1c52e2b.js:1
uc @ 034e3fd6b1c52e2b.js:1
uf @ 034e3fd6b1c52e2b.js:1
uc @ 034e3fd6b1c52e2b.js:1
uf @ 034e3fd6b1c52e2b.js:1
uc @ 034e3fd6b1c52e2b.js:1
uf @ 034e3fd6b1c52e2b.js:1
uc @ 034e3fd6b1c52e2b.js:1
uf @ 034e3fd6b1c52e2b.js:1
uc @ 034e3fd6b1c52e2b.js:1
uf @ 034e3fd6b1c52e2b.js:1
uc @ 034e3fd6b1c52e2b.js:1
uf @ 034e3fd6b1c52e2b.js:1
uc @ 034e3fd6b1c52e2b.js:1
uf @ 034e3fd6b1c52e2b.js:1
uc @ 034e3fd6b1c52e2b.js:1
uf @ 034e3fd6b1c52e2b.js:1
uc @ 034e3fd6b1c52e2b.js:1
uf @ 034e3fd6b1c52e2b.js:1
uc @ 034e3fd6b1c52e2b.js:1
uf @ 034e3fd6b1c52e2b.js:1
uc @ 034e3fd6b1c52e2b.js:1
uf @ 034e3fd6b1c52e2b.js:1
uc @ 034e3fd6b1c52e2b.js:1
uf @ 034e3fd6b1c52e2b.js:1
uc @ 034e3fd6b1c52e2b.js:1
uf @ 034e3fd6b1c52e2b.js:1
uc @ 034e3fd6b1c52e2b.js:1
uf @ 034e3fd6b1c52e2b.js:1
uc @ 034e3fd6b1c52e2b.js:1
uf @ 034e3fd6b1c52e2b.js:1
uc @ 034e3fd6b1c52e2b.js:1
uf @ 034e3fd6b1c52e2b.js:1
uc @ 034e3fd6b1c52e2b.js:1
uf @ 034e3fd6b1c52e2b.js:1
uc @ 034e3fd6b1c52e2b.js:1
uf @ 034e3fd6b1c52e2b.js:1
uc @ 034e3fd6b1c52e2b.js:1
uf @ 034e3fd6b1c52e2b.js:1
uc @ 034e3fd6b1c52e2b.js:1
uf @ 034e3fd6b1c52e2b.js:1
uc @ 034e3fd6b1c52e2b.js:1
uf @ 034e3fd6b1c52e2b.js:1
uc @ 034e3fd6b1c52e2b.js:1
uf @ 034e3fd6b1c52e2b.js:1
uc @ 034e3fd6b1c52e2b.js:1
uf @ 034e3fd6b1c52e2b.js:1
uc @ 034e3fd6b1c52e2b.js:1
uf @ 034e3fd6b1c52e2b.js:1
uc @ 034e3fd6b1c52e2b.js:1
uf @ 034e3fd6b1c52e2b.js:1
uc @ 034e3fd6b1c52e2b.js:1
uf @ 034e3fd6b1c52e2b.js:1
uc @ 034e3fd6b1c52e2b.js:1
uf @ 034e3fd6b1c52e2b.js:1
uc @ 034e3fd6b1c52e2b.js:1
uf @ 034e3fd6b1c52e2b.js:1
uc @ 034e3fd6b1c52e2b.js:1
uf @ 034e3fd6b1c52e2b.js:1
uc @ 034e3fd6b1c52e2b.js:1
uf @ 034e3fd6b1c52e2b.js:1
uc @ 034e3fd6b1c52e2b.js:1
uf @ 034e3fd6b1c52e2b.js:1
uc @ 034e3fd6b1c52e2b.js:1
uf @ 034e3fd6b1c52e2b.js:1
uc @ 034e3fd6b1c52e2b.js:1
uf @ 034e3fd6b1c52e2b.js:1
uc @ 034e3fd6b1c52e2b.js:1
uf @ 034e3fd6b1c52e2b.js:1
uc @ 034e3fd6b1c52e2b.js:1
uf @ 034e3fd6b1c52e2b.js:1
uc @ 034e3fd6b1c52e2b.js:1
uf @ 034e3fd6b1c52e2b.js:1
uc @ 034e3fd6b1c52e2b.js:1
uf @ 034e3fd6b1c52e2b.js:1
uc @ 034e3fd6b1c52e2b.js:1
uf @ 034e3fd6b1c52e2b.js:1
uc @ 034e3fd6b1c52e2b.js:1
uf @ 034e3fd6b1c52e2b.js:1
uc @ 034e3fd6b1c52e2b.js:1
uf @ 034e3fd6b1c52e2b.js:1
uc @ 034e3fd6b1c52e2b.js:1
uf @ 034e3fd6b1c52e2b.js:1
uc @ 034e3fd6b1c52e2b.js:1
uf @ 034e3fd6b1c52e2b.js:1
uc @ 034e3fd6b1c52e2b.js:1
uf @ 034e3fd6b1c52e2b.js:1
uc @ 034e3fd6b1c52e2b.js:1
uf @ 034e3fd6b1c52e2b.js:1
uc @ 034e3fd6b1c52e2b.js:1
uf @ 034e3fd6b1c52e2b.js:1
sE @ 034e3fd6b1c52e2b.js:1
sS @ 034e3fd6b1c52e2b.js:1
sw @ 034e3fd6b1c52e2b.js:1
sh @ 034e3fd6b1c52e2b.js:1
u7 @ 034e3fd6b1c52e2b.js:1
u9 @ 034e3fd6b1c52e2b.js:1
sH @ 034e3fd6b1c52e2b.js:1
sA @ 034e3fd6b1c52e2b.js:1
sU @ 034e3fd6b1c52e2b.js:1
(anonymous) @ 034e3fd6b1c52e2b.js:1
b77dcf45663a1b9c.js:1 Fetch failed for https://postgresql-production-ba08.up.railway.app/api/simulate/risk-parity: Error: Internal Server Error
    at r (b77dcf45663a1b9c.js:1:12628)
r @ b77dcf45663a1b9c.js:1
await in r
queryFn @ 23ba9a0bb5ad7450.js:1
a @ b7e14a820a68e5c2.js:1
v @ b7e14a820a68e5c2.js:1
(anonymous) @ b7e14a820a68e5c2.js:1
Promise.then
(anonymous) @ b7e14a820a68e5c2.js:1
Promise.catch
v @ b7e14a820a68e5c2.js:1
start @ b7e14a820a68e5c2.js:1
fetch @ b7e14a820a68e5c2.js:1
#m @ b77dcf45663a1b9c.js:1
setOptions @ b77dcf45663a1b9c.js:1
(anonymous) @ b77dcf45663a1b9c.js:1
ih @ 034e3fd6b1c52e2b.js:1
uf @ 034e3fd6b1c52e2b.js:1
uc @ 034e3fd6b1c52e2b.js:1
uf @ 034e3fd6b1c52e2b.js:1
uc @ 034e3fd6b1c52e2b.js:1
uf @ 034e3fd6b1c52e2b.js:1
uc @ 034e3fd6b1c52e2b.js:1
uf @ 034e3fd6b1c52e2b.js:1
uc @ 034e3fd6b1c52e2b.js:1
uf @ 034e3fd6b1c52e2b.js:1
uc @ 034e3fd6b1c52e2b.js:1
uf @ 034e3fd6b1c52e2b.js:1
uc @ 034e3fd6b1c52e2b.js:1
uf @ 034e3fd6b1c52e2b.js:1
uc @ 034e3fd6b1c52e2b.js:1
uf @ 034e3fd6b1c52e2b.js:1
uc @ 034e3fd6b1c52e2b.js:1
uf @ 034e3fd6b1c52e2b.js:1
uc @ 034e3fd6b1c52e2b.js:1
uf @ 034e3fd6b1c52e2b.js:1
uc @ 034e3fd6b1c52e2b.js:1
uf @ 034e3fd6b1c52e2b.js:1
uc @ 034e3fd6b1c52e2b.js:1
uf @ 034e3fd6b1c52e2b.js:1
uc @ 034e3fd6b1c52e2b.js:1
uf @ 034e3fd6b1c52e2b.js:1
uc @ 034e3fd6b1c52e2b.js:1
uf @ 034e3fd6b1c52e2b.js:1
uc @ 034e3fd6b1c52e2b.js:1
uf @ 034e3fd6b1c52e2b.js:1
uc @ 034e3fd6b1c52e2b.js:1
uf @ 034e3fd6b1c52e2b.js:1
uc @ 034e3fd6b1c52e2b.js:1
uf @ 034e3fd6b1c52e2b.js:1
uc @ 034e3fd6b1c52e2b.js:1
uf @ 034e3fd6b1c52e2b.js:1
uc @ 034e3fd6b1c52e2b.js:1
uf @ 034e3fd6b1c52e2b.js:1
uc @ 034e3fd6b1c52e2b.js:1
uf @ 034e3fd6b1c52e2b.js:1
uc @ 034e3fd6b1c52e2b.js:1
uf @ 034e3fd6b1c52e2b.js:1
uc @ 034e3fd6b1c52e2b.js:1
uf @ 034e3fd6b1c52e2b.js:1
uc @ 034e3fd6b1c52e2b.js:1
uf @ 034e3fd6b1c52e2b.js:1
uc @ 034e3fd6b1c52e2b.js:1
uf @ 034e3fd6b1c52e2b.js:1
uc @ 034e3fd6b1c52e2b.js:1
uf @ 034e3fd6b1c52e2b.js:1
uc @ 034e3fd6b1c52e2b.js:1
uf @ 034e3fd6b1c52e2b.js:1
uc @ 034e3fd6b1c52e2b.js:1
uf @ 034e3fd6b1c52e2b.js:1
uc @ 034e3fd6b1c52e2b.js:1
uf @ 034e3fd6b1c52e2b.js:1
uc @ 034e3fd6b1c52e2b.js:1
uf @ 034e3fd6b1c52e2b.js:1
uc @ 034e3fd6b1c52e2b.js:1
uf @ 034e3fd6b1c52e2b.js:1
uc @ 034e3fd6b1c52e2b.js:1
uf @ 034e3fd6b1c52e2b.js:1
uc @ 034e3fd6b1c52e2b.js:1
uf @ 034e3fd6b1c52e2b.js:1
uc @ 034e3fd6b1c52e2b.js:1
uf @ 034e3fd6b1c52e2b.js:1
uc @ 034e3fd6b1c52e2b.js:1
uf @ 034e3fd6b1c52e2b.js:1
uc @ 034e3fd6b1c52e2b.js:1
uf @ 034e3fd6b1c52e2b.js:1
uc @ 034e3fd6b1c52e2b.js:1
uf @ 034e3fd6b1c52e2b.js:1
uc @ 034e3fd6b1c52e2b.js:1
uf @ 034e3fd6b1c52e2b.js:1
uc @ 034e3fd6b1c52e2b.js:1
uf @ 034e3fd6b1c52e2b.js:1
uc @ 034e3fd6b1c52e2b.js:1
uf @ 034e3fd6b1c52e2b.js:1
uc @ 034e3fd6b1c52e2b.js:1
uf @ 034e3fd6b1c52e2b.js:1
uc @ 034e3fd6b1c52e2b.js:1
uf @ 034e3fd6b1c52e2b.js:1
uc @ 034e3fd6b1c52e2b.js:1
uf @ 034e3fd6b1c52e2b.js:1
uc @ 034e3fd6b1c52e2b.js:1
uf @ 034e3fd6b1c52e2b.js:1
uc @ 034e3fd6b1c52e2b.js:1
uf @ 034e3fd6b1c52e2b.js:1
uc @ 034e3fd6b1c52e2b.js:1
uf @ 034e3fd6b1c52e2b.js:1
uc @ 034e3fd6b1c52e2b.js:1
uf @ 034e3fd6b1c52e2b.js:1
uc @ 034e3fd6b1c52e2b.js:1
uf @ 034e3fd6b1c52e2b.js:1
uc @ 034e3fd6b1c52e2b.js:1
uf @ 034e3fd6b1c52e2b.js:1
uc @ 034e3fd6b1c52e2b.js:1
uf @ 034e3fd6b1c52e2b.js:1
uc @ 034e3fd6b1c52e2b.js:1
uf @ 034e3fd6b1c52e2b.js:1
uc @ 034e3fd6b1c52e2b.js:1
uf @ 034e3fd6b1c52e2b.js:1
uc @ 034e3fd6b1c52e2b.js:1
uf @ 034e3fd6b1c52e2b.js:1
uc @ 034e3fd6b1c52e2b.js:1
uf @ 034e3fd6b1c52e2b.js:1
uc @ 034e3fd6b1c52e2b.js:1
uf @ 034e3fd6b1c52e2b.js:1
uc @ 034e3fd6b1c52e2b.js:1
uf @ 034e3fd6b1c52e2b.js:1
uc @ 034e3fd6b1c52e2b.js:1
uf @ 034e3fd6b1c52e2b.js:1
uc @ 034e3fd6b1c52e2b.js:1
uf @ 034e3fd6b1c52e2b.js:1
uc @ 034e3fd6b1c52e2b.js:1
uf @ 034e3fd6b1c52e2b.js:1
uc @ 034e3fd6b1c52e2b.js:1
uf @ 034e3fd6b1c52e2b.js:1
uc @ 034e3fd6b1c52e2b.js:1
uf @ 034e3fd6b1c52e2b.js:1
uc @ 034e3fd6b1c52e2b.js:1
uf @ 034e3fd6b1c52e2b.js:1
uc @ 034e3fd6b1c52e2b.js:1
uf @ 034e3fd6b1c52e2b.js:1
uc @ 034e3fd6b1c52e2b.js:1
uf @ 034e3fd6b1c52e2b.js:1
uc @ 034e3fd6b1c52e2b.js:1
uf @ 034e3fd6b1c52e2b.js:1
uc @ 034e3fd6b1c52e2b.js:1
uf @ 034e3fd6b1c52e2b.js:1
uc @ 034e3fd6b1c52e2b.js:1
uf @ 034e3fd6b1c52e2b.js:1
uc @ 034e3fd6b1c52e2b.js:1
uf @ 034e3fd6b1c52e2b.js:1
uc @ 034e3fd6b1c52e2b.js:1
uf @ 034e3fd6b1c52e2b.js:1
uc @ 034e3fd6b1c52e2b.js:1
uf @ 034e3fd6b1c52e2b.js:1
uc @ 034e3fd6b1c52e2b.js:1
uf @ 034e3fd6b1c52e2b.js:1
uc @ 034e3fd6b1c52e2b.js:1
uf @ 034e3fd6b1c52e2b.js:1
uc @ 034e3fd6b1c52e2b.js:1
uf @ 034e3fd6b1c52e2b.js:1
uc @ 034e3fd6b1c52e2b.js:1
uf @ 034e3fd6b1c52e2b.js:1
uc @ 034e3fd6b1c52e2b.js:1
uf @ 034e3fd6b1c52e2b.js:1
sE @ 034e3fd6b1c52e2b.js:1
sS @ 034e3fd6b1c52e2b.js:1
sw @ 034e3fd6b1c52e2b.js:1
sh @ 034e3fd6b1c52e2b.js:1
u7 @ 034e3fd6b1c52e2b.js:1
u9 @ 034e3fd6b1c52e2b.js:1
sH @ 034e3fd6b1c52e2b.js:1
sA @ 034e3fd6b1c52e2b.js:1
sU @ 034e3fd6b1c52e2b.js:1
(anonymous) @ 034e3fd6b1c52e2b.js:1
b77dcf45663a1b9c.js:1 [API REQUEST] Fetching: https://postgresql-production-ba08.up.railway.app/api/simulate/risk-parity
b77dcf45663a1b9c.js:1 API Error [500]: {"detail":"Internal Server Error","request_id":"7c44d563-82d5-4172-ac79-45d7b4bb1769"}
r @ b77dcf45663a1b9c.js:1
await in r
queryFn @ 23ba9a0bb5ad7450.js:1
a @ b7e14a820a68e5c2.js:1
v @ b7e14a820a68e5c2.js:1
(anonymous) @ b7e14a820a68e5c2.js:1
Promise.then
(anonymous) @ b7e14a820a68e5c2.js:1
Promise.catch
v @ b7e14a820a68e5c2.js:1
(anonymous) @ b7e14a820a68e5c2.js:1
Promise.then
(anonymous) @ b7e14a820a68e5c2.js:1
Promise.catch
v @ b7e14a820a68e5c2.js:1
start @ b7e14a820a68e5c2.js:1
fetch @ b7e14a820a68e5c2.js:1
#m @ b77dcf45663a1b9c.js:1
setOptions @ b77dcf45663a1b9c.js:1
(anonymous) @ b77dcf45663a1b9c.js:1
ih @ 034e3fd6b1c52e2b.js:1
uf @ 034e3fd6b1c52e2b.js:1
uc @ 034e3fd6b1c52e2b.js:1
uf @ 034e3fd6b1c52e2b.js:1
uc @ 034e3fd6b1c52e2b.js:1
uf @ 034e3fd6b1c52e2b.js:1
uc @ 034e3fd6b1c52e2b.js:1
uf @ 034e3fd6b1c52e2b.js:1
uc @ 034e3fd6b1c52e2b.js:1
uf @ 034e3fd6b1c52e2b.js:1
uc @ 034e3fd6b1c52e2b.js:1
uf @ 034e3fd6b1c52e2b.js:1
uc @ 034e3fd6b1c52e2b.js:1
uf @ 034e3fd6b1c52e2b.js:1
uc @ 034e3fd6b1c52e2b.js:1
uf @ 034e3fd6b1c52e2b.js:1
uc @ 034e3fd6b1c52e2b.js:1
uf @ 034e3fd6b1c52e2b.js:1
uc @ 034e3fd6b1c52e2b.js:1
uf @ 034e3fd6b1c52e2b.js:1
uc @ 034e3fd6b1c52e2b.js:1
uf @ 034e3fd6b1c52e2b.js:1
uc @ 034e3fd6b1c52e2b.js:1
uf @ 034e3fd6b1c52e2b.js:1
uc @ 034e3fd6b1c52e2b.js:1
uf @ 034e3fd6b1c52e2b.js:1
uc @ 034e3fd6b1c52e2b.js:1
uf @ 034e3fd6b1c52e2b.js:1
uc @ 034e3fd6b1c52e2b.js:1
uf @ 034e3fd6b1c52e2b.js:1
uc @ 034e3fd6b1c52e2b.js:1
uf @ 034e3fd6b1c52e2b.js:1
uc @ 034e3fd6b1c52e2b.js:1
uf @ 034e3fd6b1c52e2b.js:1
uc @ 034e3fd6b1c52e2b.js:1
uf @ 034e3fd6b1c52e2b.js:1
uc @ 034e3fd6b1c52e2b.js:1
uf @ 034e3fd6b1c52e2b.js:1
uc @ 034e3fd6b1c52e2b.js:1
uf @ 034e3fd6b1c52e2b.js:1
uc @ 034e3fd6b1c52e2b.js:1
uf @ 034e3fd6b1c52e2b.js:1
uc @ 034e3fd6b1c52e2b.js:1
uf @ 034e3fd6b1c52e2b.js:1
uc @ 034e3fd6b1c52e2b.js:1
uf @ 034e3fd6b1c52e2b.js:1
uc @ 034e3fd6b1c52e2b.js:1
uf @ 034e3fd6b1c52e2b.js:1
uc @ 034e3fd6b1c52e2b.js:1
uf @ 034e3fd6b1c52e2b.js:1
uc @ 034e3fd6b1c52e2b.js:1
uf @ 034e3fd6b1c52e2b.js:1
uc @ 034e3fd6b1c52e2b.js:1
uf @ 034e3fd6b1c52e2b.js:1
uc @ 034e3fd6b1c52e2b.js:1
uf @ 034e3fd6b1c52e2b.js:1
uc @ 034e3fd6b1c52e2b.js:1
uf @ 034e3fd6b1c52e2b.js:1
uc @ 034e3fd6b1c52e2b.js:1
uf @ 034e3fd6b1c52e2b.js:1
uc @ 034e3fd6b1c52e2b.js:1
uf @ 034e3fd6b1c52e2b.js:1
uc @ 034e3fd6b1c52e2b.js:1
uf @ 034e3fd6b1c52e2b.js:1
uc @ 034e3fd6b1c52e2b.js:1
uf @ 034e3fd6b1c52e2b.js:1
uc @ 034e3fd6b1c52e2b.js:1
uf @ 034e3fd6b1c52e2b.js:1
uc @ 034e3fd6b1c52e2b.js:1
uf @ 034e3fd6b1c52e2b.js:1
uc @ 034e3fd6b1c52e2b.js:1
uf @ 034e3fd6b1c52e2b.js:1
uc @ 034e3fd6b1c52e2b.js:1
uf @ 034e3fd6b1c52e2b.js:1
uc @ 034e3fd6b1c52e2b.js:1
uf @ 034e3fd6b1c52e2b.js:1
uc @ 034e3fd6b1c52e2b.js:1
uf @ 034e3fd6b1c52e2b.js:1
uc @ 034e3fd6b1c52e2b.js:1
uf @ 034e3fd6b1c52e2b.js:1
uc @ 034e3fd6b1c52e2b.js:1
uf @ 034e3fd6b1c52e2b.js:1
uc @ 034e3fd6b1c52e2b.js:1
uf @ 034e3fd6b1c52e2b.js:1
uc @ 034e3fd6b1c52e2b.js:1
uf @ 034e3fd6b1c52e2b.js:1
uc @ 034e3fd6b1c52e2b.js:1
uf @ 034e3fd6b1c52e2b.js:1
uc @ 034e3fd6b1c52e2b.js:1
uf @ 034e3fd6b1c52e2b.js:1
uc @ 034e3fd6b1c52e2b.js:1
uf @ 034e3fd6b1c52e2b.js:1
uc @ 034e3fd6b1c52e2b.js:1
uf @ 034e3fd6b1c52e2b.js:1
uc @ 034e3fd6b1c52e2b.js:1
uf @ 034e3fd6b1c52e2b.js:1
uc @ 034e3fd6b1c52e2b.js:1
uf @ 034e3fd6b1c52e2b.js:1
uc @ 034e3fd6b1c52e2b.js:1
uf @ 034e3fd6b1c52e2b.js:1
uc @ 034e3fd6b1c52e2b.js:1
uf @ 034e3fd6b1c52e2b.js:1
uc @ 034e3fd6b1c52e2b.js:1
uf @ 034e3fd6b1c52e2b.js:1
uc @ 034e3fd6b1c52e2b.js:1
uf @ 034e3fd6b1c52e2b.js:1
uc @ 034e3fd6b1c52e2b.js:1
uf @ 034e3fd6b1c52e2b.js:1
uc @ 034e3fd6b1c52e2b.js:1
uf @ 034e3fd6b1c52e2b.js:1
uc @ 034e3fd6b1c52e2b.js:1
uf @ 034e3fd6b1c52e2b.js:1
uc @ 034e3fd6b1c52e2b.js:1
uf @ 034e3fd6b1c52e2b.js:1
uc @ 034e3fd6b1c52e2b.js:1
uf @ 034e3fd6b1c52e2b.js:1
uc @ 034e3fd6b1c52e2b.js:1
uf @ 034e3fd6b1c52e2b.js:1
uc @ 034e3fd6b1c52e2b.js:1
uf @ 034e3fd6b1c52e2b.js:1
uc @ 034e3fd6b1c52e2b.js:1
uf @ 034e3fd6b1c52e2b.js:1
uc @ 034e3fd6b1c52e2b.js:1
uf @ 034e3fd6b1c52e2b.js:1
uc @ 034e3fd6b1c52e2b.js:1
uf @ 034e3fd6b1c52e2b.js:1
uc @ 034e3fd6b1c52e2b.js:1
uf @ 034e3fd6b1c52e2b.js:1
uc @ 034e3fd6b1c52e2b.js:1
uf @ 034e3fd6b1c52e2b.js:1
uc @ 034e3fd6b1c52e2b.js:1
uf @ 034e3fd6b1c52e2b.js:1
uc @ 034e3fd6b1c52e2b.js:1
uf @ 034e3fd6b1c52e2b.js:1
uc @ 034e3fd6b1c52e2b.js:1
uf @ 034e3fd6b1c52e2b.js:1
uc @ 034e3fd6b1c52e2b.js:1
uf @ 034e3fd6b1c52e2b.js:1
uc @ 034e3fd6b1c52e2b.js:1
uf @ 034e3fd6b1c52e2b.js:1
uc @ 034e3fd6b1c52e2b.js:1
uf @ 034e3fd6b1c52e2b.js:1
uc @ 034e3fd6b1c52e2b.js:1
uf @ 034e3fd6b1c52e2b.js:1
uc @ 034e3fd6b1c52e2b.js:1
uf @ 034e3fd6b1c52e2b.js:1
uc @ 034e3fd6b1c52e2b.js:1
uf @ 034e3fd6b1c52e2b.js:1
sE @ 034e3fd6b1c52e2b.js:1
sS @ 034e3fd6b1c52e2b.js:1
sw @ 034e3fd6b1c52e2b.js:1
sh @ 034e3fd6b1c52e2b.js:1
u7 @ 034e3fd6b1c52e2b.js:1
u9 @ 034e3fd6b1c52e2b.js:1
sH @ 034e3fd6b1c52e2b.js:1
sA @ 034e3fd6b1c52e2b.js:1
sU @ 034e3fd6b1c52e2b.js:1
(anonymous) @ 034e3fd6b1c52e2b.js:1
b77dcf45663a1b9c.js:1 Fetch failed for https://postgresql-production-ba08.up.railway.app/api/simulate/risk-parity: Error: Internal Server Error
    at r (b77dcf45663a1b9c.js:1:12628)
r @ b77dcf45663a1b9c.js:1
await in r
queryFn @ 23ba9a0bb5ad7450.js:1
a @ b7e14a820a68e5c2.js:1
v @ b7e14a820a68e5c2.js:1
(anonymous) @ b7e14a820a68e5c2.js:1
Promise.then
(anonymous) @ b7e14a820a68e5c2.js:1
Promise.catch
v @ b7e14a820a68e5c2.js:1
(anonymous) @ b7e14a820a68e5c2.js:1
Promise.then
(anonymous) @ b7e14a820a68e5c2.js:1
Promise.catch
v @ b7e14a820a68e5c2.js:1
start @ b7e14a820a68e5c2.js:1
fetch @ b7e14a820a68e5c2.js:1
#m @ b77dcf45663a1b9c.js:1
setOptions @ b77dcf45663a1b9c.js:1
(anonymous) @ b77dcf45663a1b9c.js:1
ih @ 034e3fd6b1c52e2b.js:1
uf @ 034e3fd6b1c52e2b.js:1
uc @ 034e3fd6b1c52e2b.js:1
uf @ 034e3fd6b1c52e2b.js:1
uc @ 034e3fd6b1c52e2b.js:1
uf @ 034e3fd6b1c52e2b.js:1
uc @ 034e3fd6b1c52e2b.js:1
uf @ 034e3fd6b1c52e2b.js:1
uc @ 034e3fd6b1c52e2b.js:1
uf @ 034e3fd6b1c52e2b.js:1
uc @ 034e3fd6b1c52e2b.js:1
uf @ 034e3fd6b1c52e2b.js:1
uc @ 034e3fd6b1c52e2b.js:1
uf @ 034e3fd6b1c52e2b.js:1
uc @ 034e3fd6b1c52e2b.js:1
uf @ 034e3fd6b1c52e2b.js:1
uc @ 034e3fd6b1c52e2b.js:1
uf @ 034e3fd6b1c52e2b.js:1
uc @ 034e3fd6b1c52e2b.js:1
uf @ 034e3fd6b1c52e2b.js:1
uc @ 034e3fd6b1c52e2b.js:1
uf @ 034e3fd6b1c52e2b.js:1
uc @ 034e3fd6b1c52e2b.js:1
uf @ 034e3fd6b1c52e2b.js:1
uc @ 034e3fd6b1c52e2b.js:1
uf @ 034e3fd6b1c52e2b.js:1
uc @ 034e3fd6b1c52e2b.js:1
uf @ 034e3fd6b1c52e2b.js:1
uc @ 034e3fd6b1c52e2b.js:1
uf @ 034e3fd6b1c52e2b.js:1
uc @ 034e3fd6b1c52e2b.js:1
uf @ 034e3fd6b1c52e2b.js:1
uc @ 034e3fd6b1c52e2b.js:1
uf @ 034e3fd6b1c52e2b.js:1
uc @ 034e3fd6b1c52e2b.js:1
uf @ 034e3fd6b1c52e2b.js:1
uc @ 034e3fd6b1c52e2b.js:1
uf @ 034e3fd6b1c52e2b.js:1
uc @ 034e3fd6b1c52e2b.js:1
uf @ 034e3fd6b1c52e2b.js:1
uc @ 034e3fd6b1c52e2b.js:1
uf @ 034e3fd6b1c52e2b.js:1
uc @ 034e3fd6b1c52e2b.js:1
uf @ 034e3fd6b1c52e2b.js:1
uc @ 034e3fd6b1c52e2b.js:1
uf @ 034e3fd6b1c52e2b.js:1
uc @ 034e3fd6b1c52e2b.js:1
uf @ 034e3fd6b1c52e2b.js:1
uc @ 034e3fd6b1c52e2b.js:1
uf @ 034e3fd6b1c52e2b.js:1
uc @ 034e3fd6b1c52e2b.js:1
uf @ 034e3fd6b1c52e2b.js:1
uc @ 034e3fd6b1c52e2b.js:1
uf @ 034e3fd6b1c52e2b.js:1
uc @ 034e3fd6b1c52e2b.js:1
uf @ 034e3fd6b1c52e2b.js:1
uc @ 034e3fd6b1c52e2b.js:1
uf @ 034e3fd6b1c52e2b.js:1
uc @ 034e3fd6b1c52e2b.js:1
uf @ 034e3fd6b1c52e2b.js:1
uc @ 034e3fd6b1c52e2b.js:1
uf @ 034e3fd6b1c52e2b.js:1
uc @ 034e3fd6b1c52e2b.js:1
uf @ 034e3fd6b1c52e2b.js:1
uc @ 034e3fd6b1c52e2b.js:1
uf @ 034e3fd6b1c52e2b.js:1
uc @ 034e3fd6b1c52e2b.js:1
uf @ 034e3fd6b1c52e2b.js:1
uc @ 034e3fd6b1c52e2b.js:1
uf @ 034e3fd6b1c52e2b.js:1
uc @ 034e3fd6b1c52e2b.js:1
uf @ 034e3fd6b1c52e2b.js:1
uc @ 034e3fd6b1c52e2b.js:1
uf @ 034e3fd6b1c52e2b.js:1
uc @ 034e3fd6b1c52e2b.js:1
uf @ 034e3fd6b1c52e2b.js:1
uc @ 034e3fd6b1c52e2b.js:1
uf @ 034e3fd6b1c52e2b.js:1
uc @ 034e3fd6b1c52e2b.js:1
uf @ 034e3fd6b1c52e2b.js:1
uc @ 034e3fd6b1c52e2b.js:1
uf @ 034e3fd6b1c52e2b.js:1
uc @ 034e3fd6b1c52e2b.js:1
uf @ 034e3fd6b1c52e2b.js:1
uc @ 034e3fd6b1c52e2b.js:1
uf @ 034e3fd6b1c52e2b.js:1
uc @ 034e3fd6b1c52e2b.js:1
uf @ 034e3fd6b1c52e2b.js:1
uc @ 034e3fd6b1c52e2b.js:1
uf @ 034e3fd6b1c52e2b.js:1
uc @ 034e3fd6b1c52e2b.js:1
uf @ 034e3fd6b1c52e2b.js:1
uc @ 034e3fd6b1c52e2b.js:1
uf @ 034e3fd6b1c52e2b.js:1
uc @ 034e3fd6b1c52e2b.js:1
uf @ 034e3fd6b1c52e2b.js:1
uc @ 034e3fd6b1c52e2b.js:1
uf @ 034e3fd6b1c52e2b.js:1
uc @ 034e3fd6b1c52e2b.js:1
uf @ 034e3fd6b1c52e2b.js:1
uc @ 034e3fd6b1c52e2b.js:1
uf @ 034e3fd6b1c52e2b.js:1
uc @ 034e3fd6b1c52e2b.js:1
uf @ 034e3fd6b1c52e2b.js:1
uc @ 034e3fd6b1c52e2b.js:1
uf @ 034e3fd6b1c52e2b.js:1
uc @ 034e3fd6b1c52e2b.js:1
uf @ 034e3fd6b1c52e2b.js:1
uc @ 034e3fd6b1c52e2b.js:1
uf @ 034e3fd6b1c52e2b.js:1
uc @ 034e3fd6b1c52e2b.js:1
uf @ 034e3fd6b1c52e2b.js:1
uc @ 034e3fd6b1c52e2b.js:1
uf @ 034e3fd6b1c52e2b.js:1
uc @ 034e3fd6b1c52e2b.js:1
uf @ 034e3fd6b1c52e2b.js:1
uc @ 034e3fd6b1c52e2b.js:1
uf @ 034e3fd6b1c52e2b.js:1
uc @ 034e3fd6b1c52e2b.js:1
uf @ 034e3fd6b1c52e2b.js:1
uc @ 034e3fd6b1c52e2b.js:1
uf @ 034e3fd6b1c52e2b.js:1
uc @ 034e3fd6b1c52e2b.js:1
uf @ 034e3fd6b1c52e2b.js:1
uc @ 034e3fd6b1c52e2b.js:1
uf @ 034e3fd6b1c52e2b.js:1
uc @ 034e3fd6b1c52e2b.js:1
uf @ 034e3fd6b1c52e2b.js:1
uc @ 034e3fd6b1c52e2b.js:1
uf @ 034e3fd6b1c52e2b.js:1
uc @ 034e3fd6b1c52e2b.js:1
uf @ 034e3fd6b1c52e2b.js:1
uc @ 034e3fd6b1c52e2b.js:1
uf @ 034e3fd6b1c52e2b.js:1
uc @ 034e3fd6b1c52e2b.js:1
uf @ 034e3fd6b1c52e2b.js:1
uc @ 034e3fd6b1c52e2b.js:1
uf @ 034e3fd6b1c52e2b.js:1
uc @ 034e3fd6b1c52e2b.js:1
uf @ 034e3fd6b1c52e2b.js:1
uc @ 034e3fd6b1c52e2b.js:1
uf @ 034e3fd6b1c52e2b.js:1
uc @ 034e3fd6b1c52e2b.js:1
uf @ 034e3fd6b1c52e2b.js:1
uc @ 034e3fd6b1c52e2b.js:1
uf @ 034e3fd6b1c52e2b.js:1
uc @ 034e3fd6b1c52e2b.js:1
uf @ 034e3fd6b1c52e2b.js:1
sE @ 034e3fd6b1c52e2b.js:1
sS @ 034e3fd6b1c52e2b.js:1
sw @ 034e3fd6b1c52e2b.js:1
sh @ 034e3fd6b1c52e2b.js:1
u7 @ 034e3fd6b1c52e2b.js:1
u9 @ 034e3fd6b1c52e2b.js:1
sH @ 034e3fd6b1c52e2b.js:1
sA @ 034e3fd6b1c52e2b.js:1
sU @ 034e3fd6b1c52e2b.js:1
(anonymous) @ 034e3fd6b1c52e2b.js:1
b77dcf45663a1b9c.js:1 [API REQUEST] Fetching: https://postgresql-production-ba08.up.railway.app/api/simulate/risk-parity
b77dcf45663a1b9c.js:1 API Error [500]: {"detail":"Internal Server Error","request_id":"7b65b140-a9b2-4ba8-96af-63746cdd45be"}
r @ b77dcf45663a1b9c.js:1
await in r
queryFn @ 23ba9a0bb5ad7450.js:1
a @ b7e14a820a68e5c2.js:1
v @ b7e14a820a68e5c2.js:1
(anonymous) @ b7e14a820a68e5c2.js:1
Promise.then
(anonymous) @ b7e14a820a68e5c2.js:1
Promise.catch
v @ b7e14a820a68e5c2.js:1
(anonymous) @ b7e14a820a68e5c2.js:1
Promise.then
(anonymous) @ b7e14a820a68e5c2.js:1
Promise.catch
v @ b7e14a820a68e5c2.js:1
(anonymous) @ b7e14a820a68e5c2.js:1
Promise.then
(anonymous) @ b7e14a820a68e5c2.js:1
Promise.catch
v @ b7e14a820a68e5c2.js:1
start @ b7e14a820a68e5c2.js:1
fetch @ b7e14a820a68e5c2.js:1
#m @ b77dcf45663a1b9c.js:1
setOptions @ b77dcf45663a1b9c.js:1
(anonymous) @ b77dcf45663a1b9c.js:1
ih @ 034e3fd6b1c52e2b.js:1
uf @ 034e3fd6b1c52e2b.js:1
uc @ 034e3fd6b1c52e2b.js:1
uf @ 034e3fd6b1c52e2b.js:1
uc @ 034e3fd6b1c52e2b.js:1
uf @ 034e3fd6b1c52e2b.js:1
uc @ 034e3fd6b1c52e2b.js:1
uf @ 034e3fd6b1c52e2b.js:1
uc @ 034e3fd6b1c52e2b.js:1
uf @ 034e3fd6b1c52e2b.js:1
uc @ 034e3fd6b1c52e2b.js:1
uf @ 034e3fd6b1c52e2b.js:1
uc @ 034e3fd6b1c52e2b.js:1
uf @ 034e3fd6b1c52e2b.js:1
uc @ 034e3fd6b1c52e2b.js:1
uf @ 034e3fd6b1c52e2b.js:1
uc @ 034e3fd6b1c52e2b.js:1
uf @ 034e3fd6b1c52e2b.js:1
uc @ 034e3fd6b1c52e2b.js:1
uf @ 034e3fd6b1c52e2b.js:1
uc @ 034e3fd6b1c52e2b.js:1
uf @ 034e3fd6b1c52e2b.js:1
uc @ 034e3fd6b1c52e2b.js:1
uf @ 034e3fd6b1c52e2b.js:1
uc @ 034e3fd6b1c52e2b.js:1
uf @ 034e3fd6b1c52e2b.js:1
uc @ 034e3fd6b1c52e2b.js:1
uf @ 034e3fd6b1c52e2b.js:1
uc @ 034e3fd6b1c52e2b.js:1
uf @ 034e3fd6b1c52e2b.js:1
uc @ 034e3fd6b1c52e2b.js:1
uf @ 034e3fd6b1c52e2b.js:1
uc @ 034e3fd6b1c52e2b.js:1
uf @ 034e3fd6b1c52e2b.js:1
uc @ 034e3fd6b1c52e2b.js:1
uf @ 034e3fd6b1c52e2b.js:1
uc @ 034e3fd6b1c52e2b.js:1
uf @ 034e3fd6b1c52e2b.js:1
uc @ 034e3fd6b1c52e2b.js:1
uf @ 034e3fd6b1c52e2b.js:1
uc @ 034e3fd6b1c52e2b.js:1
uf @ 034e3fd6b1c52e2b.js:1
uc @ 034e3fd6b1c52e2b.js:1
uf @ 034e3fd6b1c52e2b.js:1
uc @ 034e3fd6b1c52e2b.js:1
uf @ 034e3fd6b1c52e2b.js:1
uc @ 034e3fd6b1c52e2b.js:1
uf @ 034e3fd6b1c52e2b.js:1
uc @ 034e3fd6b1c52e2b.js:1
uf @ 034e3fd6b1c52e2b.js:1
uc @ 034e3fd6b1c52e2b.js:1
uf @ 034e3fd6b1c52e2b.js:1
uc @ 034e3fd6b1c52e2b.js:1
uf @ 034e3fd6b1c52e2b.js:1
uc @ 034e3fd6b1c52e2b.js:1
uf @ 034e3fd6b1c52e2b.js:1
uc @ 034e3fd6b1c52e2b.js:1
uf @ 034e3fd6b1c52e2b.js:1
uc @ 034e3fd6b1c52e2b.js:1
uf @ 034e3fd6b1c52e2b.js:1
uc @ 034e3fd6b1c52e2b.js:1
uf @ 034e3fd6b1c52e2b.js:1
uc @ 034e3fd6b1c52e2b.js:1
uf @ 034e3fd6b1c52e2b.js:1
uc @ 034e3fd6b1c52e2b.js:1
uf @ 034e3fd6b1c52e2b.js:1
uc @ 034e3fd6b1c52e2b.js:1
uf @ 034e3fd6b1c52e2b.js:1
uc @ 034e3fd6b1c52e2b.js:1
uf @ 034e3fd6b1c52e2b.js:1
uc @ 034e3fd6b1c52e2b.js:1
uf @ 034e3fd6b1c52e2b.js:1
uc @ 034e3fd6b1c52e2b.js:1
uf @ 034e3fd6b1c52e2b.js:1
uc @ 034e3fd6b1c52e2b.js:1
uf @ 034e3fd6b1c52e2b.js:1
uc @ 034e3fd6b1c52e2b.js:1
uf @ 034e3fd6b1c52e2b.js:1
uc @ 034e3fd6b1c52e2b.js:1
uf @ 034e3fd6b1c52e2b.js:1
uc @ 034e3fd6b1c52e2b.js:1
uf @ 034e3fd6b1c52e2b.js:1
uc @ 034e3fd6b1c52e2b.js:1
uf @ 034e3fd6b1c52e2b.js:1
uc @ 034e3fd6b1c52e2b.js:1
uf @ 034e3fd6b1c52e2b.js:1
uc @ 034e3fd6b1c52e2b.js:1
uf @ 034e3fd6b1c52e2b.js:1
uc @ 034e3fd6b1c52e2b.js:1
uf @ 034e3fd6b1c52e2b.js:1
uc @ 034e3fd6b1c52e2b.js:1
uf @ 034e3fd6b1c52e2b.js:1
uc @ 034e3fd6b1c52e2b.js:1
uf @ 034e3fd6b1c52e2b.js:1
uc @ 034e3fd6b1c52e2b.js:1
uf @ 034e3fd6b1c52e2b.js:1
uc @ 034e3fd6b1c52e2b.js:1
uf @ 034e3fd6b1c52e2b.js:1
uc @ 034e3fd6b1c52e2b.js:1
uf @ 034e3fd6b1c52e2b.js:1
uc @ 034e3fd6b1c52e2b.js:1
uf @ 034e3fd6b1c52e2b.js:1
uc @ 034e3fd6b1c52e2b.js:1
uf @ 034e3fd6b1c52e2b.js:1
uc @ 034e3fd6b1c52e2b.js:1
uf @ 034e3fd6b1c52e2b.js:1
uc @ 034e3fd6b1c52e2b.js:1
uf @ 034e3fd6b1c52e2b.js:1
uc @ 034e3fd6b1c52e2b.js:1
uf @ 034e3fd6b1c52e2b.js:1
uc @ 034e3fd6b1c52e2b.js:1
uf @ 034e3fd6b1c52e2b.js:1
uc @ 034e3fd6b1c52e2b.js:1
uf @ 034e3fd6b1c52e2b.js:1
uc @ 034e3fd6b1c52e2b.js:1
uf @ 034e3fd6b1c52e2b.js:1
uc @ 034e3fd6b1c52e2b.js:1
uf @ 034e3fd6b1c52e2b.js:1
uc @ 034e3fd6b1c52e2b.js:1
uf @ 034e3fd6b1c52e2b.js:1
uc @ 034e3fd6b1c52e2b.js:1
uf @ 034e3fd6b1c52e2b.js:1
uc @ 034e3fd6b1c52e2b.js:1
uf @ 034e3fd6b1c52e2b.js:1
uc @ 034e3fd6b1c52e2b.js:1
uf @ 034e3fd6b1c52e2b.js:1
uc @ 034e3fd6b1c52e2b.js:1
uf @ 034e3fd6b1c52e2b.js:1
uc @ 034e3fd6b1c52e2b.js:1
uf @ 034e3fd6b1c52e2b.js:1
uc @ 034e3fd6b1c52e2b.js:1
uf @ 034e3fd6b1c52e2b.js:1
uc @ 034e3fd6b1c52e2b.js:1
uf @ 034e3fd6b1c52e2b.js:1
uc @ 034e3fd6b1c52e2b.js:1
uf @ 034e3fd6b1c52e2b.js:1
uc @ 034e3fd6b1c52e2b.js:1
uf @ 034e3fd6b1c52e2b.js:1
uc @ 034e3fd6b1c52e2b.js:1
uf @ 034e3fd6b1c52e2b.js:1
uc @ 034e3fd6b1c52e2b.js:1
uf @ 034e3fd6b1c52e2b.js:1
uc @ 034e3fd6b1c52e2b.js:1
uf @ 034e3fd6b1c52e2b.js:1
uc @ 034e3fd6b1c52e2b.js:1
uf @ 034e3fd6b1c52e2b.js:1
uc @ 034e3fd6b1c52e2b.js:1
uf @ 034e3fd6b1c52e2b.js:1
sE @ 034e3fd6b1c52e2b.js:1
sS @ 034e3fd6b1c52e2b.js:1
sw @ 034e3fd6b1c52e2b.js:1
sh @ 034e3fd6b1c52e2b.js:1
u7 @ 034e3fd6b1c52e2b.js:1
u9 @ 034e3fd6b1c52e2b.js:1
sH @ 034e3fd6b1c52e2b.js:1
sA @ 034e3fd6b1c52e2b.js:1
sU @ 034e3fd6b1c52e2b.js:1
(anonymous) @ 034e3fd6b1c52e2b.js:1
b77dcf45663a1b9c.js:1 Fetch failed for https://postgresql-production-ba08.up.railway.app/api/simulate/risk-parity: Error: Internal Server Error
    at r (b77dcf45663a1b9c.js:1:12628)
r @ b77dcf45663a1b9c.js:1
await in r
queryFn @ 23ba9a0bb5ad7450.js:1
a @ b7e14a820a68e5c2.js:1
v @ b7e14a820a68e5c2.js:1
(anonymous) @ b7e14a820a68e5c2.js:1
Promise.then
(anonymous) @ b7e14a820a68e5c2.js:1
Promise.catch
v @ b7e14a820a68e5c2.js:1
(anonymous) @ b7e14a820a68e5c2.js:1
Promise.then
(anonymous) @ b7e14a820a68e5c2.js:1
Promise.catch
v @ b7e14a820a68e5c2.js:1
(anonymous) @ b7e14a820a68e5c2.js:1
Promise.then
(anonymous) @ b7e14a820a68e5c2.js:1
Promise.catch
v @ b7e14a820a68e5c2.js:1
start @ b7e14a820a68e5c2.js:1
fetch @ b7e14a820a68e5c2.js:1
#m @ b77dcf45663a1b9c.js:1
setOptions @ b77dcf45663a1b9c.js:1
(anonymous) @ b77dcf45663a1b9c.js:1
ih @ 034e3fd6b1c52e2b.js:1
uf @ 034e3fd6b1c52e2b.js:1
uc @ 034e3fd6b1c52e2b.js:1
uf @ 034e3fd6b1c52e2b.js:1
uc @ 034e3fd6b1c52e2b.js:1
uf @ 034e3fd6b1c52e2b.js:1
uc @ 034e3fd6b1c52e2b.js:1
uf @ 034e3fd6b1c52e2b.js:1
uc @ 034e3fd6b1c52e2b.js:1
uf @ 034e3fd6b1c52e2b.js:1
uc @ 034e3fd6b1c52e2b.js:1
uf @ 034e3fd6b1c52e2b.js:1
uc @ 034e3fd6b1c52e2b.js:1
uf @ 034e3fd6b1c52e2b.js:1
uc @ 034e3fd6b1c52e2b.js:1
uf @ 034e3fd6b1c52e2b.js:1
uc @ 034e3fd6b1c52e2b.js:1
uf @ 034e3fd6b1c52e2b.js:1
uc @ 034e3fd6b1c52e2b.js:1
uf @ 034e3fd6b1c52e2b.js:1
uc @ 034e3fd6b1c52e2b.js:1
uf @ 034e3fd6b1c52e2b.js:1
uc @ 034e3fd6b1c52e2b.js:1
uf @ 034e3fd6b1c52e2b.js:1
uc @ 034e3fd6b1c52e2b.js:1
uf @ 034e3fd6b1c52e2b.js:1
uc @ 034e3fd6b1c52e2b.js:1
uf @ 034e3fd6b1c52e2b.js:1
uc @ 034e3fd6b1c52e2b.js:1
uf @ 034e3fd6b1c52e2b.js:1
uc @ 034e3fd6b1c52e2b.js:1
uf @ 034e3fd6b1c52e2b.js:1
uc @ 034e3fd6b1c52e2b.js:1
uf @ 034e3fd6b1c52e2b.js:1
uc @ 034e3fd6b1c52e2b.js:1
uf @ 034e3fd6b1c52e2b.js:1
uc @ 034e3fd6b1c52e2b.js:1
uf @ 034e3fd6b1c52e2b.js:1
uc @ 034e3fd6b1c52e2b.js:1
uf @ 034e3fd6b1c52e2b.js:1
uc @ 034e3fd6b1c52e2b.js:1
uf @ 034e3fd6b1c52e2b.js:1
uc @ 034e3fd6b1c52e2b.js:1
uf @ 034e3fd6b1c52e2b.js:1
uc @ 034e3fd6b1c52e2b.js:1
uf @ 034e3fd6b1c52e2b.js:1
uc @ 034e3fd6b1c52e2b.js:1
uf @ 034e3fd6b1c52e2b.js:1
uc @ 034e3fd6b1c52e2b.js:1
uf @ 034e3fd6b1c52e2b.js:1
uc @ 034e3fd6b1c52e2b.js:1
uf @ 034e3fd6b1c52e2b.js:1
uc @ 034e3fd6b1c52e2b.js:1
uf @ 034e3fd6b1c52e2b.js:1
uc @ 034e3fd6b1c52e2b.js:1
uf @ 034e3fd6b1c52e2b.js:1
uc @ 034e3fd6b1c52e2b.js:1
uf @ 034e3fd6b1c52e2b.js:1
uc @ 034e3fd6b1c52e2b.js:1
uf @ 034e3fd6b1c52e2b.js:1
uc @ 034e3fd6b1c52e2b.js:1
uf @ 034e3fd6b1c52e2b.js:1
uc @ 034e3fd6b1c52e2b.js:1
uf @ 034e3fd6b1c52e2b.js:1
uc @ 034e3fd6b1c52e2b.js:1
uf @ 034e3fd6b1c52e2b.js:1
uc @ 034e3fd6b1c52e2b.js:1
uf @ 034e3fd6b1c52e2b.js:1
uc @ 034e3fd6b1c52e2b.js:1
uf @ 034e3fd6b1c52e2b.js:1
uc @ 034e3fd6b1c52e2b.js:1
uf @ 034e3fd6b1c52e2b.js:1
uc @ 034e3fd6b1c52e2b.js:1
uf @ 034e3fd6b1c52e2b.js:1
uc @ 034e3fd6b1c52e2b.js:1
uf @ 034e3fd6b1c52e2b.js:1
uc @ 034e3fd6b1c52e2b.js:1
uf @ 034e3fd6b1c52e2b.js:1
uc @ 034e3fd6b1c52e2b.js:1
uf @ 034e3fd6b1c52e2b.js:1
uc @ 034e3fd6b1c52e2b.js:1
uf @ 034e3fd6b1c52e2b.js:1
uc @ 034e3fd6b1c52e2b.js:1
uf @ 034e3fd6b1c52e2b.js:1
uc @ 034e3fd6b1c52e2b.js:1
uf @ 034e3fd6b1c52e2b.js:1
uc @ 034e3fd6b1c52e2b.js:1
uf @ 034e3fd6b1c52e2b.js:1
uc @ 034e3fd6b1c52e2b.js:1
uf @ 034e3fd6b1c52e2b.js:1
uc @ 034e3fd6b1c52e2b.js:1
uf @ 034e3fd6b1c52e2b.js:1
uc @ 034e3fd6b1c52e2b.js:1
uf @ 034e3fd6b1c52e2b.js:1
uc @ 034e3fd6b1c52e2b.js:1
uf @ 034e3fd6b1c52e2b.js:1
uc @ 034e3fd6b1c52e2b.js:1
uf @ 034e3fd6b1c52e2b.js:1
uc @ 034e3fd6b1c52e2b.js:1
uf @ 034e3fd6b1c52e2b.js:1
uc @ 034e3fd6b1c52e2b.js:1
uf @ 034e3fd6b1c52e2b.js:1
uc @ 034e3fd6b1c52e2b.js:1
uf @ 034e3fd6b1c52e2b.js:1
uc @ 034e3fd6b1c52e2b.js:1
uf @ 034e3fd6b1c52e2b.js:1
uc @ 034e3fd6b1c52e2b.js:1
uf @ 034e3fd6b1c52e2b.js:1
uc @ 034e3fd6b1c52e2b.js:1
uf @ 034e3fd6b1c52e2b.js:1
uc @ 034e3fd6b1c52e2b.js:1
uf @ 034e3fd6b1c52e2b.js:1
uc @ 034e3fd6b1c52e2b.js:1
uf @ 034e3fd6b1c52e2b.js:1
uc @ 034e3fd6b1c52e2b.js:1
uf @ 034e3fd6b1c52e2b.js:1
uc @ 034e3fd6b1c52e2b.js:1
uf @ 034e3fd6b1c52e2b.js:1
uc @ 034e3fd6b1c52e2b.js:1
uf @ 034e3fd6b1c52e2b.js:1
uc @ 034e3fd6b1c52e2b.js:1
uf @ 034e3fd6b1c52e2b.js:1
uc @ 034e3fd6b1c52e2b.js:1
uf @ 034e3fd6b1c52e2b.js:1
uc @ 034e3fd6b1c52e2b.js:1
uf @ 034e3fd6b1c52e2b.js:1
uc @ 034e3fd6b1c52e2b.js:1
uf @ 034e3fd6b1c52e2b.js:1
uc @ 034e3fd6b1c52e2b.js:1
uf @ 034e3fd6b1c52e2b.js:1
uc @ 034e3fd6b1c52e2b.js:1
uf @ 034e3fd6b1c52e2b.js:1
uc @ 034e3fd6b1c52e2b.js:1
uf @ 034e3fd6b1c52e2b.js:1
uc @ 034e3fd6b1c52e2b.js:1
uf @ 034e3fd6b1c52e2b.js:1
uc @ 034e3fd6b1c52e2b.js:1
uf @ 034e3fd6b1c52e2b.js:1
uc @ 034e3fd6b1c52e2b.js:1
uf @ 034e3fd6b1c52e2b.js:1
uc @ 034e3fd6b1c52e2b.js:1
uf @ 034e3fd6b1c52e2b.js:1
uc @ 034e3fd6b1c52e2b.js:1
uf @ 034e3fd6b1c52e2b.js:1
uc @ 034e3fd6b1c52e2b.js:1
uf @ 034e3fd6b1c52e2b.js:1
uc @ 034e3fd6b1c52e2b.js:1
uf @ 034e3fd6b1c52e2b.js:1
sE @ 034e3fd6b1c52e2b.js:1
sS @ 034e3fd6b1c52e2b.js:1
sw @ 034e3fd6b1c52e2b.js:1
sh @ 034e3fd6b1c52e2b.js:1
u7 @ 034e3fd6b1c52e2b.js:1
u9 @ 034e3fd6b1c52e2b.js:1
sH @ 034e3fd6b1c52e2b.js:1
sA @ 034e3fd6b1c52e2b.js:1
sU @ 034e3fd6b1c52e2b.js:1
(anonymous) @ 034e3fd6b1c52e2b.js:1
