4d3e2207fde00ff0.js:37 [Supabase Config] URL: https....co
4d3e2207fde00ff0.js:37 [Supabase Config] Key Length: 208
4d3e2207fde00ff0.js:37 [Supabase Probe] Basic connectivity: FAILED. Check AdBlocker or Network Firewall. TypeError: Failed to fetch
    at module evaluation (4d3e2207fde00ff0.js:37:51975)
    at q (turbopack-f485e9ed32dcb29d.js:4:939)
    at B (turbopack-f485e9ed32dcb29d.js:4:480)
    at o.m [as i] (turbopack-f485e9ed32dcb29d.js:1:2383)
    at module evaluation (5d4c977a7d4c6746.js:1:780)
    at q (turbopack-f485e9ed32dcb29d.js:4:939)
    at B (turbopack-f485e9ed32dcb29d.js:4:480)
    at l.r (turbopack-f485e9ed32dcb29d.js:1:2969)
    at f (bf101098e25252ac.js:1:731)
    at k (bf101098e25252ac.js:1:4140)
(anonymous) @ 4d3e2207fde00ff0.js:37
Promise.catch
module evaluation @ 4d3e2207fde00ff0.js:37
q @ turbopack-f485e9ed32dcb29d.js:4
B @ turbopack-f485e9ed32dcb29d.js:4
m @ turbopack-f485e9ed32dcb29d.js:1
module evaluation @ 5d4c977a7d4c6746.js:1
q @ turbopack-f485e9ed32dcb29d.js:4
B @ turbopack-f485e9ed32dcb29d.js:4
l.r @ turbopack-f485e9ed32dcb29d.js:1
f @ bf101098e25252ac.js:1
k @ bf101098e25252ac.js:1
N @ bf101098e25252ac.js:1
(anonymous) @ bf101098e25252ac.js:1
Promise.then
(anonymous) @ bf101098e25252ac.js:1
t @ bf101098e25252ac.js:1
Promise.then
ei @ bf101098e25252ac.js:1
r.createFromReadableStream @ bf101098e25252ac.js:1
module evaluation @ 034e3fd6b1c52e2b.js:1
q @ turbopack-f485e9ed32dcb29d.js:4
B @ turbopack-f485e9ed32dcb29d.js:4
l.r @ turbopack-f485e9ed32dcb29d.js:1
(anonymous) @ 034e3fd6b1c52e2b.js:1
n @ 034e3fd6b1c52e2b.js:1
a @ 034e3fd6b1c52e2b.js:1
module evaluation @ 034e3fd6b1c52e2b.js:1
q @ turbopack-f485e9ed32dcb29d.js:4
(anonymous) @ turbopack-f485e9ed32dcb29d.js:4
registerChunk @ turbopack-f485e9ed32dcb29d.js:4
await in registerChunk
I @ turbopack-f485e9ed32dcb29d.js:4
(anonymous) @ turbopack-f485e9ed32dcb29d.js:4
(anonymous) @ turbopack-f485e9ed32dcb29d.js:4
4d3e2207fde00ff0.js:24 TypeError: Failed to fetch
    at 4d3e2207fde00ff0.js:24:38565
    at tU (4d3e2207fde00ff0.js:24:43505)
    at tN (4d3e2207fde00ff0.js:24:43033)
    at rh.signUp (4d3e2207fde00ff0.js:24:68877)
    at e (5d4c977a7d4c6746.js:1:1143)
    at sY (034e3fd6b1c52e2b.js:1:161795)
    at 034e3fd6b1c52e2b.js:1:167683
    at tD (034e3fd6b1c52e2b.js:1:30290)
    at s3 (034e3fd6b1c52e2b.js:1:163028)
    at fC (034e3fd6b1c52e2b.js:1:198994)
tU @ 4d3e2207fde00ff0.js:24
await in tU
tN @ 4d3e2207fde00ff0.js:24
signUp @ 4d3e2207fde00ff0.js:24
e @ 5d4c977a7d4c6746.js:1
sY @ 034e3fd6b1c52e2b.js:1
(anonymous) @ 034e3fd6b1c52e2b.js:1
tD @ 034e3fd6b1c52e2b.js:1
s3 @ 034e3fd6b1c52e2b.js:1
fC @ 034e3fd6b1c52e2b.js:1
fP @ 034e3fd6b1c52e2b.js:1
