edfa344475cea699.js:1 [API REQUEST] Fetching: https://postgresql-production-ba08.up.railway.app/api/assets/SPY/historical-data
edfa344475cea699.js:1 Fetch failed for https://postgresql-production-ba08.up.railway.app/api/assets/SPY/historical-data: TypeError: Failed to fetch
    at s (edfa344475cea699.js:1:12417)
s @ edfa344475cea699.js:1
edfa344475cea699.js:1 [API REQUEST] Fetching: https://postgresql-production-ba08.up.railway.app/api/assets/SPY/historical-data
edfa344475cea699.js:1 Fetch failed for https://postgresql-production-ba08.up.railway.app/api/assets/SPY/historical-data: TypeError: Failed to fetch
    at s (edfa344475cea699.js:1:12417)
s @ edfa344475cea699.js:1
await in s
i @ edfa344475cea699.js:1
a @ b7e14a820a68e5c2.js:1
v @ b7e14a820a68e5c2.js:1
(anonymous) @ b7e14a820a68e5c2.js:1
Promise.then
(anonymous) @ b7e14a820a68e5c2.js:1
edfa344475cea699.js:1 [API REQUEST] Fetching: https://postgresql-production-ba08.up.railway.app/api/assets/SPY/historical-data
edfa344475cea699.js:1 Fetch failed for https://postgresql-production-ba08.up.railway.app/api/assets/SPY/historical-data: TypeError: Failed to fetch
    at s (edfa344475cea699.js:1:12417)
s @ edfa344475cea699.js:1
await in s
i @ edfa344475cea699.js:1
a @ b7e14a820a68e5c2.js:1
v @ b7e14a820a68e5c2.js:1
(anonymous) @ b7e14a820a68e5c2.js:1
Promise.then
(anonymous) @ b7e14a820a68e5c2.js:1
Promise.catch
v @ b7e14a820a68e5c2.js:1
(anonymous) @ b7e14a820a68e5c2.js:1
Promise.then
(anonymous) @ b7e14a820a68e5c2.js:1
edfa344475cea699.js:1 [API REQUEST] Fetching: https://postgresql-production-ba08.up.railway.app/api/assets/SPY/historical-data
edfa344475cea699.js:1 Fetch failed for https://postgresql-production-ba08.up.railway.app/api/assets/SPY/historical-data: TypeError: Failed to fetch
    at s (edfa344475cea699.js:1:12417)
s @ edfa344475cea699.js:1
await in s
i @ edfa344475cea699.js:1
a @ b7e14a820a68e5c2.js:1
v @ b7e14a820a68e5c2.js:1
(anonymous) @ b7e14a820a68e5c2.js:1
Promise.then
(anonymous) @ b7e14a820a68e5c2.js:1
Promise.catch
v @ b7e14a820a68e5c2.js:1
(anonymous) @ b7e14a820a68e5c2.js:1
Promise.then
(anonymous) @ b7e14a820a68e5c2.js:1
Promise.catch
v @ b7e14a820a68e5c2.js:1
(anonymous) @ b7e14a820a68e5c2.js:1
Promise.then
(anonymous) @ b7e14a820a68e5c2.js:1
