edfa344475cea699.js:1 [API REQUEST] Fetching: https://postgresql-production-ba08.up.railway.app/api/assets/SPY/historical-data
edfa344475cea699.js:1 Fetch failed for https://postgresql-production-ba08.up.railway.app/api/assets/SPY/historical-data: TypeError: Failed to fetch
    at s (edfa344475cea699.js:1:12417)
s @ edfa344475cea699.js:1
await in s
i @ edfa344475cea699.js:1
a @ b7e14a820a68e5c2.js:1
v @ b7e14a820a68e5c2.js:1
start @ b7e14a820a68e5c2.js:1
fetch @ b7e14a820a68e5c2.js:1
#m @ edfa344475cea699.js:1
onSubscribe @ edfa344475cea699.js:1
subscribe @ b7e14a820a68e5c2.js:1
(anonymous) @ edfa344475cea699.js:1
aF @ 034e3fd6b1c52e2b.js:1
ih @ 034e3fd6b1c52e2b.js:1
uf @ 034e3fd6b1c52e2b.js:1
uc @ 034e3fd6b1c52e2b.js:1
uf @ 034e3fd6b1c52e2b.js:1
uc @ 034e3fd6b1c52e2b.js:1
uf @ 034e3fd6b1c52e2b.js:1
uc @ 034e3fd6b1c52e2b.js:1
uf @ 034e3fd6b1c52e2b.js:1
uc @ 034e3fd6b1c52e2b.js:1
uf @ 034e3fd6b1c52e2b.js:1
uc @ 034e3fd6b1c52e2b.js:1
uf @ 034e3fd6b1c52e2b.js:1
uc @ 034e3fd6b1c52e2b.js:1
uf @ 034e3fd6b1c52e2b.js:1
uc @ 034e3fd6b1c52e2b.js:1
uf @ 034e3fd6b1c52e2b.js:1
uc @ 034e3fd6b1c52e2b.js:1
uf @ 034e3fd6b1c52e2b.js:1
uc @ 034e3fd6b1c52e2b.js:1
uf @ 034e3fd6b1c52e2b.js:1
uc @ 034e3fd6b1c52e2b.js:1
uf @ 034e3fd6b1c52e2b.js:1
uc @ 034e3fd6b1c52e2b.js:1
uf @ 034e3fd6b1c52e2b.js:1
uc @ 034e3fd6b1c52e2b.js:1
uf @ 034e3fd6b1c52e2b.js:1
uc @ 034e3fd6b1c52e2b.js:1
uf @ 034e3fd6b1c52e2b.js:1
uc @ 034e3fd6b1c52e2b.js:1
uf @ 034e3fd6b1c52e2b.js:1
uc @ 034e3fd6b1c52e2b.js:1
uf @ 034e3fd6b1c52e2b.js:1
uc @ 034e3fd6b1c52e2b.js:1
uf @ 034e3fd6b1c52e2b.js:1
uc @ 034e3fd6b1c52e2b.js:1
uf @ 034e3fd6b1c52e2b.js:1
uc @ 034e3fd6b1c52e2b.js:1
uf @ 034e3fd6b1c52e2b.js:1
uc @ 034e3fd6b1c52e2b.js:1
uf @ 034e3fd6b1c52e2b.js:1
uc @ 034e3fd6b1c52e2b.js:1
uf @ 034e3fd6b1c52e2b.js:1
uc @ 034e3fd6b1c52e2b.js:1
uf @ 034e3fd6b1c52e2b.js:1
uc @ 034e3fd6b1c52e2b.js:1
uf @ 034e3fd6b1c52e2b.js:1
uc @ 034e3fd6b1c52e2b.js:1
uf @ 034e3fd6b1c52e2b.js:1
uc @ 034e3fd6b1c52e2b.js:1
uf @ 034e3fd6b1c52e2b.js:1
uc @ 034e3fd6b1c52e2b.js:1
uf @ 034e3fd6b1c52e2b.js:1
uc @ 034e3fd6b1c52e2b.js:1
uf @ 034e3fd6b1c52e2b.js:1
uc @ 034e3fd6b1c52e2b.js:1
uf @ 034e3fd6b1c52e2b.js:1
uc @ 034e3fd6b1c52e2b.js:1
uf @ 034e3fd6b1c52e2b.js:1
uc @ 034e3fd6b1c52e2b.js:1
uf @ 034e3fd6b1c52e2b.js:1
uc @ 034e3fd6b1c52e2b.js:1
uf @ 034e3fd6b1c52e2b.js:1
uc @ 034e3fd6b1c52e2b.js:1
uf @ 034e3fd6b1c52e2b.js:1
uc @ 034e3fd6b1c52e2b.js:1
uf @ 034e3fd6b1c52e2b.js:1
uc @ 034e3fd6b1c52e2b.js:1
uf @ 034e3fd6b1c52e2b.js:1
uc @ 034e3fd6b1c52e2b.js:1
uf @ 034e3fd6b1c52e2b.js:1
uc @ 034e3fd6b1c52e2b.js:1
uf @ 034e3fd6b1c52e2b.js:1
uc @ 034e3fd6b1c52e2b.js:1
uf @ 034e3fd6b1c52e2b.js:1
uc @ 034e3fd6b1c52e2b.js:1
uf @ 034e3fd6b1c52e2b.js:1
uc @ 034e3fd6b1c52e2b.js:1
uf @ 034e3fd6b1c52e2b.js:1
uc @ 034e3fd6b1c52e2b.js:1
uf @ 034e3fd6b1c52e2b.js:1
uc @ 034e3fd6b1c52e2b.js:1
uf @ 034e3fd6b1c52e2b.js:1
uc @ 034e3fd6b1c52e2b.js:1
uf @ 034e3fd6b1c52e2b.js:1
uc @ 034e3fd6b1c52e2b.js:1
uf @ 034e3fd6b1c52e2b.js:1
uc @ 034e3fd6b1c52e2b.js:1
uf @ 034e3fd6b1c52e2b.js:1
uc @ 034e3fd6b1c52e2b.js:1
uf @ 034e3fd6b1c52e2b.js:1
uc @ 034e3fd6b1c52e2b.js:1
uf @ 034e3fd6b1c52e2b.js:1
uc @ 034e3fd6b1c52e2b.js:1
uf @ 034e3fd6b1c52e2b.js:1
uc @ 034e3fd6b1c52e2b.js:1
uf @ 034e3fd6b1c52e2b.js:1
uc @ 034e3fd6b1c52e2b.js:1
uf @ 034e3fd6b1c52e2b.js:1
uc @ 034e3fd6b1c52e2b.js:1
uf @ 034e3fd6b1c52e2b.js:1
uc @ 034e3fd6b1c52e2b.js:1
uf @ 034e3fd6b1c52e2b.js:1
sE @ 034e3fd6b1c52e2b.js:1
(anonymous) @ 034e3fd6b1c52e2b.js:1
O @ 034e3fd6b1c52e2b.js:1
edfa344475cea699.js:1 [API REQUEST] Fetching: https://postgresql-production-ba08.up.railway.app/api/assets/SPY/historical-data
edfa344475cea699.js:1 Fetch failed for https://postgresql-production-ba08.up.railway.app/api/assets/SPY/historical-data: TypeError: Failed to fetch
    at s (edfa344475cea699.js:1:12417)
s @ edfa344475cea699.js:1
await in s
i @ edfa344475cea699.js:1
a @ b7e14a820a68e5c2.js:1
v @ b7e14a820a68e5c2.js:1
(anonymous) @ b7e14a820a68e5c2.js:1
Promise.then
(anonymous) @ b7e14a820a68e5c2.js:1
Promise.catch
v @ b7e14a820a68e5c2.js:1
start @ b7e14a820a68e5c2.js:1
fetch @ b7e14a820a68e5c2.js:1
#m @ edfa344475cea699.js:1
onSubscribe @ edfa344475cea699.js:1
subscribe @ b7e14a820a68e5c2.js:1
(anonymous) @ edfa344475cea699.js:1
aF @ 034e3fd6b1c52e2b.js:1
ih @ 034e3fd6b1c52e2b.js:1
uf @ 034e3fd6b1c52e2b.js:1
uc @ 034e3fd6b1c52e2b.js:1
uf @ 034e3fd6b1c52e2b.js:1
uc @ 034e3fd6b1c52e2b.js:1
uf @ 034e3fd6b1c52e2b.js:1
uc @ 034e3fd6b1c52e2b.js:1
uf @ 034e3fd6b1c52e2b.js:1
uc @ 034e3fd6b1c52e2b.js:1
uf @ 034e3fd6b1c52e2b.js:1
uc @ 034e3fd6b1c52e2b.js:1
uf @ 034e3fd6b1c52e2b.js:1
uc @ 034e3fd6b1c52e2b.js:1
uf @ 034e3fd6b1c52e2b.js:1
uc @ 034e3fd6b1c52e2b.js:1
uf @ 034e3fd6b1c52e2b.js:1
uc @ 034e3fd6b1c52e2b.js:1
uf @ 034e3fd6b1c52e2b.js:1
uc @ 034e3fd6b1c52e2b.js:1
uf @ 034e3fd6b1c52e2b.js:1
uc @ 034e3fd6b1c52e2b.js:1
uf @ 034e3fd6b1c52e2b.js:1
uc @ 034e3fd6b1c52e2b.js:1
uf @ 034e3fd6b1c52e2b.js:1
uc @ 034e3fd6b1c52e2b.js:1
uf @ 034e3fd6b1c52e2b.js:1
uc @ 034e3fd6b1c52e2b.js:1
uf @ 034e3fd6b1c52e2b.js:1
uc @ 034e3fd6b1c52e2b.js:1
uf @ 034e3fd6b1c52e2b.js:1
uc @ 034e3fd6b1c52e2b.js:1
uf @ 034e3fd6b1c52e2b.js:1
uc @ 034e3fd6b1c52e2b.js:1
uf @ 034e3fd6b1c52e2b.js:1
uc @ 034e3fd6b1c52e2b.js:1
uf @ 034e3fd6b1c52e2b.js:1
uc @ 034e3fd6b1c52e2b.js:1
uf @ 034e3fd6b1c52e2b.js:1
uc @ 034e3fd6b1c52e2b.js:1
uf @ 034e3fd6b1c52e2b.js:1
uc @ 034e3fd6b1c52e2b.js:1
uf @ 034e3fd6b1c52e2b.js:1
uc @ 034e3fd6b1c52e2b.js:1
uf @ 034e3fd6b1c52e2b.js:1
uc @ 034e3fd6b1c52e2b.js:1
uf @ 034e3fd6b1c52e2b.js:1
uc @ 034e3fd6b1c52e2b.js:1
uf @ 034e3fd6b1c52e2b.js:1
uc @ 034e3fd6b1c52e2b.js:1
uf @ 034e3fd6b1c52e2b.js:1
uc @ 034e3fd6b1c52e2b.js:1
uf @ 034e3fd6b1c52e2b.js:1
uc @ 034e3fd6b1c52e2b.js:1
uf @ 034e3fd6b1c52e2b.js:1
uc @ 034e3fd6b1c52e2b.js:1
uf @ 034e3fd6b1c52e2b.js:1
uc @ 034e3fd6b1c52e2b.js:1
uf @ 034e3fd6b1c52e2b.js:1
uc @ 034e3fd6b1c52e2b.js:1
uf @ 034e3fd6b1c52e2b.js:1
uc @ 034e3fd6b1c52e2b.js:1
uf @ 034e3fd6b1c52e2b.js:1
uc @ 034e3fd6b1c52e2b.js:1
uf @ 034e3fd6b1c52e2b.js:1
uc @ 034e3fd6b1c52e2b.js:1
uf @ 034e3fd6b1c52e2b.js:1
uc @ 034e3fd6b1c52e2b.js:1
uf @ 034e3fd6b1c52e2b.js:1
uc @ 034e3fd6b1c52e2b.js:1
uf @ 034e3fd6b1c52e2b.js:1
uc @ 034e3fd6b1c52e2b.js:1
uf @ 034e3fd6b1c52e2b.js:1
uc @ 034e3fd6b1c52e2b.js:1
uf @ 034e3fd6b1c52e2b.js:1
uc @ 034e3fd6b1c52e2b.js:1
uf @ 034e3fd6b1c52e2b.js:1
uc @ 034e3fd6b1c52e2b.js:1
uf @ 034e3fd6b1c52e2b.js:1
uc @ 034e3fd6b1c52e2b.js:1
uf @ 034e3fd6b1c52e2b.js:1
uc @ 034e3fd6b1c52e2b.js:1
uf @ 034e3fd6b1c52e2b.js:1
uc @ 034e3fd6b1c52e2b.js:1
uf @ 034e3fd6b1c52e2b.js:1
uc @ 034e3fd6b1c52e2b.js:1
uf @ 034e3fd6b1c52e2b.js:1
uc @ 034e3fd6b1c52e2b.js:1
uf @ 034e3fd6b1c52e2b.js:1
uc @ 034e3fd6b1c52e2b.js:1
uf @ 034e3fd6b1c52e2b.js:1
uc @ 034e3fd6b1c52e2b.js:1
uf @ 034e3fd6b1c52e2b.js:1
uc @ 034e3fd6b1c52e2b.js:1
uf @ 034e3fd6b1c52e2b.js:1
uc @ 034e3fd6b1c52e2b.js:1
uf @ 034e3fd6b1c52e2b.js:1
uc @ 034e3fd6b1c52e2b.js:1
uf @ 034e3fd6b1c52e2b.js:1
uc @ 034e3fd6b1c52e2b.js:1
uf @ 034e3fd6b1c52e2b.js:1
uc @ 034e3fd6b1c52e2b.js:1
uf @ 034e3fd6b1c52e2b.js:1
sE @ 034e3fd6b1c52e2b.js:1
(anonymous) @ 034e3fd6b1c52e2b.js:1
O @ 034e3fd6b1c52e2b.js:1
edfa344475cea699.js:1 [API REQUEST] Fetching: https://postgresql-production-ba08.up.railway.app/api/assets/SPY/historical-data
edfa344475cea699.js:1 Fetch failed for https://postgresql-production-ba08.up.railway.app/api/assets/SPY/historical-data: TypeError: Failed to fetch
    at s (edfa344475cea699.js:1:12417)
s @ edfa344475cea699.js:1
await in s
i @ edfa344475cea699.js:1
a @ b7e14a820a68e5c2.js:1
v @ b7e14a820a68e5c2.js:1
(anonymous) @ b7e14a820a68e5c2.js:1
Promise.then
(anonymous) @ b7e14a820a68e5c2.js:1
Promise.catch
v @ b7e14a820a68e5c2.js:1
(anonymous) @ b7e14a820a68e5c2.js:1
Promise.then
(anonymous) @ b7e14a820a68e5c2.js:1
Promise.catch
v @ b7e14a820a68e5c2.js:1
start @ b7e14a820a68e5c2.js:1
fetch @ b7e14a820a68e5c2.js:1
#m @ edfa344475cea699.js:1
onSubscribe @ edfa344475cea699.js:1
subscribe @ b7e14a820a68e5c2.js:1
(anonymous) @ edfa344475cea699.js:1
aF @ 034e3fd6b1c52e2b.js:1
ih @ 034e3fd6b1c52e2b.js:1
uf @ 034e3fd6b1c52e2b.js:1
uc @ 034e3fd6b1c52e2b.js:1
uf @ 034e3fd6b1c52e2b.js:1
uc @ 034e3fd6b1c52e2b.js:1
uf @ 034e3fd6b1c52e2b.js:1
uc @ 034e3fd6b1c52e2b.js:1
uf @ 034e3fd6b1c52e2b.js:1
uc @ 034e3fd6b1c52e2b.js:1
uf @ 034e3fd6b1c52e2b.js:1
uc @ 034e3fd6b1c52e2b.js:1
uf @ 034e3fd6b1c52e2b.js:1
uc @ 034e3fd6b1c52e2b.js:1
uf @ 034e3fd6b1c52e2b.js:1
uc @ 034e3fd6b1c52e2b.js:1
uf @ 034e3fd6b1c52e2b.js:1
uc @ 034e3fd6b1c52e2b.js:1
uf @ 034e3fd6b1c52e2b.js:1
uc @ 034e3fd6b1c52e2b.js:1
uf @ 034e3fd6b1c52e2b.js:1
uc @ 034e3fd6b1c52e2b.js:1
uf @ 034e3fd6b1c52e2b.js:1
uc @ 034e3fd6b1c52e2b.js:1
uf @ 034e3fd6b1c52e2b.js:1
uc @ 034e3fd6b1c52e2b.js:1
uf @ 034e3fd6b1c52e2b.js:1
uc @ 034e3fd6b1c52e2b.js:1
uf @ 034e3fd6b1c52e2b.js:1
uc @ 034e3fd6b1c52e2b.js:1
uf @ 034e3fd6b1c52e2b.js:1
uc @ 034e3fd6b1c52e2b.js:1
uf @ 034e3fd6b1c52e2b.js:1
uc @ 034e3fd6b1c52e2b.js:1
uf @ 034e3fd6b1c52e2b.js:1
uc @ 034e3fd6b1c52e2b.js:1
uf @ 034e3fd6b1c52e2b.js:1
uc @ 034e3fd6b1c52e2b.js:1
uf @ 034e3fd6b1c52e2b.js:1
uc @ 034e3fd6b1c52e2b.js:1
uf @ 034e3fd6b1c52e2b.js:1
uc @ 034e3fd6b1c52e2b.js:1
uf @ 034e3fd6b1c52e2b.js:1
uc @ 034e3fd6b1c52e2b.js:1
uf @ 034e3fd6b1c52e2b.js:1
uc @ 034e3fd6b1c52e2b.js:1
uf @ 034e3fd6b1c52e2b.js:1
uc @ 034e3fd6b1c52e2b.js:1
uf @ 034e3fd6b1c52e2b.js:1
uc @ 034e3fd6b1c52e2b.js:1
uf @ 034e3fd6b1c52e2b.js:1
uc @ 034e3fd6b1c52e2b.js:1
uf @ 034e3fd6b1c52e2b.js:1
uc @ 034e3fd6b1c52e2b.js:1
uf @ 034e3fd6b1c52e2b.js:1
uc @ 034e3fd6b1c52e2b.js:1
uf @ 034e3fd6b1c52e2b.js:1
uc @ 034e3fd6b1c52e2b.js:1
uf @ 034e3fd6b1c52e2b.js:1
uc @ 034e3fd6b1c52e2b.js:1
uf @ 034e3fd6b1c52e2b.js:1
uc @ 034e3fd6b1c52e2b.js:1
uf @ 034e3fd6b1c52e2b.js:1
uc @ 034e3fd6b1c52e2b.js:1
uf @ 034e3fd6b1c52e2b.js:1
uc @ 034e3fd6b1c52e2b.js:1
uf @ 034e3fd6b1c52e2b.js:1
uc @ 034e3fd6b1c52e2b.js:1
uf @ 034e3fd6b1c52e2b.js:1
uc @ 034e3fd6b1c52e2b.js:1
uf @ 034e3fd6b1c52e2b.js:1
uc @ 034e3fd6b1c52e2b.js:1
uf @ 034e3fd6b1c52e2b.js:1
uc @ 034e3fd6b1c52e2b.js:1
uf @ 034e3fd6b1c52e2b.js:1
uc @ 034e3fd6b1c52e2b.js:1
uf @ 034e3fd6b1c52e2b.js:1
uc @ 034e3fd6b1c52e2b.js:1
uf @ 034e3fd6b1c52e2b.js:1
uc @ 034e3fd6b1c52e2b.js:1
uf @ 034e3fd6b1c52e2b.js:1
uc @ 034e3fd6b1c52e2b.js:1
uf @ 034e3fd6b1c52e2b.js:1
uc @ 034e3fd6b1c52e2b.js:1
uf @ 034e3fd6b1c52e2b.js:1
uc @ 034e3fd6b1c52e2b.js:1
uf @ 034e3fd6b1c52e2b.js:1
uc @ 034e3fd6b1c52e2b.js:1
uf @ 034e3fd6b1c52e2b.js:1
uc @ 034e3fd6b1c52e2b.js:1
uf @ 034e3fd6b1c52e2b.js:1
uc @ 034e3fd6b1c52e2b.js:1
uf @ 034e3fd6b1c52e2b.js:1
uc @ 034e3fd6b1c52e2b.js:1
uf @ 034e3fd6b1c52e2b.js:1
uc @ 034e3fd6b1c52e2b.js:1
uf @ 034e3fd6b1c52e2b.js:1
uc @ 034e3fd6b1c52e2b.js:1
uf @ 034e3fd6b1c52e2b.js:1
uc @ 034e3fd6b1c52e2b.js:1
uf @ 034e3fd6b1c52e2b.js:1
uc @ 034e3fd6b1c52e2b.js:1
uf @ 034e3fd6b1c52e2b.js:1
sE @ 034e3fd6b1c52e2b.js:1
(anonymous) @ 034e3fd6b1c52e2b.js:1
O @ 034e3fd6b1c52e2b.js:1
edfa344475cea699.js:1 [API REQUEST] Fetching: https://postgresql-production-ba08.up.railway.app/api/assets/SPY/historical-data
edfa344475cea699.js:1 Fetch failed for https://postgresql-production-ba08.up.railway.app/api/assets/SPY/historical-data: TypeError: Failed to fetch
    at s (edfa344475cea699.js:1:12417)
s @ edfa344475cea699.js:1
await in s
i @ edfa344475cea699.js:1
a @ b7e14a820a68e5c2.js:1
v @ b7e14a820a68e5c2.js:1
(anonymous) @ b7e14a820a68e5c2.js:1
Promise.then
(anonymous) @ b7e14a820a68e5c2.js:1
Promise.catch
v @ b7e14a820a68e5c2.js:1
(anonymous) @ b7e14a820a68e5c2.js:1
Promise.then
(anonymous) @ b7e14a820a68e5c2.js:1
Promise.catch
v @ b7e14a820a68e5c2.js:1
(anonymous) @ b7e14a820a68e5c2.js:1
Promise.then
(anonymous) @ b7e14a820a68e5c2.js:1
Promise.catch
v @ b7e14a820a68e5c2.js:1
start @ b7e14a820a68e5c2.js:1
fetch @ b7e14a820a68e5c2.js:1
#m @ edfa344475cea699.js:1
onSubscribe @ edfa344475cea699.js:1
subscribe @ b7e14a820a68e5c2.js:1
(anonymous) @ edfa344475cea699.js:1
aF @ 034e3fd6b1c52e2b.js:1
ih @ 034e3fd6b1c52e2b.js:1
uf @ 034e3fd6b1c52e2b.js:1
uc @ 034e3fd6b1c52e2b.js:1
uf @ 034e3fd6b1c52e2b.js:1
uc @ 034e3fd6b1c52e2b.js:1
uf @ 034e3fd6b1c52e2b.js:1
uc @ 034e3fd6b1c52e2b.js:1
uf @ 034e3fd6b1c52e2b.js:1
uc @ 034e3fd6b1c52e2b.js:1
uf @ 034e3fd6b1c52e2b.js:1
uc @ 034e3fd6b1c52e2b.js:1
uf @ 034e3fd6b1c52e2b.js:1
uc @ 034e3fd6b1c52e2b.js:1
uf @ 034e3fd6b1c52e2b.js:1
uc @ 034e3fd6b1c52e2b.js:1
uf @ 034e3fd6b1c52e2b.js:1
uc @ 034e3fd6b1c52e2b.js:1
uf @ 034e3fd6b1c52e2b.js:1
uc @ 034e3fd6b1c52e2b.js:1
uf @ 034e3fd6b1c52e2b.js:1
uc @ 034e3fd6b1c52e2b.js:1
uf @ 034e3fd6b1c52e2b.js:1
uc @ 034e3fd6b1c52e2b.js:1
uf @ 034e3fd6b1c52e2b.js:1
uc @ 034e3fd6b1c52e2b.js:1
uf @ 034e3fd6b1c52e2b.js:1
uc @ 034e3fd6b1c52e2b.js:1
uf @ 034e3fd6b1c52e2b.js:1
uc @ 034e3fd6b1c52e2b.js:1
uf @ 034e3fd6b1c52e2b.js:1
uc @ 034e3fd6b1c52e2b.js:1
uf @ 034e3fd6b1c52e2b.js:1
uc @ 034e3fd6b1c52e2b.js:1
uf @ 034e3fd6b1c52e2b.js:1
uc @ 034e3fd6b1c52e2b.js:1
uf @ 034e3fd6b1c52e2b.js:1
uc @ 034e3fd6b1c52e2b.js:1
uf @ 034e3fd6b1c52e2b.js:1
uc @ 034e3fd6b1c52e2b.js:1
uf @ 034e3fd6b1c52e2b.js:1
uc @ 034e3fd6b1c52e2b.js:1
uf @ 034e3fd6b1c52e2b.js:1
uc @ 034e3fd6b1c52e2b.js:1
uf @ 034e3fd6b1c52e2b.js:1
uc @ 034e3fd6b1c52e2b.js:1
uf @ 034e3fd6b1c52e2b.js:1
uc @ 034e3fd6b1c52e2b.js:1
uf @ 034e3fd6b1c52e2b.js:1
uc @ 034e3fd6b1c52e2b.js:1
uf @ 034e3fd6b1c52e2b.js:1
uc @ 034e3fd6b1c52e2b.js:1
uf @ 034e3fd6b1c52e2b.js:1
uc @ 034e3fd6b1c52e2b.js:1
uf @ 034e3fd6b1c52e2b.js:1
uc @ 034e3fd6b1c52e2b.js:1
uf @ 034e3fd6b1c52e2b.js:1
uc @ 034e3fd6b1c52e2b.js:1
uf @ 034e3fd6b1c52e2b.js:1
uc @ 034e3fd6b1c52e2b.js:1
uf @ 034e3fd6b1c52e2b.js:1
uc @ 034e3fd6b1c52e2b.js:1
uf @ 034e3fd6b1c52e2b.js:1
uc @ 034e3fd6b1c52e2b.js:1
uf @ 034e3fd6b1c52e2b.js:1
uc @ 034e3fd6b1c52e2b.js:1
uf @ 034e3fd6b1c52e2b.js:1
uc @ 034e3fd6b1c52e2b.js:1
uf @ 034e3fd6b1c52e2b.js:1
uc @ 034e3fd6b1c52e2b.js:1
uf @ 034e3fd6b1c52e2b.js:1
uc @ 034e3fd6b1c52e2b.js:1
uf @ 034e3fd6b1c52e2b.js:1
uc @ 034e3fd6b1c52e2b.js:1
uf @ 034e3fd6b1c52e2b.js:1
uc @ 034e3fd6b1c52e2b.js:1
uf @ 034e3fd6b1c52e2b.js:1
uc @ 034e3fd6b1c52e2b.js:1
uf @ 034e3fd6b1c52e2b.js:1
uc @ 034e3fd6b1c52e2b.js:1
uf @ 034e3fd6b1c52e2b.js:1
uc @ 034e3fd6b1c52e2b.js:1
uf @ 034e3fd6b1c52e2b.js:1
uc @ 034e3fd6b1c52e2b.js:1
uf @ 034e3fd6b1c52e2b.js:1
uc @ 034e3fd6b1c52e2b.js:1
uf @ 034e3fd6b1c52e2b.js:1
uc @ 034e3fd6b1c52e2b.js:1
uf @ 034e3fd6b1c52e2b.js:1
uc @ 034e3fd6b1c52e2b.js:1
uf @ 034e3fd6b1c52e2b.js:1
uc @ 034e3fd6b1c52e2b.js:1
uf @ 034e3fd6b1c52e2b.js:1
uc @ 034e3fd6b1c52e2b.js:1
uf @ 034e3fd6b1c52e2b.js:1
uc @ 034e3fd6b1c52e2b.js:1
uf @ 034e3fd6b1c52e2b.js:1
uc @ 034e3fd6b1c52e2b.js:1
uf @ 034e3fd6b1c52e2b.js:1
uc @ 034e3fd6b1c52e2b.js:1
uf @ 034e3fd6b1c52e2b.js:1
uc @ 034e3fd6b1c52e2b.js:1
uf @ 034e3fd6b1c52e2b.js:1
sE @ 034e3fd6b1c52e2b.js:1
(anonymous) @ 034e3fd6b1c52e2b.js:1
O @ 034e3fd6b1c52e2b.js:1
